ARM GAS  /tmp/cchVKdCz.s 			page 1


   1              		.cpu cortex-m4
   2              		.arch armv7e-m
   3              		.fpu softvfp
   4              		.eabi_attribute 20, 1
   5              		.eabi_attribute 21, 1
   6              		.eabi_attribute 23, 3
   7              		.eabi_attribute 24, 1
   8              		.eabi_attribute 25, 1
   9              		.eabi_attribute 26, 1
  10              		.eabi_attribute 30, 2
  11              		.eabi_attribute 34, 1
  12              		.eabi_attribute 18, 4
  13              		.file	"crt1.c"
  14              		.file 1 "/home/rob/Data/no_sync/ChibiOS/ChibiStudio/tools/GNU Tools ARM Embedded/11.3.1 2022q3/arm
  15              		.file 2 "/home/rob/Data/no_sync/ChibiOS/ChibiStudio/tools/GNU Tools ARM Embedded/11.3.1 2022q3/arm
  16              		.file 3 "../../chibios_trunk/os/common/startup/ARMCMx/compilers/GCC/crt1.c"
  17              		.section	.gnu.debuglto_.debug_info,"e",%progbits
  18              	.Ldebug_info0:
  19              		.hidden	crt1.c.91af81a9
  20              		.weak	crt1.c.91af81a9
  21              	crt1.c.91af81a9:
  22 0000 92020000 		.4byte	0x292
  23 0004 0500     		.2byte	0x5
  24 0006 01       		.byte	0x1
  25 0007 04       		.byte	0x4
  26 0008 00000000 		.4byte	.Ldebug_abbrev0
  27 000c 09       		.uleb128 0x9
  28 000d 9E030000 		.4byte	.LASF52
  29 0011 1D       		.byte	0x1d
  30 0012 E0000000 		.4byte	.LASF53
  31 0016 14030000 		.4byte	.LASF54
  32 001a 00000000 		.4byte	.Ldebug_line0
  33 001e 02       		.uleb128 0x2
  34 001f 01       		.byte	0x1
  35 0020 06       		.byte	0x6
  36 0021 59040000 		.4byte	.LASF0
  37 0025 02       		.uleb128 0x2
  38 0026 01       		.byte	0x1
  39 0027 08       		.byte	0x8
  40 0028 C6010000 		.4byte	.LASF1
  41 002c 02       		.uleb128 0x2
  42 002d 02       		.byte	0x2
  43 002e 05       		.byte	0x5
  44 002f 64030000 		.4byte	.LASF2
  45 0033 02       		.uleb128 0x2
  46 0034 02       		.byte	0x2
  47 0035 07       		.byte	0x7
  48 0036 74000000 		.4byte	.LASF3
  49 003a 02       		.uleb128 0x2
  50 003b 04       		.byte	0x4
  51 003c 05       		.byte	0x5
  52 003d 95030000 		.4byte	.LASF4
  53 0041 04       		.uleb128 0x4
  54 0042 F6010000 		.4byte	.LASF9
  55 0046 01       		.byte	0x1
  56 0047 4F       		.byte	0x4f
  57 0048 19       		.byte	0x19
ARM GAS  /tmp/cchVKdCz.s 			page 2


  58 0049 4D000000 		.4byte	0x4d
  59 004d 02       		.uleb128 0x2
  60 004e 04       		.byte	0x4
  61 004f 07       		.byte	0x7
  62 0050 5B010000 		.4byte	.LASF5
  63 0054 02       		.uleb128 0x2
  64 0055 08       		.byte	0x8
  65 0056 05       		.byte	0x5
  66 0057 C1020000 		.4byte	.LASF6
  67 005b 02       		.uleb128 0x2
  68 005c 08       		.byte	0x8
  69 005d 07       		.byte	0x7
  70 005e 6D020000 		.4byte	.LASF7
  71 0062 0A       		.uleb128 0xa
  72 0063 04       		.byte	0x4
  73 0064 05       		.byte	0x5
  74 0065 696E7400 		.ascii	"int\000"
  75 0069 02       		.uleb128 0x2
  76 006a 04       		.byte	0x4
  77 006b 07       		.byte	0x7
  78 006c 60020000 		.4byte	.LASF8
  79 0070 04       		.uleb128 0x4
  80 0071 8C030000 		.4byte	.LASF10
  81 0075 02       		.byte	0x2
  82 0076 30       		.byte	0x30
  83 0077 14       		.byte	0x14
  84 0078 41000000 		.4byte	0x41
  85 007c 0B       		.uleb128 0xb
  86 007d 10       		.byte	0x10
  87 007e 03       		.byte	0x3
  88 007f 39       		.byte	0x39
  89 0080 09       		.byte	0x9
  90 0081 B2000000 		.4byte	0xb2
  91 0085 03       		.uleb128 0x3
  92 0086 6E030000 		.4byte	.LASF11
  93 008a 3A       		.byte	0x3a
  94 008b B2000000 		.4byte	0xb2
  95 008f 00       		.byte	0
  96 0090 03       		.uleb128 0x3
  97 0091 4D000000 		.4byte	.LASF12
  98 0095 3B       		.byte	0x3b
  99 0096 B2000000 		.4byte	0xb2
 100 009a 04       		.byte	0x4
 101 009b 03       		.uleb128 0x3
 102 009c 35010000 		.4byte	.LASF13
 103 00a0 3C       		.byte	0x3c
 104 00a1 B2000000 		.4byte	0xb2
 105 00a5 08       		.byte	0x8
 106 00a6 03       		.uleb128 0x3
 107 00a7 A4020000 		.4byte	.LASF14
 108 00ab 3D       		.byte	0x3d
 109 00ac B2000000 		.4byte	0xb2
 110 00b0 0C       		.byte	0xc
 111 00b1 00       		.byte	0
 112 00b2 07       		.uleb128 0x7
 113 00b3 70000000 		.4byte	0x70
 114 00b7 04       		.uleb128 0x4
ARM GAS  /tmp/cchVKdCz.s 			page 3


 115 00b8 01020000 		.4byte	.LASF15
 116 00bc 03       		.byte	0x3
 117 00bd 3E       		.byte	0x3e
 118 00be 03       		.byte	0x3
 119 00bf 7C000000 		.4byte	0x7c
 120 00c3 08       		.uleb128 0x8
 121 00c4 B7000000 		.4byte	0xb7
 122 00c8 01       		.uleb128 0x1
 123 00c9 61000000 		.4byte	.LASF16
 124 00cd 45       		.byte	0x45
 125 00ce 11       		.byte	0x11
 126 00cf 70000000 		.4byte	0x70
 127 00d3 01       		.uleb128 0x1
 128 00d4 6D010000 		.4byte	.LASF17
 129 00d8 45       		.byte	0x45
 130 00d9 25       		.byte	0x25
 131 00da 70000000 		.4byte	0x70
 132 00de 01       		.uleb128 0x1
 133 00df 7D030000 		.4byte	.LASF18
 134 00e3 45       		.byte	0x45
 135 00e4 34       		.byte	0x34
 136 00e5 70000000 		.4byte	0x70
 137 00e9 01       		.uleb128 0x1
 138 00ea 2D000000 		.4byte	.LASF19
 139 00ee 45       		.byte	0x45
 140 00ef 44       		.byte	0x44
 141 00f0 70000000 		.4byte	0x70
 142 00f4 01       		.uleb128 0x1
 143 00f5 DF020000 		.4byte	.LASF20
 144 00f9 48       		.byte	0x48
 145 00fa 11       		.byte	0x11
 146 00fb 70000000 		.4byte	0x70
 147 00ff 01       		.uleb128 0x1
 148 0100 92000000 		.4byte	.LASF21
 149 0104 48       		.byte	0x48
 150 0105 25       		.byte	0x25
 151 0106 70000000 		.4byte	0x70
 152 010a 01       		.uleb128 0x1
 153 010b 89010000 		.4byte	.LASF22
 154 010f 48       		.byte	0x48
 155 0110 34       		.byte	0x34
 156 0111 70000000 		.4byte	0x70
 157 0115 01       		.uleb128 0x1
 158 0116 A8010000 		.4byte	.LASF23
 159 011a 48       		.byte	0x48
 160 011b 44       		.byte	0x44
 161 011c 70000000 		.4byte	0x70
 162 0120 01       		.uleb128 0x1
 163 0121 E3010000 		.4byte	.LASF24
 164 0125 4B       		.byte	0x4b
 165 0126 11       		.byte	0x11
 166 0127 70000000 		.4byte	0x70
 167 012b 01       		.uleb128 0x1
 168 012c 11000000 		.4byte	.LASF25
 169 0130 4B       		.byte	0x4b
 170 0131 25       		.byte	0x25
 171 0132 70000000 		.4byte	0x70
ARM GAS  /tmp/cchVKdCz.s 			page 4


 172 0136 01       		.uleb128 0x1
 173 0137 F2020000 		.4byte	.LASF26
 174 013b 4B       		.byte	0x4b
 175 013c 34       		.byte	0x34
 176 013d 70000000 		.4byte	0x70
 177 0141 01       		.uleb128 0x1
 178 0142 CF020000 		.4byte	.LASF27
 179 0146 4B       		.byte	0x4b
 180 0147 44       		.byte	0x44
 181 0148 70000000 		.4byte	0x70
 182 014c 01       		.uleb128 0x1
 183 014d 22010000 		.4byte	.LASF28
 184 0151 4E       		.byte	0x4e
 185 0152 11       		.byte	0x11
 186 0153 70000000 		.4byte	0x70
 187 0157 01       		.uleb128 0x1
 188 0158 B8010000 		.4byte	.LASF29
 189 015c 4E       		.byte	0x4e
 190 015d 25       		.byte	0x25
 191 015e 70000000 		.4byte	0x70
 192 0162 01       		.uleb128 0x1
 193 0163 C1000000 		.4byte	.LASF30
 194 0167 4E       		.byte	0x4e
 195 0168 34       		.byte	0x34
 196 0169 70000000 		.4byte	0x70
 197 016d 01       		.uleb128 0x1
 198 016e B1020000 		.4byte	.LASF31
 199 0172 4E       		.byte	0x4e
 200 0173 44       		.byte	0x44
 201 0174 70000000 		.4byte	0x70
 202 0178 01       		.uleb128 0x1
 203 0179 01030000 		.4byte	.LASF32
 204 017d 51       		.byte	0x51
 205 017e 11       		.byte	0x11
 206 017f 70000000 		.4byte	0x70
 207 0183 01       		.uleb128 0x1
 208 0184 33020000 		.4byte	.LASF33
 209 0188 51       		.byte	0x51
 210 0189 25       		.byte	0x25
 211 018a 70000000 		.4byte	0x70
 212 018e 01       		.uleb128 0x1
 213 018f 41020000 		.4byte	.LASF34
 214 0193 51       		.byte	0x51
 215 0194 34       		.byte	0x34
 216 0195 70000000 		.4byte	0x70
 217 0199 01       		.uleb128 0x1
 218 019a 50020000 		.4byte	.LASF35
 219 019e 51       		.byte	0x51
 220 019f 44       		.byte	0x44
 221 01a0 70000000 		.4byte	0x70
 222 01a4 01       		.uleb128 0x1
 223 01a5 11020000 		.4byte	.LASF36
 224 01a9 54       		.byte	0x54
 225 01aa 11       		.byte	0x11
 226 01ab 70000000 		.4byte	0x70
 227 01af 01       		.uleb128 0x1
 228 01b0 7B010000 		.4byte	.LASF37
ARM GAS  /tmp/cchVKdCz.s 			page 5


 229 01b4 54       		.byte	0x54
 230 01b5 25       		.byte	0x25
 231 01b6 70000000 		.4byte	0x70
 232 01ba 01       		.uleb128 0x1
 233 01bb 65040000 		.4byte	.LASF38
 234 01bf 54       		.byte	0x54
 235 01c0 34       		.byte	0x34
 236 01c1 70000000 		.4byte	0x70
 237 01c5 01       		.uleb128 0x1
 238 01c6 98010000 		.4byte	.LASF39
 239 01ca 54       		.byte	0x54
 240 01cb 44       		.byte	0x44
 241 01cc 70000000 		.4byte	0x70
 242 01d0 01       		.uleb128 0x1
 243 01d1 AE000000 		.4byte	.LASF40
 244 01d5 57       		.byte	0x57
 245 01d6 11       		.byte	0x11
 246 01d7 70000000 		.4byte	0x70
 247 01db 01       		.uleb128 0x1
 248 01dc A0000000 		.4byte	.LASF41
 249 01e0 57       		.byte	0x57
 250 01e1 25       		.byte	0x25
 251 01e2 70000000 		.4byte	0x70
 252 01e6 01       		.uleb128 0x1
 253 01e7 4C010000 		.4byte	.LASF42
 254 01eb 57       		.byte	0x57
 255 01ec 34       		.byte	0x34
 256 01ed 70000000 		.4byte	0x70
 257 01f1 01       		.uleb128 0x1
 258 01f2 D0000000 		.4byte	.LASF43
 259 01f6 57       		.byte	0x57
 260 01f7 44       		.byte	0x44
 261 01f8 70000000 		.4byte	0x70
 262 01fc 01       		.uleb128 0x1
 263 01fd 84020000 		.4byte	.LASF44
 264 0201 5A       		.byte	0x5a
 265 0202 11       		.byte	0x11
 266 0203 70000000 		.4byte	0x70
 267 0207 01       		.uleb128 0x1
 268 0208 1F000000 		.4byte	.LASF45
 269 020c 5A       		.byte	0x5a
 270 020d 25       		.byte	0x25
 271 020e 70000000 		.4byte	0x70
 272 0212 01       		.uleb128 0x1
 273 0213 24020000 		.4byte	.LASF46
 274 0217 5A       		.byte	0x5a
 275 0218 34       		.byte	0x34
 276 0219 70000000 		.4byte	0x70
 277 021d 01       		.uleb128 0x1
 278 021e 3D000000 		.4byte	.LASF47
 279 0222 5A       		.byte	0x5a
 280 0223 44       		.byte	0x44
 281 0224 70000000 		.4byte	0x70
 282 0228 0C       		.uleb128 0xc
 283 0229 C3000000 		.4byte	0xc3
 284 022d 38020000 		.4byte	0x238
 285 0231 0D       		.uleb128 0xd
ARM GAS  /tmp/cchVKdCz.s 			page 6


 286 0232 69000000 		.4byte	0x69
 287 0236 07       		.byte	0x7
 288 0237 00       		.byte	0
 289 0238 08       		.uleb128 0x8
 290 0239 28020000 		.4byte	0x228
 291 023d 0E       		.uleb128 0xe
 292 023e 57000000 		.4byte	.LASF48
 293 0242 03       		.byte	0x3
 294 0243 61       		.byte	0x61
 295 0244 1E       		.byte	0x1e
 296 0245 38020000 		.4byte	0x238
 297 0249 0F       		.uleb128 0xf
 298 024a 00000000 		.4byte	.LASF55
 299 024e 03       		.byte	0x3
 300 024f EC       		.byte	0xec
 301 0250 06       		.byte	0x6
 302 0251 76020000 		.4byte	0x276
 303 0255 05       		.uleb128 0x5
 304 0256 72617000 		.ascii	"rap\000"
 305 025a EE       		.byte	0xee
 306 025b 1A       		.byte	0x1a
 307 025c 76020000 		.4byte	0x276
 308 0260 10       		.uleb128 0x10
 309 0261 05       		.uleb128 0x5
 310 0262 747000   		.ascii	"tp\000"
 311 0265 F1       		.byte	0xf1
 312 0266 0F       		.byte	0xf
 313 0267 B2000000 		.4byte	0xb2
 314 026b 05       		.uleb128 0x5
 315 026c 7000     		.ascii	"p\000"
 316 026e F2       		.byte	0xf2
 317 026f 0F       		.byte	0xf
 318 0270 B2000000 		.4byte	0xb2
 319 0274 00       		.byte	0
 320 0275 00       		.byte	0
 321 0276 07       		.uleb128 0x7
 322 0277 C3000000 		.4byte	0xc3
 323 027b 11       		.uleb128 0x11
 324 027c D4010000 		.4byte	.LASF56
 325 0280 03       		.byte	0x3
 326 0281 BB       		.byte	0xbb
 327 0282 06       		.byte	0x6
 328 0283 06       		.uleb128 0x6
 329 0284 40010000 		.4byte	.LASF49
 330 0288 AE       		.byte	0xae
 331 0289 06       		.uleb128 0x6
 332 028a 97020000 		.4byte	.LASF50
 333 028e A0       		.byte	0xa0
 334 028f 06       		.uleb128 0x6
 335 0290 87000000 		.4byte	.LASF51
 336 0294 8D       		.byte	0x8d
 337 0295 00       		.byte	0
 338              		.section	.gnu.debuglto_.debug_abbrev,"e",%progbits
 339              	.Ldebug_abbrev0:
 340 0000 01       		.uleb128 0x1
 341 0001 34       		.uleb128 0x34
 342 0002 00       		.byte	0
ARM GAS  /tmp/cchVKdCz.s 			page 7


 343 0003 03       		.uleb128 0x3
 344 0004 0E       		.uleb128 0xe
 345 0005 3A       		.uleb128 0x3a
 346 0006 21       		.uleb128 0x21
 347 0007 03       		.sleb128 3
 348 0008 3B       		.uleb128 0x3b
 349 0009 0B       		.uleb128 0xb
 350 000a 39       		.uleb128 0x39
 351 000b 0B       		.uleb128 0xb
 352 000c 49       		.uleb128 0x49
 353 000d 13       		.uleb128 0x13
 354 000e 3F       		.uleb128 0x3f
 355 000f 19       		.uleb128 0x19
 356 0010 3C       		.uleb128 0x3c
 357 0011 19       		.uleb128 0x19
 358 0012 00       		.byte	0
 359 0013 00       		.byte	0
 360 0014 02       		.uleb128 0x2
 361 0015 24       		.uleb128 0x24
 362 0016 00       		.byte	0
 363 0017 0B       		.uleb128 0xb
 364 0018 0B       		.uleb128 0xb
 365 0019 3E       		.uleb128 0x3e
 366 001a 0B       		.uleb128 0xb
 367 001b 03       		.uleb128 0x3
 368 001c 0E       		.uleb128 0xe
 369 001d 00       		.byte	0
 370 001e 00       		.byte	0
 371 001f 03       		.uleb128 0x3
 372 0020 0D       		.uleb128 0xd
 373 0021 00       		.byte	0
 374 0022 03       		.uleb128 0x3
 375 0023 0E       		.uleb128 0xe
 376 0024 3A       		.uleb128 0x3a
 377 0025 21       		.uleb128 0x21
 378 0026 03       		.sleb128 3
 379 0027 3B       		.uleb128 0x3b
 380 0028 0B       		.uleb128 0xb
 381 0029 39       		.uleb128 0x39
 382 002a 21       		.uleb128 0x21
 383 002b 1A       		.sleb128 26
 384 002c 49       		.uleb128 0x49
 385 002d 13       		.uleb128 0x13
 386 002e 38       		.uleb128 0x38
 387 002f 0B       		.uleb128 0xb
 388 0030 00       		.byte	0
 389 0031 00       		.byte	0
 390 0032 04       		.uleb128 0x4
 391 0033 16       		.uleb128 0x16
 392 0034 00       		.byte	0
 393 0035 03       		.uleb128 0x3
 394 0036 0E       		.uleb128 0xe
 395 0037 3A       		.uleb128 0x3a
 396 0038 0B       		.uleb128 0xb
 397 0039 3B       		.uleb128 0x3b
 398 003a 0B       		.uleb128 0xb
 399 003b 39       		.uleb128 0x39
ARM GAS  /tmp/cchVKdCz.s 			page 8


 400 003c 0B       		.uleb128 0xb
 401 003d 49       		.uleb128 0x49
 402 003e 13       		.uleb128 0x13
 403 003f 00       		.byte	0
 404 0040 00       		.byte	0
 405 0041 05       		.uleb128 0x5
 406 0042 34       		.uleb128 0x34
 407 0043 00       		.byte	0
 408 0044 03       		.uleb128 0x3
 409 0045 08       		.uleb128 0x8
 410 0046 3A       		.uleb128 0x3a
 411 0047 21       		.uleb128 0x21
 412 0048 03       		.sleb128 3
 413 0049 3B       		.uleb128 0x3b
 414 004a 0B       		.uleb128 0xb
 415 004b 39       		.uleb128 0x39
 416 004c 0B       		.uleb128 0xb
 417 004d 49       		.uleb128 0x49
 418 004e 13       		.uleb128 0x13
 419 004f 00       		.byte	0
 420 0050 00       		.byte	0
 421 0051 06       		.uleb128 0x6
 422 0052 2E       		.uleb128 0x2e
 423 0053 00       		.byte	0
 424 0054 3F       		.uleb128 0x3f
 425 0055 19       		.uleb128 0x19
 426 0056 03       		.uleb128 0x3
 427 0057 0E       		.uleb128 0xe
 428 0058 3A       		.uleb128 0x3a
 429 0059 21       		.uleb128 0x21
 430 005a 03       		.sleb128 3
 431 005b 3B       		.uleb128 0x3b
 432 005c 0B       		.uleb128 0xb
 433 005d 39       		.uleb128 0x39
 434 005e 21       		.uleb128 0x21
 435 005f 06       		.sleb128 6
 436 0060 27       		.uleb128 0x27
 437 0061 19       		.uleb128 0x19
 438 0062 00       		.byte	0
 439 0063 00       		.byte	0
 440 0064 07       		.uleb128 0x7
 441 0065 0F       		.uleb128 0xf
 442 0066 00       		.byte	0
 443 0067 0B       		.uleb128 0xb
 444 0068 21       		.uleb128 0x21
 445 0069 04       		.sleb128 4
 446 006a 49       		.uleb128 0x49
 447 006b 13       		.uleb128 0x13
 448 006c 00       		.byte	0
 449 006d 00       		.byte	0
 450 006e 08       		.uleb128 0x8
 451 006f 26       		.uleb128 0x26
 452 0070 00       		.byte	0
 453 0071 49       		.uleb128 0x49
 454 0072 13       		.uleb128 0x13
 455 0073 00       		.byte	0
 456 0074 00       		.byte	0
ARM GAS  /tmp/cchVKdCz.s 			page 9


 457 0075 09       		.uleb128 0x9
 458 0076 11       		.uleb128 0x11
 459 0077 01       		.byte	0x1
 460 0078 25       		.uleb128 0x25
 461 0079 0E       		.uleb128 0xe
 462 007a 13       		.uleb128 0x13
 463 007b 0B       		.uleb128 0xb
 464 007c 03       		.uleb128 0x3
 465 007d 0E       		.uleb128 0xe
 466 007e 1B       		.uleb128 0x1b
 467 007f 0E       		.uleb128 0xe
 468 0080 10       		.uleb128 0x10
 469 0081 17       		.uleb128 0x17
 470 0082 00       		.byte	0
 471 0083 00       		.byte	0
 472 0084 0A       		.uleb128 0xa
 473 0085 24       		.uleb128 0x24
 474 0086 00       		.byte	0
 475 0087 0B       		.uleb128 0xb
 476 0088 0B       		.uleb128 0xb
 477 0089 3E       		.uleb128 0x3e
 478 008a 0B       		.uleb128 0xb
 479 008b 03       		.uleb128 0x3
 480 008c 08       		.uleb128 0x8
 481 008d 00       		.byte	0
 482 008e 00       		.byte	0
 483 008f 0B       		.uleb128 0xb
 484 0090 13       		.uleb128 0x13
 485 0091 01       		.byte	0x1
 486 0092 0B       		.uleb128 0xb
 487 0093 0B       		.uleb128 0xb
 488 0094 3A       		.uleb128 0x3a
 489 0095 0B       		.uleb128 0xb
 490 0096 3B       		.uleb128 0x3b
 491 0097 0B       		.uleb128 0xb
 492 0098 39       		.uleb128 0x39
 493 0099 0B       		.uleb128 0xb
 494 009a 01       		.uleb128 0x1
 495 009b 13       		.uleb128 0x13
 496 009c 00       		.byte	0
 497 009d 00       		.byte	0
 498 009e 0C       		.uleb128 0xc
 499 009f 01       		.uleb128 0x1
 500 00a0 01       		.byte	0x1
 501 00a1 49       		.uleb128 0x49
 502 00a2 13       		.uleb128 0x13
 503 00a3 01       		.uleb128 0x1
 504 00a4 13       		.uleb128 0x13
 505 00a5 00       		.byte	0
 506 00a6 00       		.byte	0
 507 00a7 0D       		.uleb128 0xd
 508 00a8 21       		.uleb128 0x21
 509 00a9 00       		.byte	0
 510 00aa 49       		.uleb128 0x49
 511 00ab 13       		.uleb128 0x13
 512 00ac 2F       		.uleb128 0x2f
 513 00ad 0B       		.uleb128 0xb
ARM GAS  /tmp/cchVKdCz.s 			page 10


 514 00ae 00       		.byte	0
 515 00af 00       		.byte	0
 516 00b0 0E       		.uleb128 0xe
 517 00b1 34       		.uleb128 0x34
 518 00b2 00       		.byte	0
 519 00b3 03       		.uleb128 0x3
 520 00b4 0E       		.uleb128 0xe
 521 00b5 3A       		.uleb128 0x3a
 522 00b6 0B       		.uleb128 0xb
 523 00b7 3B       		.uleb128 0x3b
 524 00b8 0B       		.uleb128 0xb
 525 00b9 39       		.uleb128 0x39
 526 00ba 0B       		.uleb128 0xb
 527 00bb 49       		.uleb128 0x49
 528 00bc 13       		.uleb128 0x13
 529 00bd 00       		.byte	0
 530 00be 00       		.byte	0
 531 00bf 0F       		.uleb128 0xf
 532 00c0 2E       		.uleb128 0x2e
 533 00c1 01       		.byte	0x1
 534 00c2 3F       		.uleb128 0x3f
 535 00c3 19       		.uleb128 0x19
 536 00c4 03       		.uleb128 0x3
 537 00c5 0E       		.uleb128 0xe
 538 00c6 3A       		.uleb128 0x3a
 539 00c7 0B       		.uleb128 0xb
 540 00c8 3B       		.uleb128 0x3b
 541 00c9 0B       		.uleb128 0xb
 542 00ca 39       		.uleb128 0x39
 543 00cb 0B       		.uleb128 0xb
 544 00cc 27       		.uleb128 0x27
 545 00cd 19       		.uleb128 0x19
 546 00ce 01       		.uleb128 0x1
 547 00cf 13       		.uleb128 0x13
 548 00d0 00       		.byte	0
 549 00d1 00       		.byte	0
 550 00d2 10       		.uleb128 0x10
 551 00d3 0B       		.uleb128 0xb
 552 00d4 01       		.byte	0x1
 553 00d5 00       		.byte	0
 554 00d6 00       		.byte	0
 555 00d7 11       		.uleb128 0x11
 556 00d8 2E       		.uleb128 0x2e
 557 00d9 00       		.byte	0
 558 00da 3F       		.uleb128 0x3f
 559 00db 19       		.uleb128 0x19
 560 00dc 03       		.uleb128 0x3
 561 00dd 0E       		.uleb128 0xe
 562 00de 3A       		.uleb128 0x3a
 563 00df 0B       		.uleb128 0xb
 564 00e0 3B       		.uleb128 0x3b
 565 00e1 0B       		.uleb128 0xb
 566 00e2 39       		.uleb128 0x39
 567 00e3 0B       		.uleb128 0xb
 568 00e4 27       		.uleb128 0x27
 569 00e5 19       		.uleb128 0x19
 570 00e6 8701     		.uleb128 0x87
ARM GAS  /tmp/cchVKdCz.s 			page 11


 571 00e8 19       		.uleb128 0x19
 572 00e9 00       		.byte	0
 573 00ea 00       		.byte	0
 574 00eb 00       		.byte	0
 575              		.section	.gnu.debuglto_.debug_line,"e",%progbits
 576              	.Ldebug_line0:
 577 0000 48000000 		.4byte	.LELT0-.LSLT0
 578              	.LSLT0:
 579 0004 0500     		.2byte	0x5
 580 0006 04       		.byte	0x4
 581 0007 00       		.byte	0
 582 0008 40000000 		.4byte	.LELTP0-.LASLTP0
 583              	.LASLTP0:
 584 000c 01       		.byte	0x1
 585 000d 01       		.byte	0x1
 586 000e 01       		.byte	0x1
 587 000f F6       		.byte	0xf6
 588 0010 F2       		.byte	0xf2
 589 0011 0D       		.byte	0xd
 590 0012 00       		.byte	0
 591 0013 01       		.byte	0x1
 592 0014 01       		.byte	0x1
 593 0015 01       		.byte	0x1
 594 0016 01       		.byte	0x1
 595 0017 00       		.byte	0
 596 0018 00       		.byte	0
 597 0019 00       		.byte	0
 598 001a 01       		.byte	0x1
 599 001b 00       		.byte	0
 600 001c 00       		.byte	0
 601 001d 01       		.byte	0x1
 602 001e 01       		.byte	0x1
 603 001f 01       		.uleb128 0x1
 604 0020 1F       		.uleb128 0x1f
 605 0021 04       		.uleb128 0x4
 606 0022 5D000000 		.4byte	.LASF57
 607 0026 28010000 		.4byte	.LASF58
 608 002a B4000000 		.4byte	.LASF59
 609 002e 63010000 		.4byte	.LASF60
 610 0032 02       		.byte	0x2
 611 0033 01       		.uleb128 0x1
 612 0034 1F       		.uleb128 0x1f
 613 0035 02       		.uleb128 0x2
 614 0036 0B       		.uleb128 0xb
 615 0037 04       		.uleb128 0x4
 616 0038 1B000000 		.4byte	.LASF61
 617 003c 00       		.byte	0
 618 003d 0A000000 		.4byte	.LASF62
 619 0041 02       		.byte	0x2
 620 0042 00000000 		.4byte	.LASF63
 621 0046 03       		.byte	0x3
 622 0047 AD000000 		.4byte	.LASF64
 623 004b 01       		.byte	0x1
 624              	.LELTP0:
 625              	.LELT0:
 626              		.section	.gnu.debuglto_.debug_str,"eMS",%progbits,1
 627              	.LASF55:
ARM GAS  /tmp/cchVKdCz.s 			page 12


 628 0000 5F5F696E 		.ascii	"__init_ram_areas\000"
 628      69745F72 
 628      616D5F61 
 628      72656173 
 628      00
 629              	.LASF25:
 630 0011 5F5F7261 		.ascii	"__ram2_init__\000"
 630      6D325F69 
 630      6E69745F 
 630      5F00
 631              	.LASF45:
 632 001f 5F5F7261 		.ascii	"__ram7_init__\000"
 632      6D375F69 
 632      6E69745F 
 632      5F00
 633              	.LASF19:
 634 002d 5F5F7261 		.ascii	"__ram0_noinit__\000"
 634      6D305F6E 
 634      6F696E69 
 634      745F5F00 
 635              	.LASF47:
 636 003d 5F5F7261 		.ascii	"__ram7_noinit__\000"
 636      6D375F6E 
 636      6F696E69 
 636      745F5F00 
 637              	.LASF12:
 638 004d 696E6974 		.ascii	"init_area\000"
 638      5F617265 
 638      6100
 639              	.LASF48:
 640 0057 72616D5F 		.ascii	"ram_areas\000"
 640      61726561 
 640      7300
 641              	.LASF16:
 642 0061 5F5F7261 		.ascii	"__ram0_init_text__\000"
 642      6D305F69 
 642      6E69745F 
 642      74657874 
 642      5F5F00
 643              	.LASF3:
 644 0074 73686F72 		.ascii	"short unsigned int\000"
 644      7420756E 
 644      7369676E 
 644      65642069 
 644      6E7400
 645              	.LASF51:
 646 0087 5F5F6370 		.ascii	"__cpu_init\000"
 646      755F696E 
 646      697400
 647              	.LASF21:
 648 0092 5F5F7261 		.ascii	"__ram1_init__\000"
 648      6D315F69 
 648      6E69745F 
 648      5F00
 649              	.LASF41:
 650 00a0 5F5F7261 		.ascii	"__ram6_init__\000"
 650      6D365F69 
ARM GAS  /tmp/cchVKdCz.s 			page 13


 650      6E69745F 
 650      5F00
 651              	.LASF40:
 652 00ae 5F5F7261 		.ascii	"__ram6_init_text__\000"
 652      6D365F69 
 652      6E69745F 
 652      74657874 
 652      5F5F00
 653              	.LASF30:
 654 00c1 5F5F7261 		.ascii	"__ram3_clear__\000"
 654      6D335F63 
 654      6C656172 
 654      5F5F00
 655              	.LASF43:
 656 00d0 5F5F7261 		.ascii	"__ram6_noinit__\000"
 656      6D365F6E 
 656      6F696E69 
 656      745F5F00 
 657              	.LASF53:
 658 00e0 2E2E2F2E 		.ascii	"../../chibios_trunk/os/common/startup/ARMCMx/compil"
 658      2E2F6368 
 658      6962696F 
 658      735F7472 
 658      756E6B2F 
 659 0113 6572732F 		.ascii	"ers/GCC/crt1.c\000"
 659      4743432F 
 659      63727431 
 659      2E6300
 660              	.LASF28:
 661 0122 5F5F7261 		.ascii	"__ram3_init_text__\000"
 661      6D335F69 
 661      6E69745F 
 661      74657874 
 661      5F5F00
 662              	.LASF13:
 663 0135 636C6561 		.ascii	"clear_area\000"
 663      725F6172 
 663      656100
 664              	.LASF49:
 665 0140 5F5F6C61 		.ascii	"__late_init\000"
 665      74655F69 
 665      6E697400 
 666              	.LASF42:
 667 014c 5F5F7261 		.ascii	"__ram6_clear__\000"
 667      6D365F63 
 667      6C656172 
 667      5F5F00
 668              	.LASF5:
 669 015b 6C6F6E67 		.ascii	"long unsigned int\000"
 669      20756E73 
 669      69676E65 
 669      6420696E 
 669      7400
 670              	.LASF17:
 671 016d 5F5F7261 		.ascii	"__ram0_init__\000"
 671      6D305F69 
 671      6E69745F 
ARM GAS  /tmp/cchVKdCz.s 			page 14


 671      5F00
 672              	.LASF37:
 673 017b 5F5F7261 		.ascii	"__ram5_init__\000"
 673      6D355F69 
 673      6E69745F 
 673      5F00
 674              	.LASF22:
 675 0189 5F5F7261 		.ascii	"__ram1_clear__\000"
 675      6D315F63 
 675      6C656172 
 675      5F5F00
 676              	.LASF39:
 677 0198 5F5F7261 		.ascii	"__ram5_noinit__\000"
 677      6D355F6E 
 677      6F696E69 
 677      745F5F00 
 678              	.LASF23:
 679 01a8 5F5F7261 		.ascii	"__ram1_noinit__\000"
 679      6D315F6E 
 679      6F696E69 
 679      745F5F00 
 680              	.LASF29:
 681 01b8 5F5F7261 		.ascii	"__ram3_init__\000"
 681      6D335F69 
 681      6E69745F 
 681      5F00
 682              	.LASF1:
 683 01c6 756E7369 		.ascii	"unsigned char\000"
 683      676E6564 
 683      20636861 
 683      7200
 684              	.LASF56:
 685 01d4 5F5F6465 		.ascii	"__default_exit\000"
 685      6661756C 
 685      745F6578 
 685      697400
 686              	.LASF24:
 687 01e3 5F5F7261 		.ascii	"__ram2_init_text__\000"
 687      6D325F69 
 687      6E69745F 
 687      74657874 
 687      5F5F00
 688              	.LASF9:
 689 01f6 5F5F7569 		.ascii	"__uint32_t\000"
 689      6E743332 
 689      5F7400
 690              	.LASF15:
 691 0201 72616D5F 		.ascii	"ram_init_area_t\000"
 691      696E6974 
 691      5F617265 
 691      615F7400 
 692              	.LASF36:
 693 0211 5F5F7261 		.ascii	"__ram5_init_text__\000"
 693      6D355F69 
 693      6E69745F 
 693      74657874 
 693      5F5F00
ARM GAS  /tmp/cchVKdCz.s 			page 15


 694              	.LASF46:
 695 0224 5F5F7261 		.ascii	"__ram7_clear__\000"
 695      6D375F63 
 695      6C656172 
 695      5F5F00
 696              	.LASF33:
 697 0233 5F5F7261 		.ascii	"__ram4_init__\000"
 697      6D345F69 
 697      6E69745F 
 697      5F00
 698              	.LASF34:
 699 0241 5F5F7261 		.ascii	"__ram4_clear__\000"
 699      6D345F63 
 699      6C656172 
 699      5F5F00
 700              	.LASF35:
 701 0250 5F5F7261 		.ascii	"__ram4_noinit__\000"
 701      6D345F6E 
 701      6F696E69 
 701      745F5F00 
 702              	.LASF8:
 703 0260 756E7369 		.ascii	"unsigned int\000"
 703      676E6564 
 703      20696E74 
 703      00
 704              	.LASF7:
 705 026d 6C6F6E67 		.ascii	"long long unsigned int\000"
 705      206C6F6E 
 705      6720756E 
 705      7369676E 
 705      65642069 
 706              	.LASF44:
 707 0284 5F5F7261 		.ascii	"__ram7_init_text__\000"
 707      6D375F69 
 707      6E69745F 
 707      74657874 
 707      5F5F00
 708              	.LASF50:
 709 0297 5F5F6561 		.ascii	"__early_init\000"
 709      726C795F 
 709      696E6974 
 709      00
 710              	.LASF14:
 711 02a4 6E6F5F69 		.ascii	"no_init_area\000"
 711      6E69745F 
 711      61726561 
 711      00
 712              	.LASF31:
 713 02b1 5F5F7261 		.ascii	"__ram3_noinit__\000"
 713      6D335F6E 
 713      6F696E69 
 713      745F5F00 
 714              	.LASF6:
 715 02c1 6C6F6E67 		.ascii	"long long int\000"
 715      206C6F6E 
 715      6720696E 
 715      7400
ARM GAS  /tmp/cchVKdCz.s 			page 16


 716              	.LASF27:
 717 02cf 5F5F7261 		.ascii	"__ram2_noinit__\000"
 717      6D325F6E 
 717      6F696E69 
 717      745F5F00 
 718              	.LASF20:
 719 02df 5F5F7261 		.ascii	"__ram1_init_text__\000"
 719      6D315F69 
 719      6E69745F 
 719      74657874 
 719      5F5F00
 720              	.LASF26:
 721 02f2 5F5F7261 		.ascii	"__ram2_clear__\000"
 721      6D325F63 
 721      6C656172 
 721      5F5F00
 722              	.LASF32:
 723 0301 5F5F7261 		.ascii	"__ram4_init_text__\000"
 723      6D345F69 
 723      6E69745F 
 723      74657874 
 723      5F5F00
 724              	.LASF54:
 725 0314 2F686F6D 		.ascii	"/home/rob/Data/no_sync/ChibiOS/ChibiStudio/workspac"
 725      652F726F 
 725      622F4461 
 725      74612F6E 
 725      6F5F7379 
 726 0347 655F7472 		.ascii	"e_trunk/STM32_GPIB_firmware/\000"
 726      756E6B2F 
 726      53544D33 
 726      325F4750 
 726      49425F66 
 727              	.LASF2:
 728 0364 73686F72 		.ascii	"short int\000"
 728      7420696E 
 728      7400
 729              	.LASF11:
 730 036e 696E6974 		.ascii	"init_text_area\000"
 730      5F746578 
 730      745F6172 
 730      656100
 731              	.LASF18:
 732 037d 5F5F7261 		.ascii	"__ram0_clear__\000"
 732      6D305F63 
 732      6C656172 
 732      5F5F00
 733              	.LASF10:
 734 038c 75696E74 		.ascii	"uint32_t\000"
 734      33325F74 
 734      00
 735              	.LASF4:
 736 0395 6C6F6E67 		.ascii	"long int\000"
 736      20696E74 
 736      00
 737              	.LASF52:
 738 039e 474E5520 		.ascii	"GNU C17 11.3.1 20220712 -mcpu=cortex-m4 -mthumb -mf"
ARM GAS  /tmp/cchVKdCz.s 			page 17


 738      43313720 
 738      31312E33 
 738      2E312032 
 738      30323230 
 739 03d1 6C6F6174 		.ascii	"loat-abi=soft -march=armv7e-m -ggdb -O2 -fomit-fram"
 739      2D616269 
 739      3D736F66 
 739      74202D6D 
 739      61726368 
 740 0404 652D706F 		.ascii	"e-pointer -falign-functions=16 -ffunction-sections "
 740      696E7465 
 740      72202D66 
 740      616C6967 
 740      6E2D6675 
 741 0437 2D666461 		.ascii	"-fdata-sections -fno-common -flto\000"
 741      74612D73 
 741      65637469 
 741      6F6E7320 
 741      2D666E6F 
 742              	.LASF0:
 743 0459 7369676E 		.ascii	"signed char\000"
 743      65642063 
 743      68617200 
 744              	.LASF38:
 745 0465 5F5F7261 		.ascii	"__ram5_clear__\000"
 745      6D355F63 
 745      6C656172 
 745      5F5F00
 746              		.section	.gnu.debuglto_.debug_line_str,"eMS",%progbits,1
 747              	.LASF63:
 748 0000 5F737464 		.ascii	"_stdint.h\000"
 748      696E742E 
 748      6800
 749              	.LASF62:
 750 000a 5F646566 		.ascii	"_default_types.h\000"
 750      61756C74 
 750      5F747970 
 750      65732E68 
 750      00
 751              	.LASF61:
 752 001b 2E2E2F2E 		.ascii	"../../chibios_trunk/os/common/startup/ARMCMx/compil"
 752      2E2F6368 
 752      6962696F 
 752      735F7472 
 752      756E6B2F 
 753 004e 6572732F 		.ascii	"ers/GCC/crt1.c\000"
 753      4743432F 
 753      63727431 
 753      2E6300
 754              	.LASF57:
 755 005d 2F686F6D 		.ascii	"/home/rob/Data/no_sync/ChibiOS/ChibiStudio/workspac"
 755      652F726F 
 755      622F4461 
 755      74612F6E 
 755      6F5F7379 
 756 0090 655F7472 		.ascii	"e_trunk/STM32_GPIB_firmware/\000"
 756      756E6B2F 
ARM GAS  /tmp/cchVKdCz.s 			page 18


 756      53544D33 
 756      325F4750 
 756      49425F66 
 757              	.LASF64:
 758 00ad 63727431 		.ascii	"crt1.c\000"
 758      2E6300
 759              	.LASF59:
 760 00b4 2F686F6D 		.ascii	"/home/rob/Data/no_sync/ChibiOS/ChibiStudio/tools/GN"
 760      652F726F 
 760      622F4461 
 760      74612F6E 
 760      6F5F7379 
 761 00e7 5520546F 		.ascii	"U Tools ARM Embedded/11.3.1 2022q3/arm-none-eabi/in"
 761      6F6C7320 
 761      41524D20 
 761      456D6265 
 761      64646564 
 762 011a 636C7564 		.ascii	"clude/machine\000"
 762      652F6D61 
 762      6368696E 
 762      6500
 763              	.LASF58:
 764 0128 2E2E2F2E 		.ascii	"../../chibios_trunk/os/common/startup/ARMCMx/compil"
 764      2E2F6368 
 764      6962696F 
 764      735F7472 
 764      756E6B2F 
 765 015b 6572732F 		.ascii	"ers/GCC\000"
 765      47434300 
 766              	.LASF60:
 767 0163 2F686F6D 		.ascii	"/home/rob/Data/no_sync/ChibiOS/ChibiStudio/tools/GN"
 767      652F726F 
 767      622F4461 
 767      74612F6E 
 767      6F5F7379 
 768 0196 5520546F 		.ascii	"U Tools ARM Embedded/11.3.1 2022q3/arm-none-eabi/in"
 768      6F6C7320 
 768      41524D20 
 768      456D6265 
 768      64646564 
 769 01c9 636C7564 		.ascii	"clude/sys\000"
 769      652F7379 
 769      7300
 770              		.text
 771              		.section	.gnu.lto_.profile.8b6e5e7b37d3861,"e",%progbits
 772 0000 789C6362 		.ascii	"x\234cb\000\001\000\000\022\000\003"
 772      00010000 
 772      120003
 773              		.text
 774              		.section	.gnu.lto_.icf.8b6e5e7b37d3861,"e",%progbits
 775 0000 789C7367 		.ascii	"x\234sg@\0006\2063\223\272z\330\031\030!\024\023\204"
 775      40003686 
 775      3393BA7A 
 775      D8191821 
 775      141384
 776 0013 62BE7FAF 		.ascii	"b\276\177\257o\031#\003\313\317k\333\257q\3601101\202"
 776      6F192303 
ARM GAS  /tmp/cchVKdCz.s 			page 19


 776      CBCF6BDB 
 776      AF71F031 
 776      31303182 
 777 0027 310CC0D8 		.ascii	"1\014\300\330@\232\365\376\235\235\277\331\030\000\002"
 777      409AF5FE 
 777      9D9DBFD9 
 777      180002
 778 0036 FD11D3   		.ascii	"\375\021\323"
 779              		.text
 780              		.section	.gnu.lto_.ipa_sra.8b6e5e7b37d3861,"e",%progbits
 781 0000 789C1364 		.ascii	"x\234\023d@\000V\006\006FF\006F&\006Ff\006F\026\006"
 781      40005606 
 781      06464606 
 781      46260646 
 781      66064616 
 782 0015 46060002 		.ascii	"F\006\000\002\315\000&"
 782      CD0026
 783              		.text
 784              		.section	.gnu.lto_.inline.8b6e5e7b37d3861,"e",%progbits
 785 0000 789CDBC8 		.ascii	"x\234\333\310\200\000\254\014\014\314\015@\300\224\302"
 785      8000AC0C 
 785      0CCC0D40 
 785      C094C2
 786 000f C8C0C4C0 		.ascii	"\310\300\304\300\320\010d\32610\260A\204\230@B\014\014"
 786      D00864D6 
 786      3130B041 
 786      84984042 
 786      0C0C
 787 0021 8C849530 		.ascii	"\214\204\2250\021V\302\014\244\300\022\310JX \014\250"
 787      1156C20C 
 787      A4C012C8 
 787      4A58200C 
 787      A8
 788 0032 12160691 		.ascii	"\022\026\006\221wG\327md\316\001*Q\002\26260\347\240"
 788      7747D76D 
 788      64CE012A 
 788      5102B236 
 788      30E7A0
 789 0045 9BC20000 		.ascii	"\233\302\000\000\340\263(\006"
 789      E0B32806 
 790              		.text
 791              		.section	.gnu.lto_.jmpfuncs.8b6e5e7b37d3861,"e",%progbits
 792 0000 789C1364 		.ascii	"x\234\023d@\000V fd``b``f``\001r\000\002\245\000!"
 792      40005620 
 792      66646060 
 792      62606066 
 792      60600172 
 793              		.text
 794              		.section	.gnu.lto_.pureconst.8b6e5e7b37d3861,"e",%progbits
 795 0000 789C1360 		.ascii	"x\234\023````e\230\301\3028\203\205i\006\013\363\026"
 795      60606065 
 795      98C1C238 
 795      83856906 
 795      0BF316
 796 0013 1696592C 		.ascii	"\026\226Y,\000\032\274\003J"
 796      001ABC03 
 796      4A
ARM GAS  /tmp/cchVKdCz.s 			page 20


 797              		.text
 798              		.section	.gnu.lto_.ipa_modref.8b6e5e7b37d3861,"e",%progbits
 799 0000 789C8B66 		.ascii	"x\234\213f@\000V\006\006\005\001\001(\301\300\210\314"
 799      40005606 
 799      06050101 
 799      28C1C088 
 799      CC
 800 0011 6142E630 		.ascii	"aB\3460#sX\3004\023\0233\003#\023\013#\003\023+\220"
 800      237358C0 
 800      34131333 
 800      0323130B 
 800      2303132B 
 801 0026 6685E865 		.ascii	"f\205\350e\204q\030\030\000\273\021\003\033"
 801      84711818 
 801      00BB1103 
 801      1B
 802              		.text
 803              		.section	.gnu.lto_.lto.8b6e5e7b37d3861,"e",%progbits
 804 0000 0B000300 		.ascii	"\013\000\003\000\001\000\000\000"
 804      01000000 
 805              		.text
 806              		.section	.gnu.lto_ram_areas.130.8b6e5e7b37d3861,"e",%progbits
 807 0000 789C4DCE 		.ascii	"x\234M\316\313O\023Q\024\006\360\371\252\205\245.d\347"
 807      CB4F1351 
 807      1406F0F9 
 807      AA85A52E 
 807      64E7
 808 0012 9F607AA3 		.ascii	"\237`z\243\27070\230\206\230\006\264\032C\010\031\207"
 808      B8373098 
 808      869806B4 
 808      1A430819 
 808      87
 809 0023 718049BD 		.ascii	"q\200I\275=\235GS\2111\267\351\312\270wk\342\316\265"
 809      3D9D4753 
 809      8931B7E9 
 809      CAB8776B 
 809      E2CEB5
 810 0036 840022E2 		.ascii	"\204\000\"\342[\336(\202\357\027\240\300F\343\002\023"
 810      5BDE2882 
 810      EF17A0C0 
 810      46E30213 
 811 0046 162C1C9C 		.ascii	"\026,\034\234\016snnr\277\234\234\373\313WKi\332--:"
 811      0E736E6E 
 811      72BF9C9C 
 811      FBCB574B 
 811      69DA2D2D 
 812 005b 69DC44AD 		.ascii	"i\334D\255Z\335\2757\374\347\366\221Fu=\036l\035S\327"
 812      5ADDBD37 
 812      FCE7F691 
 812      46753D1E 
 812      6C1D53D7 
 813 006f F6F35135 		.ascii	"\366\363Q5\030\347\273)U\011\363\251\332\215\352\341"
 813      18E7BB29 
 813      5509F3A9 
 813      DA8DEAE1 
 814 007f B27F1FEE 		.ascii	"\262\177\037\356\030h\024r\004i44\241\261\276\265\363"
 814      18681472 
ARM GAS  /tmp/cchVKdCz.s 			page 21


 814      04693434 
 814      A1B1BEB5 
 814      F3
 815 0090 F7CE2155 		.ascii	"\367\316!U`\226\303\254~f\331\211\365\010\356$\350!"
 815      6096C3AC 
 815      7E66D989 
 815      F508EE24 
 815      E821
 816 00a2 E4446435 		.ascii	"\344Dd5\324\267F\267C\313b\226\311,\203Y=\211\365\002"
 816      D4B746B7 
 816      43CB6296 
 816      C92C8359 
 816      3D89F502 
 817 00b6 EE73D033 		.ascii	"\356s\3203\310\247\221\225\216{\375\016\255nfu1\353"
 817      C8A79195 
 817      8E7BFD0E 
 817      AD6E6675 
 817      31EB
 818 00c8 22B32E24 		.ascii	"\"\263.$\326\034\334Y\320\014\344td\035\214{\375\012"
 818      D61CDC59 
 818      D00CE474 
 818      641D8C7B 
 818      FD0A
 819 00da AD3CB3CE 		.ascii	"\255<\263\3162\253\203Y\271\304Z\202\373\032\364\012"
 819      32AB8359 
 819      B9C45A82 
 819      FB1AF40A 
 820 00ea 7231B20E 		.ascii	"r1\262\016\304\2756C\353\014\263\332\231\225e\326\351"
 820      C4BD3643 
 820      EB0CB3DA 
 820      999565D6 
 820      E9
 821 00fb C47A0FF7 		.ascii	"\304z\017\367\035\350-\344Jd\245\342^\033\241\2453\253"
 821      1DE82DE4 
 821      4A64A5E2 
 821      5E1BA1A5 
 821      33AB
 822 010d 8559938A 		.ascii	"\205Y\223\212a\023*\321\276\302\375\002\372\014\371"
 822      61132AD1 
 822      BEC2FD02 
 822      FA0CF9
 823 011c 09B1F333 		.ascii	"\011\261\3633t\306\025\203\306\024\223F\2704\314\244"
 823      74C61583 
 823      C6149346 
 823      B834CCA4 
 824 012c 75B86BA0 		.ascii	"u\270k\240U\310\357\377'\227\206T\363\017\234\374\206"
 824      55C8EFFF 
 824      27978654 
 824      F30F9CFC 
 824      86
 825 013d 8FF88065 		.ascii	"\217\370\200e\274\301\002\3461\205\227x\202\307x\200"
 825      BCC102E6 
 825      31859778 
 825      82C77880 
 826 014d 71689D62 		.ascii	"qh\235b\200\244-<\352\025mf`\212\"\031\376`\321\022"
 826      80A42D3C 
 826      EA156D66 
ARM GAS  /tmp/cchVKdCz.s 			page 22


 826      608A2219 
 826      FE60D112 
 827 0161 FA80D3EB 		.ascii	"\372\200\323\353t\344\2437\037\224/;$*\344\025\374\222"
 827      74E4A337 
 827      1F942F3B 
 827      242AE415 
 827      FC92
 828 0173 69D946E0 		.ascii	"i\331F\340\225\213\005\221?\237k>ad;\333[\215>\307\223"
 828      958B0591 
 828      3F9F6B3E 
 828      61643BDB 
 828      5B8D3EC7 
 829 0188 15D3B385 		.ascii	"\025\323\263\205\326\232\311\210\360Z{\377\310\257o"
 829      D69AC988 
 829      F05A7BFF 
 829      C8AF6F
 830 0197 922F2C92 		.ascii	"\222/,\222\222\212\302\017L/(\227D\313\271\234\236\273"
 830      928AC20F 
 830      4C2F2897 
 830      44CBB99C 
 830      9EBB
 831 01a9 BA372D39 		.ascii	"\2727-9Wl\317\027Y]\027\226\027\034\317X\332?\226r\015"
 831      576CCF17 
 831      595D1796 
 831      171CCF58 
 831      DA3F9672 
 832 01be E0       		.ascii	"\340"
 833              		.text
 834              		.section	.gnu.lto___cpu_init.131.8b6e5e7b37d3861,"e",%progbits
 835 0000 789CCB67 		.ascii	"x\234\313g``\230\012\304\312@\314\310\314\3008ib\027"
 835      6060980A 
 835      C4CA40CC 
 835      C8CCC038 
 835      696217
 836 0013 13434343 		.ascii	"\023CCC\203\003;\023c\343\304.N\306\355\214`\036#C="
 836      83033B13 
 836      63E3C42E 
 836      4EC6ED8C 
 836      601E2343 
 837 0028 13633DE3 		.ascii	"\023c=\343Bf} \367\307\323W\027.K4\2548\300\370\212"
 837      42667D20 
 837      F7C7D357 
 837      172E4B34 
 837      AC38C0F8 
 838 003d 81A19E01 		.ascii	"\201\241\236\001\012\270!lF ^\177\211\365@\303\237\377"
 838      0AB8216C 
 838      46205E7F 
 838      89F540C3 
 838      9FFF
 839 004f FD0D0D7F 		.ascii	"\375\015\015\177\0371\256Veb`\230\307\0142\265\201\205"
 839      1F31AE56 
 839      65626098 
 839      C70C32B5 
 839      8185
 840 0061 B1E10003 		.ascii	"\261\341\000\003\303|f&\010\247\021\310\371\316\324"
 840      C37C6626 
 840      08A711C8 
ARM GAS  /tmp/cchVKdCz.s 			page 23


 840      F9CED4
 841 0070 A0C4F09F 		.ascii	"\240\304\360\237\251I\001l\310<fF\204:\006\206\000\375"
 841      A949016C 
 841      C83C6646 
 841      843A0686 
 841      00FD
 842 0082 8CFCDC54 		.ascii	"\214\374\334T\375\242\374$}\227\304\222D\375\274\374"
 842      FDA2FC24 
 842      7D97C492 
 842      44FDBCFC 
 843 0092 F8E2CABC 		.ascii	"\370\342\312\274d}\347\214\314\244L\377`\010\035\\R"
 843      647DE78C 
 843      CCA44CFF 
 843      60081D5C 
 843      52
 844 00a3 9A9299AF 		.ascii	"\232\222\231\257_\236_\224]\\\220\230\234\032_RT\232"
 844      5F9E5F94 
 844      5D5C9098 
 844      9C1A5F52 
 844      549A
 845 00b5 97AD1F1C 		.ascii	"\227\255\037\034\342kl\024\357\036\340\351\024\237\226"
 845      E26B6C14 
 845      EF1EE0E9 
 845      149F96
 846 00c4 59945B9E 		.ascii	"Y\224[\236X\224\252\317\340\244\247\247\017D\311 }\371"
 846      5894AACF 
 846      E0A4A7A7 
 846      0F44C920 
 846      7DF9
 847 00d6 C55095F9 		.ascii	"\305P\225\371\305\372\311\371\271\271\371y\372\305%"
 847      C5FAC9F9 
 847      B9B9F979 
 847      FAC525
 848 00e5 894525A5 		.ascii	"\211E%\245\005\372\216A\276\316\276\025 \321\202\314"
 848      05FA8E41 
 848      BECEBE15 
 848      20D182CC 
 849 00f5 9CD4A262 		.ascii	"\234\324\242b}wgg\375\344\242\022C\275d\006\000\241"
 849      7D776767 
 849      FDE4A212 
 849      43BD6406 
 849      00A1
 850 0107 FA60BE   		.ascii	"\372`\276"
 851              		.text
 852              		.section	.gnu.lto___early_init.132.8b6e5e7b37d3861,"e",%progbits
 853 0000 789CCB63 		.ascii	"x\234\313c``\230\012\304\312@\314\310\314\3008ib\027"
 853      6060980A 
 853      C4CA40CC 
 853      C8CCC038 
 853      696217
 854 0013 13434343 		.ascii	"\023CCC\203\003;\023c\343\304.N\306\355\214`\036#C="
 854      83033B13 
 854      63E3C42E 
 854      4EC6ED8C 
 854      601E2343 
 855 0028 13633DE3 		.ascii	"\023c=\343Bf} \367\307\323W\0157%\032V\034`|\305\300"
 855      42667D20 
ARM GAS  /tmp/cchVKdCz.s 			page 24


 855      F7C7D357 
 855      0D37251A 
 855      561C607C 
 856 003e 50CF0005 		.ascii	"P\317\000\005\334\0206#\020\257\277\304z\240\341\317"
 856      DC103623 
 856      10AFBFC4 
 856      7AA0E1CF 
 857 004e FFFE8686 		.ascii	"\377\376\206\206\263\213\031\255\230\030\030\3461\203"
 857      B38B19AD 
 857      981818E6 
 857      3183
 858 005c 0C6D6061 		.ascii	"\014m`al8\300\3000\237\231\011\302i\004r\27635(1\374"
 858      6C38C0C0 
 858      309F9909 
 858      C2690472 
 858      BE333528 
 859 0072 676A5200 		.ascii	"gjR\000\2331\217\231\021\241\216\201!@?#?7U\277(?I\337"
 859      9B318F99 
 859      11A18E81 
 859      21403F23 
 859      3F3755BF 
 860 008a 25B12451 		.ascii	"%\261$Q?/?\276\2702/Y\3379#3)\323?\030B\007\227\224"
 860      3F2F3FBE 
 860      B8322F59 
 860      DF392333 
 860      29D33F18 
 861 00a2 A664E6EB 		.ascii	"\246d\346\353\227\347\027e\027\027$&\247\306\227\024"
 861      97E71765 
 861      17172426 
 861      A7C69714 
 862 00b2 95E665EB 		.ascii	"\225\346e\353\007\207\370\032\033\305\273\007x:\305"
 862      0787F81A 
 862      1BC5BB07 
 862      783AC5
 863 00c1 A76516E5 		.ascii	"\247e\026\345\226'\026\245\35238\351\351\351\003Q2H"
 863      962716A5 
 863      EA3338E9 
 863      E9E90351 
 863      3248
 864 00d3 5F7E3154 		.ascii	"_~1Te~\261~r~nn~\236~qIbQIi\201\276c\220\257\263o\005"
 864      657EB17E 
 864      727E6E6E 
 864      7E9E7E71 
 864      49625149 
 865 00f0 48B42033 		.ascii	"H\264 3'\265\250X\337\335\331Y?\271\250\304P/\231\001"
 865      27B5A858 
 865      DFDDD959 
 865      3FB9A8C4 
 865      502F9901 
 866 0104 0066FB5F 		.ascii	"\000f\373_n"
 866      6E
 867              		.text
 868              		.section	.gnu.lto___late_init.133.8b6e5e7b37d3861,"e",%progbits
 869 0000 789CCB63 		.ascii	"x\234\313c``\230\012\304\312@\314\310\314\3008ib\027"
 869      6060980A 
 869      C4CA40CC 
 869      C8CCC038 
ARM GAS  /tmp/cchVKdCz.s 			page 25


 869      696217
 870 0013 13434343 		.ascii	"\023CCC\203\003;\023c\343\304.N\306\355\214`\036#C="
 870      83033B13 
 870      63E3C42E 
 870      4EC6ED8C 
 870      601E2343 
 871 0028 13633DE3 		.ascii	"\023c=\343Bf} \367\307\323W\017nK4\2548\300\370\212"
 871      42667D20 
 871      F7C7D357 
 871      0F6E4B34 
 871      AC38C0F8 
 872 003d 81A19E01 		.ascii	"\201\241\236\001\012\270!lF ^\177\211\365@\303\237\377"
 872      0AB8216C 
 872      46205E7F 
 872      89F540C3 
 872      9FFF
 873 004f FD0D0D47 		.ascii	"\375\015\015G\0273Z210\314c\006\031\332\300\302\330"
 873      17335A32 
 873      3130CC63 
 873      0619DAC0 
 873      C2D8
 874 0061 70808161 		.ascii	"p\200\201a>3\023\204\323\010\344|gjPb\370\317\324\244"
 874      3E331384 
 874      D308E47C 
 874      676A5062 
 874      F8CFD4A4 
 875 0075 0036631E 		.ascii	"\0006c\0363#B\035\003C\200~F~n\252~Q~\222\276KbI\242"
 875      3323421D 
 875      0343807E 
 875      467E6EAA 
 875      7E517E92 
 876 008e 7E5E7E7C 		.ascii	"~^~|qe^\262\276sFfR\246\1770\204\016.)M\311\314\327"
 876      71655EB2 
 876      BE734666 
 876      52A67F30 
 876      840E2E29 
 877 00a6 2FCF2FCA 		.ascii	"/\317/\312..HLN\215/)*\315\313\326\017\016\36156\212"
 877      2E2E484C 
 877      4E8D2F29 
 877      2ACDCBD6 
 877      0F0EF135 
 878 00bc 770FF074 		.ascii	"w\017\360t\212O\313,\312-O,J\325gp\322\323\323\007\242"
 878      8A4FCB2C 
 878      CA2D4F2C 
 878      4AD56770 
 878      D2D3D307 
 879 00d1 6490BEFC 		.ascii	"d\220\276\374b\250\312\374b\375\344\374\334\334\374"
 879      62A8CAFC 
 879      62FDE4FC 
 879      DCDCFC
 880 00e0 3CFDE292 		.ascii	"<\375\342\222\304\242\222\322\002}\307 _g\337\012\220"
 880      C4A292D2 
 880      027DC720 
 880      5F67DF0A 
 880      90
 881 00f1 6841664E 		.ascii	"hAfNjQ\261\276\273\263\263~rQ\211\241^2\003\000\277"
 881      6A51B1BE 
ARM GAS  /tmp/cchVKdCz.s 			page 26


 881      BBB3B37E 
 881      725189A1 
 881      5E320300 
 882 0106 4E5FC7   		.ascii	"N_\307"
 883              		.text
 884              		.section	.gnu.lto___default_exit.134.8b6e5e7b37d3861,"e",%progbits
 885 0000 789C458D 		.ascii	"x\234E\215=K\303@\030\307\237'I)Z?\200\337\300\255\017"
 885      3D4BC340 
 885      18C79F27 
 885      49295A3F 
 885      80DFC0AD 
 886 0015 D52F501B 		.ascii	"\325/P\033\2418\024\213u\017i\2144\324\344\302\345B"
 886      A138148B 
 886      750F698C 
 886      34D4E4C2 
 886      E542
 887 0027 75EAB915 		.ascii	"u\352\271\025A\244VW\305\315M7\327\014nn\356\"(.]\034"
 887      41A45657 
 887      C5CD4D37 
 887      D70C6E6E 
 887      EE22282E 
 888 003d 75F0ED2E 		.ascii	"u\360\355.\251x\334\377\271\337\375\237\267#\0008S\252"
 888      A978DCFF 
 888      B9DFFD9F 
 888      B7230038 
 888      53AA
 889 004f 2B6109F0 		.ascii	"+a\011\360d|h\200\224\262^6p2\236\317\311\304\323\031"
 889      647C6880 
 889      94B25E36 
 889      70329ECF 
 889      C9C4D319 
 890 0063 5938A9E5 		.ascii	"Y8\251\345\20004L\013U\200\377si\222J~\274No\236\026"
 890      8030344C 
 890      0B5580FF 
 890      7369924A 
 890      7EBC4E6F 
 891 0079 E5558653 		.ascii	"\345U\206S\200\341_\256R0*]?\2242\371\371s,\345\343"
 891      80E15FAE 
 891      52302A5D 
 891      3F9432F9 
 891      F9732CE5 
 892 008e 0B8E9694 		.ascii	"\013\216\226\224un\302\335\333\250\2042\323l\344|\240"
 892      756EC2DD 
 892      DBA88432 
 892      D36CE47C 
 892      A0
 893 009f F8C234D5 		.ascii	"\370\3024\325@i\351\017\276\033\362\371\353~\016o\021"
 893      4069E90F 
 893      BE1BF2F9 
 893      EB7E0E6F 
 893      11
 894 00b0 347E57A0 		.ascii	"4~W\240p\026@7YE!*D(\353\215m\352\261\320'\316\272\264"
 894      70164037 
 894      5945212A 
 894      4428EB8D 
 894      6DEAB1D0 
 895 00c8 E60A9722 		.ascii	"\346\012\227\"\346$\373\221Gv/\350\006\033\235\342\355"
ARM GAS  /tmp/cchVKdCz.s 			page 27


 895      E624FB91 
 895      47762FE8 
 895      061B9DE2 
 895      ED
 896 00d9 88743B60 		.ascii	"\210t;`4`\274\237\304\256\347;\202\247Q\237:[\255\225"
 896      3460BC9F 
 896      C4AEE73B 
 896      82A7519F 
 896      3A5BAD95 
 897 00ed 65A7D95E 		.ascii	"e\247\331^o8;\001\017\007.\367\011\032\325*\251\353"
 897      6F383B01 
 897      0F072EF7 
 897      091AD52A 
 897      A9EB
 898 00ff E93E96CC 		.ascii	"\351>\226\314*YB\036\013C\026Q\"\\.\322\230V7[vkO\273"
 898      2A59421E 
 898      0B431651 
 898      225C2ED2 
 898      9856375B 
 899 0117 71B0EBF3 		.ascii	"q\260\353\363\204\232\266M\036\027\265\252\007\277\224"
 899      849AB64D 
 899      1E17B5AA 
 899      07BF94
 900 0126 757215   		.ascii	"ur\025"
 901              		.text
 902              		.section	.gnu.lto___init_ram_areas.135.8b6e5e7b37d3861,"e",%progbits
 903 0000 789C6D54 		.ascii	"x\234mT}h[U\024\277\347\236\373\362^>\027\332\015\375"
 903      7D685B55 
 903      14BFE79E 
 903      FBF25E3E 
 903      17DA0DFD 
 904 0014 47A822F8 		.ascii	"G\250\"\370\207\320G\025$\373C\254\2130\374\2438V\377"
 904      87D04715 
 904      24FB43AC 
 904      8B30FCA3 
 904      3856FF
 905 0027 AF5996B9 		.ascii	"\257Y\226\271P\323d\371\260j-}\315\272\0052h\233\216"
 905      50D364F9 
 905      B06A2D7D 
 905      CDBA0532 
 905      689B8E
 906 003a CA56473B 		.ascii	"\312VG;\031H\360cs\"\272\017\323\205M\255\202\022\354"
 906      1948F063 
 906      7322BA0F 
 906      D3854DAD 
 906      8212EC
 907 004d A8539CA5 		.ascii	"\250S\234\245+\214\272\026\\\025\361c\335\254\347\336"
 907      2B8CBA16 
 907      5C15F163 
 907      DDACE7DE 
 908 005d 97A429EC 		.ascii	"\227\244)\354\221w\357y\367\374\316\357\236\337\271"
 908      9177EF79 
 908      F7FCCEEF 
 908      9EDFB9
 909 006c E7665030 		.ascii	"\347fP0v\2061\266B/x\031\214\025\362\234Y\226\325\256"
 909      768631B6 
 909      422F7819 
ARM GAS  /tmp/cchVKdCz.s 			page 28


 909      8C15F29C 
 909      5996D5AE 
 910 0080 73385A70 		.ascii	"s8Zp)\013a\274\220\277=\375\251\2002\250\005\001\343"
 910      290B61BC 
 910      90BF3DFD 
 910      A98032A8 
 910      0501E3
 911 0093 676B308D 		.ascii	"gk0\215\017\025\216p\362\314\256\336\011\210\267G\027"
 911      0F158E70 
 911      F2CCAEDE 
 911      0988B747 
 911      17
 912 00a4 E1F4C821 		.ascii	"\341\364\310!]\270\341X\026l\204\016\307\306\336\265"
 912      5DB8E158 
 912      166C840E 
 912      C7C6DEB5 
 913 00b4 030D9E6B 		.ascii	"\003\015\236k\000\037\257\201\235\374\304\350\307\017"
 913      001FAF81 
 913      9DFCC4E8 
 913      C70F
 914 00c2 C345090A 		.ascii	"\303E\011\012\210\011Z&\303\020\0368z\326os\270`\260"
 914      88095A26 
 914      C3101E38 
 914      7AD66F73 
 914      B860B0
 915 00d5 905FFAFA 		.ascii	"\220_\372\372\021\033\323\256\003\033\340(4\267n8=."
 915      111BD3AE 
 915      031BE028 
 915      34B76E38 
 915      3D2E
 916 00e7 1810C8A0 		.ascii	"\030\020\310\240,@\337\030\230\375hl\3431\032\354w\320"
 916      2C40DF18 
 916      98FD686C 
 916      E3311AEC 
 916      77D0
 917 00f9 249E7F6E 		.ascii	"$\236\177n.\227\327\036\264\212eXfl\240\346\323\300"
 917      2E97D71E 
 917      B48A6558 
 917      666CA0E6 
 917      D3C0
 918 010b D10C82C6 		.ascii	"\321\014\202\306m\320\242\201\361\026\320\312\343e\313"
 918      6DD0A281 
 918      F116D0CA 
 918      E365CB
 919 011a 5A9D9F19 		.ascii	"Z\235\237\031\366\215\016\032\375\027`\340<\234\003"
 919      F68D0E1A 
 919      FD1760E0 
 919      3C9C03
 920 0129 899D8039 		.ascii	"\211\235\2009\341f\027AF\003\201\337\257\203\227\227"
 920      E1661741 
 920      460381DF 
 920      AF839797 
 921 0139 7212DC57 		.ascii	"r\022\334Wj\004\257\020\255\361a\015\363\321\255\\\316"
 921      6A04AF10 
 921      ADF1610D 
 921      F3D1AD5C 
 921      CE
ARM GAS  /tmp/cchVKdCz.s 			page 29


 922 014a F20FB5F4 		.ascii	"\362\017\265\364]j\304\334 \3022L\003\373\034\350kA"
 922      5D6AC4DC 
 922      20C2324C 
 922      03FB1CE8 
 922      6B41
 923 015c D032C205 		.ascii	"\3202\302\005\200K\000%83\253\225\255\273\353#\226\265"
 923      804B0025 
 923      3833AB95 
 923      ADBBEB23 
 923      96B5
 924 016e F474E9C4 		.ascii	"\364t\351\304)\327V`\0349\343\034\351\025\214p\032#"
 924      29D75660 
 924      1C39E31C 
 924      E9158C70 
 924      1A23
 925 0180 A4831156 		.ascii	"\244\203\021V\227\203G~z\245\345\223^\277\264\232\344"
 925      9783477E 
 925      7AA5E593 
 925      5EBFB49A 
 925      E4
 926 0191 D02C1D8C 		.ascii	"\320,\035\214M\"\223G\000V\231\261)\344\312\036$\373"
 926      4D229347 
 926      005699B1 
 926      29E4CA1E 
 926      24FB
 927 01a3 6F6E2D96 		.ascii	"on-\226*@s\366dF\322\202\243W\346\235\2479C\363\007"
 927      2A4073F6 
 927      6446D282 
 927      A357E69D 
 927      A73943F3 
 928 01b8 205257E0 		.ascii	" RW\3402\260<\034\266\254\342\243\275_\250\364\247\020"
 928      32B03C1C 
 928      B6ACE2A3 
 928      BD5FA8F4 
 928      A710
 929 01ca 57EF1403 		.ascii	"W\357\024\003U\212l\273\334\023\205b\373\276\342\244"
 929      558A6CBB 
 929      DC138562 
 929      FBBEE2A4 
 930 01da D353E6D5 		.ascii	"\323S\346\325\212\213z\200\255\361\354\364\255-\350"
 930      8A8B7A80 
 930      ADF1ECF4 
 930      AD2DE8
 931 01e9 21EE7E50 		.ascii	"!\356~P\234t&\277>p\340\325\257\200=5D\035\020\237\201"
 931      9C7426BF 
 931      3E70E0D5 
 931      AF803D35 
 931      441D109F 
 932 01fe 18534427 		.ascii	"\030SD'\237\241l\321\243\242\347*\274\026\352\255\006"
 932      9FA16CD1 
 932      A3A2E72A 
 932      BC16EAAD 
 932      06
 933 020f 151B83BE 		.ascii	"\025\033\203\276\201\356zP\011\320\253\202~\246 \226"
 933      81EE7A50 
 933      09D0AB82 
 933      7EA62096 
ARM GAS  /tmp/cchVKdCz.s 			page 30


 934 021f 43A1D23D 		.ascii	"C\241\322=w\373\240\223T\360\367\036\243\214\320\347"
 934      77FBA093 
 934      54F0F71E 
 934      A38CD0E7 
 935 022f 192EDC30 		.ascii	"\031.\3340dBS(\012\207\256\315`\275\002\277TPn5q\344"
 935      64425328 
 935      0A87AECD 
 935      60BD02BF 
 935      54506E35 
 936 0245 26A02C41 		.ascii	"&\240,A\0370\265\237\021M\177Kz\311\365G~\256\2327F"
 936      1F30B59F 
 936      114D7F4B 
 936      7AC9F547 
 936      7EAE9A37 
 937 025a 93B486B6 		.ascii	"\223\264\206\266\302\371-\344<\370\311\341/\001\233"
 937      C2F92DE4 
 937      3CF8C9E1 
 937      2F019B
 938 0269 D0019FA9 		.ascii	"\320\001\237\251B\266\310t\232\224\377wEL\200\357\000"
 938      42B6C874 
 938      9A94FF77 
 938      454C80EF 
 938      00
 939 027a 9B51AB03 		.ascii	"\233Q\253\003Hd\263*\243F\224\226h\250#\205:\310\344"
 939      4864B32A 
 939      A3469496 
 939      68A82385 
 939      3AC8E4
 940 028d 12A2D992 		.ascii	"\022\242\331\222FF\240^\306m\310\253\2650\032JQ\201"
 940      4646A05E 
 940      C66DC8AB 
 940      B5301A4A 
 940      5181
 941 029f 9789ED2F 		.ascii	"\227\211\355/>4\177\345\015\344D\300d\0214\364\340\344"
 941      3E347FE5 
 941      0DE444C0 
 941      641134F4 
 941      E0E4
 942 02b1 BD37B159 		.ascii	"\2757\261Y\014\257\357\315\241\003\275x\232>\233\304"
 942      0CAFEFCD 
 942      A103BD78 
 942      9A3E9BC4 
 943 02c1 7FF75EA2 		.ascii	"\177\367^\242\206p\253\023\224\325\3207Wc\315\256\306"
 943      8670AB13 
 943      94D5D037 
 943      5763CDAE 
 943      C6
 944 02d2 9F456F4D 		.ascii	"\237EoMq\202\024;\242`\273\357nh\366\243\336\250\331"
 944      7182143B 
 944      A260BBEF 
 944      6E68F6A3 
 944      DEA8D9
 945 02e5 AF2419F7 		.ascii	"\257$\031\367\221\244\253\310\1777+\301\373(\271\012"
 945      91A4ABC8 
 945      7F372BC1 
 945      FB28B90A 
 946 02f5 910D2588 		.ascii	"\221\015%\210\272\255DG\207[0\364\353\277\255/TO\320"
ARM GAS  /tmp/cchVKdCz.s 			page 31


 946      BAAD4447 
 946      875B30F4 
 946      EBBFAD2F 
 946      544FD0
 947 0308 D9D07FD6 		.ascii	"\331\320\177\326ba\226\327\223\362\241\240\213\355\267"
 947      626196D7 
 947      93F2A1A0 
 947      8BEDB7
 948 0317 B3A2B6F4 		.ascii	"\263\242\266\364)\304\370\030\355M}I\324\327\203\350"
 948      29C4F818 
 948      ED4D7D49 
 948      D4D783E8 
 949 0327 A343BECE 		.ascii	"\243C\276\316\300\330\334\350\327d\243k\020\240L\212"
 949      C0D8DCE8 
 949      D764A36B 
 949      10A04C8A 
 950 0337 0F1DF811 		.ascii	"\017\035\370\021~\220\275n7\376\326\376\237\300\376"
 950      7E90BD6E 
 950      37FED6FE 
 950      9FC0FE
 951 0346 DB9844CF 		.ascii	"\333\230D\317\345\225Sm\252p\256\372=Z\347\331\205\343"
 951      E595536D 
 951      AA70AEFA 
 951      3D5AE7D9 
 951      85E3
 952 0358 BBAB00A8 		.ascii	"\273\253\000\250_5\306v\231\373\343\261\210\231\214"
 952      5F35C676 
 952      99FBE3B1 
 952      88998C
 953 0367 EF319F0B 		.ascii	"\3571\237\013\245CfO\274+\365zO\330\014\356\217\356"
 953      A543664F 
 953      BC2BF57A 
 953      4FD80CEE 
 953      8FEE
 954 0379 89BED069 		.ascii	"\211\276\320i\317\235\351\314\336h\334\354\215'\273"
 954      CF9DE9CC 
 954      DE68DCEC 
 954      8D27BB
 955 0388 53895038 		.ascii	"S\211P8\322\225Nfz\272\315\316\027;\236|\242k\347\256"
 955      D2954E66 
 955      7ABACDCE 
 955      173B9E7C 
 955      A26BE7AE 
 956 039c E77774ED 		.ascii	"\347wt\355\213&c\275\241d\304d;Z[M\372\205e\\<UE\306"
 956      8B2663BD 
 956      A164C464 
 956      3B5A5B4D 
 956      FA85655C 
 957 03b4 5366381E 		.ascii	"Sf8\036\213\305{\314T:\224Lg\022\346\263\273;\202\035"
 957      8BC57BCC 
 957      543A944C 
 957      6712E6B3 
 957      BB3B821D 
 958 03c8 AFC9D544 		.ascii	"\257\311\325D\364\225H2e\356\014\006\315p2\335\326\032"
 958      F4954832 
 958      65EE0C06 
 958      CD7032DD 
ARM GAS  /tmp/cchVKdCz.s 			page 32


 958      D61A
 959 03da 66980C25 		.ascii	"f\230\014%\374\266\335\272\275-\264/\320\026\332\316"
 959      FCB6DDBA 
 959      BD2DB42F 
 959      D016DACE 
 960 03ea 20C1D389 		.ascii	" \301\323\211\377\001\002\225\335\027"
 960      FF010295 
 960      DD17
 961              		.text
 962              		.section	.gnu.lto_.symbol_nodes.8b6e5e7b37d3861,"e",%progbits
 963 0000 789C6DCA 		.ascii	"x\234m\312\3336Ba\024\206\341\371\312R\262K\331G%\224"
 963      DB364261 
 963      1486E1F9 
 963      CA52B24B 
 963      D9472594 
 964 0014 7215DCD8 		.ascii	"r\025\334\330\277\320\"\273Z\221}\366\342\314\0058v"
 964      BFD022BB 
 964      5A917DF6 
 964      E2CC0538 
 964      76
 965 0025 EC56BA05 		.ascii	"\354V\272\005\326wb\014\243y\362\214\361\2753\300\314"
 965      D677620C 
 965      A379F28C 
 965      F1BD33C0 
 965      CC
 966 0036 06767143 		.ascii	"\006vqC\376\357\015\022~\2339\263O\177[\241\206\213"
 966      FEEF0D12 
 966      7E9B39B3 
 966      4F7F5BA1 
 966      868B
 967 0048 F70D012E 		.ascii	"\367\015\001.\3217\354\341\206\277zu\357o\337\214\346"
 967      D137ECE1 
 967      86BF7A75 
 967      EF6FDF8C 
 967      E6
 968 0059 7D5CF2A3 		.ascii	"}\\\362\243\031\304\377\275{;\214\370[f1\257\316h!\032"
 968      19C4FFBD 
 968      7B3B8CF8 
 968      5B6631AF 
 968      CE68211A 
 969 006d 0E189387 		.ascii	"\016\030\223\207\214\313#&\3441)y\302\244l\220\226M"
 969      8CCB2326 
 969      E4312979 
 969      C2A46C90 
 969      964D
 970 007f 3232644A 		.ascii	"22dJ\266\230\226\247\314\3103fe\2339y\316\274\274`A"
 970      B69896A7 
 970      CCC83366 
 970      659B3979 
 970      CEBCBC60 
 971 0094 5E929557 		.ascii	"^\222\225W,\312k\226\344\0159yK^v(\310;\226\345=E\371"
 971      2CCA6B96 
 971      E40D3979 
 971      4B5E7628 
 971      C83B96E5 
 972 00ab C08A7C64 		.ascii	"\300\212|dU>\261&\237)\311\027\312\362\225u\331\245"
 972      553EB126 
ARM GAS  /tmp/cchVKdCz.s 			page 33


 972      9F29C917 
 972      CAF29575 
 972      D9A5
 973 00bd 22DFA8CA 		.ascii	"\"\337\250\312w6\"\355\007\361\332> "
 973      773622ED 
 973      07F1DA3E 
 973      20
 974              		.text
 975              		.section	.gnu.lto_.refs.8b6e5e7b37d3861,"e",%progbits
 976 0000 789C05C1 		.ascii	"x\234\005\301i\032B`\030\000\300\367\231|h\221\222h"
 976      691A4260 
 976      1800C0F7 
 976      997C6891 
 976      9268
 977 0012 A7C52F67 		.ascii	"\247\305/gq\377\3534\263D\204LZ\2054\307\230\344\012"
 977      71FFEB34 
 977      B344844C 
 977      5A8534C7 
 977      98E40A
 978 0025 A5B58DAD 		.ascii	"\245\265\215\255\235\312^\355\340\250q\322:\353\364"
 978      9DCA5EED 
 978      E0A871D2 
 978      3AEBF4
 979 0034 2EAE6EEE 		.ascii	".\256n\356\036\236^\006\243\267\217\257\237)\376\200"
 979      1E9E5E06 
 979      A3B78FAF 
 979      9F29FE80 
 980 0044 6803A5   		.ascii	"h\003\245"
 981              		.text
 982              		.section	.gnu.lto_.decls.8b6e5e7b37d3861,"e",%progbits
 983 0000 789CA596 		.ascii	"x\234\245\226mP\033\307\031\307wO\207X^\214D\342\264"
 983      6D501BC7 
 983      19C7774F 
 983      87585E8C 
 983      44E2B4
 984 0013 34E36698 		.ascii	"4\343f\230L&e\234\004E\2746\337\234\220\031OgJ\235\324"
 984      4C26659C 
 984      0445BC36 
 984      DF9C9019 
 984      4F674A9D 
 985 0028 EDD7DE28 		.ascii	"\355\327\336(\212\\3\006D\205\250\235\231~X$\031d\214"
 985      8A5C3306 
 985      4485A89D 
 985      997E5824 
 985      19648C
 986 003b A9A4B88C 		.ascii	"\251\244\270\214B0#\313\024\233\204`\210\233\032\210"
 986      423023CB 
 986      149B8460 
 986      889B1A88 
 987 004b 0139C806 		.ascii	"\0019\310\006\277\021\300o\304`\"L\335`\307\270@l\302"
 987      BF11C06F 
 987      C460224C 
 987      DD60C7B8 
 987      406CC2
 988 005e 6082FBEC 		.ascii	"`\202\373\354\351\274\341\240\337\252\341/\356\356\371"
 988      E9BCE1A0 
 988      DFAAE12F 
ARM GAS  /tmp/cchVKdCz.s 			page 34


 988      EEEEF9
 989 006d FD77FFFB 		.ascii	"\375w\377\373\354\335\2156\304#\324\246Ah\010#\364\030"
 989      ECDD8D36 
 989      C423D4A6 
 989      41680823 
 989      F418
 990 007f 3EB108A1 		.ascii	">\261\010\241\313\240\227A\275\240AP\017\350\022\350"
 990      CBA09741 
 990      BDA04150 
 990      0FE812E8 
 991 008f 4B503768 		.ascii	"KP7h\0244\006\232\000M\201n\203\356\203fA\363\240\007"
 991      1434069A 
 991      004D816E 
 991      83EE8366 
 991      41F3A007 
 992 00a3 A005D022 		.ascii	"\240\005\320\"h\011\264\014Z\001!\230C\000\211 -\210"
 992      6809B40C 
 992      5A012198 
 992      43008920 
 992      2D88
 993 00b5 80E24189 		.ascii	"\200\342A\211\240$\220\036\364\024h#\350'\240\024\320"
 993      A024901E 
 993      F4146823 
 993      E827A014 
 993      D0
 994 00c6 B3A04DA0 		.ascii	"\263\240M\240\347@\251\240\347A/\200^\004\245\2016\203"
 994      E740A9A0 
 994      E7412F80 
 994      5E04A581 
 994      3683
 995 00d8 5E06A583 		.ascii	"^\006\245\203n\202~\241\344MW\256oV8\226\377<\250\037"
 995      6E827EA1 
 995      E44D57AE 
 995      6F563896 
 995      FF3CA81F 
 996 00ec 740E3480 		.ascii	"t\0164\200\242c\274\240\214\231\252\314\261I\2313E\311"
 996      A263BCA0 
 996      8C99AACC 
 996      B1499933 
 996      45C9
 997 00fe B051C9A4 		.ascii	"\260Q\311\244W2&*\231\211\262\006QY\023[\333\212\262"
 997      5732262A 
 997      9989B206 
 997      5159135B 
 997      DB8AB2
 998 0111 D62565ED 		.ascii	"\326%e\355\013J/\346\225\336\314\200\332\261\214\312"
 998      0B4A2FE6 
 998      95DECC80 
 998      DAB18CCA 
 999 0121 3D3CA91C 		.ascii	"=<\251\034\263^v+\307\254\247\375\3121\353\355\0056"
 999      B35E762B 
 999      C7ACA7FD 
 999      CA31EBED 
 999      0536
 1000 0133 AFD2E327 		.ascii	"\257\322\343'{\301\326h\300\321\236\317\254\332\233"
 1000      7BC1D668 
 1000      C0D19ECF 
ARM GAS  /tmp/cchVKdCz.s 			page 35


 1000      ACDA9B
 1001 0142 27EBEB5E 		.ascii	"'\353\353^\265F\355\323X\324>\203S\265i\230m\257\016"
 1001      B546EDD3 
 1001      58D43E83 
 1001      53B56998 
 1001      6DAF0E
 1002 0155 FE2322A0 		.ascii	"\376#\"\240l*\177\034f\3649\233\011\241\374D\362\007"
 1002      6C2A7F1C 
 1002      66F4399B 
 1002      09A1FC44 
 1002      F207
 1003 0167 240AADDF 		.ascii	"$\012\255\337\336\212\304\353B\224\316\322\220+\016"
 1003      DE8AC4EB 
 1003      4294CED2 
 1003      902B0E
 1004 0176 7560C8D8 		.ascii	"u`\310\330\215\323N\341.\334\211E\241in\2609>Y.\007"
 1004      8DD34EE1 
 1004      2EDC8945 
 1004      A1696EB0 
 1004      393E592E 
 1005 018b BE107BB0 		.ascii	"\276\020{\260\\G\275\254\017\302L\217c\\\340\265^\245"
 1005      5C47BDAC 
 1005      0FC24C8F 
 1005      635CE0B5 
 1005      5EA5
 1006 019d 16C27206 		.ascii	"\026\302r\006B\376\210\210\015\221\277\260\023=\004"
 1006      42FE8888 
 1006      0D91BFB0 
 1006      133D04
 1007 01ac A298ECC7 		.ascii	"\242\230\354\307H\214\177t\362\360\214n3|R\300\2718"
 1007      488C7F74 
 1007      F2F08C6E 
 1007      337C52C0 
 1007      B938
 1008 01be 77FEDED4 		.ascii	"w\376\336\324s]\035\224\356K\351\305}\370\2422\210\021"
 1008      735D1D94 
 1008      EE4BE9C5 
 1008      7DF8A232 
 1008      8811
 1009 01d0 41120440 		.ascii	"A\022\004@\333\017P\213K\354\305\375\274v\032\363\342"
 1009      DB0F508B 
 1009      4BECC5FD 
 1009      BC761AF3 
 1009      E2
 1010 01e1 B252FC42 		.ascii	"\262R\374BU\314\224kKJ-\274z\320L\004=pQ\032\022\321"
 1010      55CC946B 
 1010      4B4A2DBC 
 1010      7AD04C04 
 1010      3D70511A 
 1011 01f7 597C06AE 		.ascii	"Y|\006\256]\304\247\360\005<\200\317\343s\254-\244E"
 1011      5DC4A7F0 
 1011      053C80CF 
 1011      E373AC2D 
 1011      A445
 1012 0209 80854D9F 		.ascii	"\200\205M\237\255\231\325\24602\304\311Kx\015*\012]"
 1012      AD99D5A6 
 1012      3032C4C9 
ARM GAS  /tmp/cchVKdCz.s 			page 36


 1012      4B780D2A 
 1012      0A5D
 1013 021b 0355ED98 		.ascii	"\003U\355\230\257\177P\231\345K\2717gz\227\276\336 "
 1013      AF7F5099 
 1013      E54BB937 
 1013      677A97BE 
 1013      DE20
 1014 022d D742EBFA 		.ascii	"\327B\353\372\366\325\340\321Na\016\303\370n\032*\017"
 1014      F6D5E0D1 
 1014      4E610EC3 
 1014      F86E1A2A 
 1014      0F
 1015 023e 134F709A 		.ascii	"\023Op\232\266QZB\317N\373\353*\246\335\311^\007\324"
 1015      B6515A42 
 1015      CF4EFBEB 
 1015      2AA6DDC9 
 1015      5E07D4
 1016 0251 DADCF459 		.ascii	"\332\334\364Y?\\\256\253\213x\204\200\206\245\246\324"
 1016      3F5CAEAB 
 1016      8B788480 
 1016      86A5A6D4 
 1017 0261 9948FFC1 		.ascii	"\231H\377\301vq'uV\260\363\352\224\2003\272\261C\230"
 1017      76712775 
 1017      56B0F3EA 
 1017      948033BA 
 1017      B14398
 1018 0274 862A685B 		.ascii	"\206*h[H\033\354\243\025~\372\353\272\272\351\0016\005"
 1018      481BECA3 
 1018      157EFAEB 
 1018      BABAE901 
 1018      3605
 1019 0286 F545EA2B 		.ascii	"\365E\352+u\001\347\270;\320G\177\026\200Q\374\260,"
 1019      7501E7B8 
 1019      3BD0477F 
 1019      168051FC 
 1019      B02C
 1020 0298 2F2E074B 		.ascii	"/.\007Ky\210zC\330\023\250?P\343\012G\266\225;\\n\352"
 1020      79887A43 
 1020      D813A83F 
 1020      50E30A47 
 1020      B6953B5C 
 1021 02ae 08BBF51E 		.ascii	"\010\273\365\036\370\242A\332\221\354\005\336\323\030"
 1021      F8A241DA 
 1021      91EC05DE 
 1021      D318
 1022 02bc A27A1A08 		.ascii	"\242z\032\010\273\313\203a7\366\006]no0L\261\017\230"
 1022      BBCB8361 
 1022      37F6065D 
 1022      6E6F304C 
 1022      B10F98
 1023 02cf 542FA42A 		.ascii	"T/\244*\017n\361F\366\302Da\232\314\334\336\340\233"
 1023      0F6EF146 
 1023      F6C24461 
 1023      9ACCDCDE 
 1023      E09B
 1024 02e1 E581306B 		.ascii	"\345\2010k\236\033\227\007\250\333\343\240\373\222="
 1024      9E1B9707 
ARM GAS  /tmp/cchVKdCz.s 			page 37


 1024      A8DBE3A0 
 1024      FB923D
 1025 02f0 41B7DB03 		.ascii	"A\267\333\003\376d\360wx\035!\012\007!\267\367y\230"
 1025      FE64F077 
 1025      781D210A 
 1025      0721B7F7 
 1025      7998
 1026 0302 856AE5DB 		.ascii	"\205j\345\333\021\014\002|m\201\266z\372\307\264\363"
 1026      110C027C 
 1026      6D81B67A 
 1026      FAC7B4F3 
 1027 0312 2C7BA0A5 		.ascii	",{\240\245.\001?\343\331\202\360\253zrU@$\302v\247\255"
 1027      2E013FE3 
 1027      D982F0AB 
 1027      7A725540 
 1027      24C276A7 
 1028 0327 7E7998C4 		.ascii	"~y\230\304!t%z\243\011po\351E\241yq\274O\263\011L\367"
 1028      2174257A 
 1028      A309706F 
 1028      E945A179 
 1028      71BC4FB3 
 1029 033e 28DD7817 		.ascii	"(\335x\027]\307\327\240<\212\321\234\274U\215\037\264"
 1029      5DC7D7A0 
 1029      3C8AD19C 
 1029      BC558D1F 
 1029      B4
 1030 034f FC5D93E6 		.ascii	"\374]\223\346\367\320\331Cg\376t\314\003\363\214\342"
 1030      F7D0D943 
 1030      67FE74CC 
 1030      03F38CE2 
 1031 035f CBB09F08 		.ascii	"\313\260\237\010]\305\3502F#x\030\347\3775\206\334^"
 1031      5DC5E832 
 1031      46237818 
 1031      E7FF3586 
 1031      DC5E
 1032 0371 3B81284C 		.ascii	";\201(L:\"\227b\231\265m`o%\325;\240q\342(\276!\233"
 1032      3A229762 
 1032      99B56D60 
 1032      6F25D53B 
 1032      A071E228 
 1033 0388 C730BAA1 		.ascii	"\3070\272\241\230\367\305\220\371\365\346\252\033Wk"
 1033      98F7C590 
 1033      F9F5E6AA 
 1033      1B576B
 1034 0397 B4B27962 		.ascii	"\264\262yb\225\371\246l\236\300\354\375%\233\2351d\005"
 1034      95F9A66C 
 1034      9EC0ECFD 
 1034      259B9D31 
 1034      6405
 1035 03a9 96774003 		.ascii	"\226w@\003\226;\323W\306t0\300\244<\300\324\276\341"
 1035      963BD357 
 1035      C67430C0 
 1035      A43CC0D4 
 1035      BEE1
 1036 03bb 5371D1E1 		.ascii	"Sq\321\341n\301\343\330Xsa\021\247u\300x\217V\215\027"
 1036      6EC1E3D8 
 1036      58736111 
ARM GAS  /tmp/cchVKdCz.s 			page 38


 1036      A775C078 
 1036      8F568D17 
 1037 03cf 91C79BC2 		.ascii	"\221\307\233\302(\242\214\367H$\265l,Wg\343\347\272"
 1037      28A28CF7 
 1037      4824B56C 
 1037      2C5767E3 
 1037      E7BA
 1038 03e1 34BF9FB6 		.ascii	"4\277\237\266\215W2\234\312\370m\031\2077\214B\237\023"
 1038      8D57329C 
 1038      CAF86D19 
 1038      87378C42 
 1038      9F13
 1039 03f3 C9510D6B 		.ascii	"\311Q\015k%\305\3549%p\024+\012u_So\202\216*/\206\247"
 1039      25C5EC39 
 1039      2570142B 
 1039      0A755F53 
 1039      6F828E2A 
 1040 040a A337F0B7 		.ascii	"\2437\360\267\030\031\357B\016\317\017\003w\204\024"
 1040      1819EF42 
 1040      0ECF0F03 
 1040      778414
 1041 0419 F5B3F43F 		.ascii	"\365\263\364?\236\220\276\341\207\273~\032\245\002\302"
 1041      9E90BEE1 
 1041      87BB7E1A 
 1041      A502C2
 1042 0428 3D7C074F 		.ascii	"=|\007O\303\365\031\314\206\201\352\374\335\362,^\035"
 1042      C3F519CC 
 1042      8681EAFC 
 1042      DDF22C5E 
 1042      1D
 1043 0439 54575F3A 		.ascii	"TW_:\010{u\256o\233\007\337\307\337\300\260\321\342"
 1043      087B75AE 
 1043      6F9B07DF 
 1043      C7DFC0B0 
 1043      D1E2
 1044 044b 37187F86 		.ascii	"7\030\177\206\363\273E\322\316V\367iu\337\011\315K\243"
 1044      F3BB45D2 
 1044      CE56F769 
 1044      75DF09CD 
 1044      4BA3
 1045 045d 90F0C091 		.ascii	"\220\360\300\221\252\032\212=\270\007\317\002\033\215"
 1045      AA1A8A3D 
 1045      B807CF02 
 1045      1B8D
 1046 046b 3A8B51FE 		.ascii	":\213Q\376\000&aF\356\335\277w9\221\221C\227:(\274\345"
 1046      00266146 
 1046      EEDDBF77 
 1046      39919143 
 1046      973A28BC 
 1047 0480 7AF03CE7 		.ascii	"z\360<\347\346\201\273\214\311\010\343>\236l\271\026"
 1047      E681BB8C 
 1047      C908E33E 
 1047      9E6CB916 
 1048 0490 2B73F714 		.ascii	"+s\367\024\356\001\347\036\0007\201\311$\343\356\326"
 1048      EE01E71E 
 1048      003781C9 
 1048      24E3EED6 
ARM GAS  /tmp/cchVKdCz.s 			page 39


 1049 04a0 1C9B8A72 		.ascii	"\034\233\212r\325\316\312\220\036\236\357\005\316-\000"
 1049      D5CECA90 
 1049      1E9EEF05 
 1049      CE2D00
 1050 04af 77079339 		.ascii	"w\007\2239\306=^x\2772AN\350\347\011\0279\271\010\344"
 1050      C63D5E78 
 1050      BF32414E 
 1050      E8E70917 
 1050      39B908E4 
 1051 04c3 034C5C22 		.ascii	"\003L\\\"\220M\363\355CZU\302%\316-\001\367\030\023"
 1051      904DF3ED 
 1051      435A55C2 
 1051      25CE2D01 
 1051      F71813
 1052 04d6 1FE34ECC 		.ascii	"\037\343N\314\017\023U\300e\216-\003V%\220\303\014\013"
 1052      0F1355C0 
 1052      658E2D03 
 1052      562590C3 
 1052      0C0B
 1053 04e8 B7549F55 		.ascii	"\267T\237U\007\\\341\334\012p\177\023H;\343n\037\032"
 1053      075CE1DC 
 1053      0A707F13 
 1053      483BE36E 
 1053      1F1A
 1054 04fa BD992407 		.ascii	"\275\231$\007\374\220\007\244\302\023\022\236\310\374"
 1054      FC9007A4 
 1054      C213129E 
 1054      C8FC
 1055 0508 8040C28C 		.ascii	"\200@\302\214<^;6DT\001\035\234s\000\367\261@F\0307"
 1055      3C5E3B36 
 1055      4454011D 
 1055      9C7300F7 
 1055      B1404618 
 1056 051d D6EB1C53 		.ascii	"\326\353\034S'tq\316\005\334?\0052\311\270\316#G;\343"
 1056      277471CE 
 1056      05DC3F05 
 1056      32C9B8CE 
 1056      23473BE3 
 1057 0531 54092B38 		.ascii	"T\011+8W\001\334i\201\3141\256=\362\351\277tr\302\006"
 1057      5701DC69 
 1057      81CC31AE 
 1057      3DF2E9BF 
 1057      7472C206 
 1058 0545 9ED0CD49 		.ascii	"\236\320\315I7\220\027\005\342\212a\315\216<\272\"\252"
 1058      37901705 
 1058      E28A61CD 
 1058      8E3CBA22 
 1058      AA
 1059 0556 125671AE 		.ascii	"\022Vq\256\012\270\353\002\3611\256v\377\302\317U\001"
 1059      0AB8EB02 
 1059      F131AE76 
 1059      FFC2CF55 
 1059      01
 1060 0567 AB39560D 		.ascii	"\2539V\015\330-h!\303\336\257\374\354Z\222*`\015\347"
 1060      D82D6821 
 1060      C3DEAFFC 
 1060      EC5A922A 
ARM GAS  /tmp/cchVKdCz.s 			page 40


 1060      600DE7
 1061 057a 6A809B81 		.ascii	"j\200\233\201\0262n\370\253\323\377\221\247\235m\346"
 1061      16326EF8 
 1061      ABD3FF91 
 1061      A79D6DE6 
 1062 058a 013D9CF4 		.ascii	"\001=\234\364\000\271\010-d\244\243\271\327\227\240"
 1062      00B9082D 
 1062      64A4A3B9 
 1062      D797A0
 1063 0599 0AE8E39C 		.ascii	"\012\350\343\234\0178\247\206\2140\356\273\341\2369"
 1063      0F38A786 
 1063      8C30EEBB 
 1063      E19E39
 1064 05a8 4195F020 		.ascii	"A\225\360 \347\016\002W\243!\223\214kpt\036$\252\204"
 1064      E70E0257 
 1064      A321938C 
 1064      6B70741E 
 1064      24AA84
 1065 05bb B59CAB05 		.ascii	"\265\234\253\005\356\003\015\231c\334\321C'\272b\344"
 1065      EE030D99 
 1065      63DCD143 
 1065      27BA62E4 
 1066 05cb 842D3CA1 		.ascii	"\204-<\241\237\223~ \0335\304\245e\233\262\342\034\321"
 1066      9F937E20 
 1066      1B35C4A5 
 1066      659BB2E2 
 1066      1CD1
 1067 05dd A812D671 		.ascii	"\250\022\326q\256\016\270\343\032\342c\334B\357\360"
 1067      AE0EB8E3 
 1067      1AE263DC 
 1067      42EFF0
 1068 05ec DBAA80F5 		.ascii	"\333\252\200\365\034\253\007\254KC\0163,\262t\344\273"
 1068      1CAB07AC 
 1068      4B430E33 
 1068      2CB274E4 
 1068      BB
 1069 05fd 7855C006 		.ascii	"xU\300\006\3165\000wFC\332\0317\374\260\351d\364.<\316"
 1069      CE350077 
 1069      4643DA19 
 1069      37FCB0E9 
 1069      64F42E3C 
 1070 0612 03063819 		.ascii	"\003\0068\031\000rHC\302\214\3647\204\276\027T\001\203"
 1070      00724843 
 1070      C28CF437 
 1070      84BE1754 
 1070      0183
 1071 0624 9C0B0237 		.ascii	"\234\013\0027\006-d\334\367\221#S\352\273\260\221s\215"
 1071      062D64DC 
 1071      F7912353 
 1071      EABBB091 
 1071      738D
 1072 0636 C0FD1B5A 		.ascii	"\300\375\033Z\310\270\361@O\277V\225\260\211sM\300\315"
 1072      C8B8F140 
 1072      4FBF5695 
 1072      B089734D 
 1072      C0CD
 1073 0648 410B1977 		.ascii	"A\013\031w\337\375\311\376\350&w\361\204\3078y\014\310"
ARM GAS  /tmp/cchVKdCz.s 			page 41


 1073      DFFDC9FE 
 1073      E82677F1 
 1073      84C73879 
 1073      0CC8
 1074 065a 6568612C 		.ascii	"eha,\220\316k\315\255\352M\376\210s\037\001W)\022\037"
 1074      90CE6BCD 
 1074      ADEA4DFE 
 1074      88731F01 
 1074      5729121F 
 1075 066e E30646FA 		.ascii	"\343\006F\372\"1\252\204-\234\203\037!\371>\221\034"
 1075      2231AA84 
 1075      2D9C831F 
 1075      21F93E91 
 1075      1C
 1076 067f 66DCE887 		.ascii	"f\334\350\207\255\217\023T\011[9\327\012\334!Q\024\256"
 1076      AD8F1354 
 1076      095B39D7 
 1076      0ADC2151 
 1076      14AE
 1077 0691 3F5C9CD0 		.ascii	"?\\\234\320\360\037\"\367\225j\233\000\357\340\327\323"
 1077      F01F22F7 
 1077      956A9B00 
 1077      EFE0D7D3 
 1078 06a1 D30DF067 		.ascii	"\323\015\360g\336Y\360N\201\265T\262\333\312\212w\031"
 1078      DE59F04E 
 1078      81B554B2 
 1078      DBCA8A77 
 1078      19
 1079 06b2 ACA506B3 		.ascii	"\254\245\006\263\265\250\310Zl(\265\233l\366\262\022"
 1079      B5A8C85A 
 1079      6C28B59B 
 1079      6CF6B212 
 1080 06c2 C3EBBFCD 		.ascii	"\303\353\277\315\317\313\337\303\256\226\024\024Zl\245"
 1080      CFCBDFC3 
 1080      AE961414 
 1080      5A6CA5
 1081 06d1 86AD7979 		.ascii	"\206\255yy\006\263\315nL7\223\255\277\371}j\2361\027"
 1081      06B3CD6E 
 1081      4C3793AD 
 1081      BFF97D6A 
 1081      9E3117
 1082 06e4 E9A3E7E9 		.ascii	"\351\243\347\351\257\031M;~i4\275\206HYA\261=3C\262"
 1082      AF194D3B 
 1082      7E6934BD 
 1082      86485941 
 1082      B13D3343 
 1083 06f9 C79B0B2D 		.ascii	"\307\233\013-&\233d\262YLq\005\305\005v\371(I>\262["
 1083      269B64B2 
 1083      594C7105 
 1083      C50576F9 
 1083      28493EB2 
 1084 070e F6444F13 		.ascii	"\366DO\023\213\255\022\257\275e\330i-\262\030l\326w"
 1084      8BAD12AF 
 1084      BD65D869 
 1084      2DB2186C 
 1084      D677
 1085 0720 0C6F9AEC 		.ascii	"\014o\232\354&\003\324J\337+6\033\362X\314m\333\243"
ARM GAS  /tmp/cchVKdCz.s 			page 42


 1085      2603D44A 
 1085      DF2B361B 
 1085      F258CC6D 
 1085      DBA3
 1086 0732 FFB7DBCB 		.ascii	"\377\267\333\313\336-\260\032v[m\273JKLf\213\022~\373"
 1086      DE2DB01A 
 1086      765B6DBB 
 1086      4A4B4C66 
 1086      8B127EFB 
 1087 0746 EFF261CE 		.ascii	"\357\362a\316\255o\375\352\015iG\201\255h7\214g@o\374"
 1087      AD6FFDEA 
 1087      0D694781 
 1087      AD68378C 
 1087      67406FFC 
 1088 075a DFCB443A 		.ascii	"\337\313D:\233\251\350\307\204\222]c\314Aq&[\321\237"
 1088      9BA9E8C7 
 1088      84925D63 
 1088      CC417126 
 1088      5BD19F
 1089 076d 732DAF14 		.ascii	"s-\257\024\241x\263\325\006ky\245(\013\305K\222\271"
 1089      A178B3D5 
 1089      066B79A5 
 1089      280BC54B 
 1089      92B9
 1090 077f A44C46C5 		.ascii	"\244LF\305\335\026\323\256DI\202\325\027\276'_I\220"
 1090      DD16D3AE 
 1090      444982D5 
 1090      17BE275F 
 1090      4990
 1091 0791 A44293DD 		.ascii	"\244B\223\335\"\037'I\322\273\226\035\246\262B\273d"
 1091      221F2749 
 1091      D2BB961D 
 1091      A6B242BB 
 1091      64
 1092 07a2 D9536027 		.ascii	"\331S`'\305V\233\305^f+\326K\321y\330\204l\256\3228"
 1092      C5569BC5 
 1092      5E662BD6 
 1092      4BD179D8 
 1092      846CAED2 
 1093 07b7 7EF494C4 		.ascii	"~\364\224\304\256\276*\375\330;i\303\352KR\222r\026"
 1093      AEBE2AFD 
 1093      D83B69C3 
 1093      EA4B5292 
 1093      7216
 1094 07c9 EDB8A453 		.ascii	"\355\270\244SN\213\255"
 1094      4E8BAD
 1095 07d0 D172D46F 		.ascii	"\321r\324o\\\3577\252\374F\265\337\270\306\237\261\336"
 1095      5CEF37AA 
 1095      FC46B5DF 
 1095      B8C69FB1 
 1095      DE
 1096 07e1 9FA1F267 		.ascii	"\237\241\362g\250\375\031k\374\231\353\375\231*\177"
 1096      A8FD196B 
 1096      FC99EBFD 
 1096      992A7F
 1097 07f0 A6DA9FB9 		.ascii	"\246\332\237\271\306\237\265\336\237\245\362g\251\375"
 1097      C69FB5DE 
ARM GAS  /tmp/cchVKdCz.s 			page 43


 1097      9FA5F267 
 1097      A9FD
 1098 07fe 596BFCD9 		.ascii	"Yk\374\331\353\375\331*\177\266\332\237\275\306\237"
 1098      EBFDD92A 
 1098      7FB6DA9F 
 1098      BDC69F
 1099 080d B3DE9FA3 		.ascii	"\263\336\237\243\362\347\250\3759k\374\271\353\375\271"
 1099      F2E7A8FD 
 1099      396BFCB9 
 1099      EBFDB9
 1100 081c 2A7FAEDA 		.ascii	"*\177\256\332\237\313\375\377\005\274\350S2"
 1100      9FCBFDFF 
 1100      05BCE853 
 1100      32
 1101              		.text
 1102              		.section	.gnu.lto_.symtab.8b6e5e7b37d3861,"e",%progbits
 1103 0000 5F5F6370 		.ascii	"__cpu_init\000"
 1103      755F696E 
 1103      697400
 1104 000b 00       		.ascii	"\000"
 1105 000c 01       		.ascii	"\001"
 1106 000d 00       		.ascii	"\000"
 1107 000e 00000000 		.ascii	"\000\000\000\000\000\000\000\000"
 1107      00000000 
 1108 0016 D8000000 		.ascii	"\330\000\000\000"
 1109 001a 5F5F6561 		.ascii	"__early_init\000"
 1109      726C795F 
 1109      696E6974 
 1109      00
 1110 0027 00       		.ascii	"\000"
 1111 0028 01       		.ascii	"\001"
 1112 0029 00       		.ascii	"\000"
 1113 002a 00000000 		.ascii	"\000\000\000\000\000\000\000\000"
 1113      00000000 
 1114 0032 DB000000 		.ascii	"\333\000\000\000"
 1115 0036 5F5F6C61 		.ascii	"__late_init\000"
 1115      74655F69 
 1115      6E697400 
 1116 0042 00       		.ascii	"\000"
 1117 0043 01       		.ascii	"\001"
 1118 0044 00       		.ascii	"\000"
 1119 0045 00000000 		.ascii	"\000\000\000\000\000\000\000\000"
 1119      00000000 
 1120 004d DE000000 		.ascii	"\336\000\000\000"
 1121 0051 5F5F6465 		.ascii	"__default_exit\000"
 1121      6661756C 
 1121      745F6578 
 1121      697400
 1122 0060 00       		.ascii	"\000"
 1123 0061 01       		.ascii	"\001"
 1124 0062 00       		.ascii	"\000"
 1125 0063 00000000 		.ascii	"\000\000\000\000\000\000\000\000"
 1125      00000000 
 1126 006b E3000000 		.ascii	"\343\000\000\000"
 1127 006f 5F5F696E 		.ascii	"__init_ram_areas\000"
 1127      69745F72 
 1127      616D5F61 
ARM GAS  /tmp/cchVKdCz.s 			page 44


 1127      72656173 
 1127      00
 1128 0080 00       		.ascii	"\000"
 1129 0081 00       		.ascii	"\000"
 1130 0082 00       		.ascii	"\000"
 1131 0083 00000000 		.ascii	"\000\000\000\000\000\000\000\000"
 1131      00000000 
 1132 008b E5000000 		.ascii	"\345\000\000\000"
 1133 008f 5F5F7261 		.ascii	"__ram0_init_text__\000"
 1133      6D305F69 
 1133      6E69745F 
 1133      74657874 
 1133      5F5F00
 1134 00a2 00       		.ascii	"\000"
 1135 00a3 02       		.ascii	"\002"
 1136 00a4 00       		.ascii	"\000"
 1137 00a5 00000000 		.ascii	"\000\000\000\000\000\000\000\000"
 1137      00000000 
 1138 00ad F0000000 		.ascii	"\360\000\000\000"
 1139 00b1 5F5F7261 		.ascii	"__ram0_init__\000"
 1139      6D305F69 
 1139      6E69745F 
 1139      5F00
 1140 00bf 00       		.ascii	"\000"
 1141 00c0 02       		.ascii	"\002"
 1142 00c1 00       		.ascii	"\000"
 1143 00c2 00000000 		.ascii	"\000\000\000\000\000\000\000\000"
 1143      00000000 
 1144 00ca F2000000 		.ascii	"\362\000\000\000"
 1145 00ce 5F5F7261 		.ascii	"__ram0_clear__\000"
 1145      6D305F63 
 1145      6C656172 
 1145      5F5F00
 1146 00dd 00       		.ascii	"\000"
 1147 00de 02       		.ascii	"\002"
 1148 00df 00       		.ascii	"\000"
 1149 00e0 00000000 		.ascii	"\000\000\000\000\000\000\000\000"
 1149      00000000 
 1150 00e8 F4000000 		.ascii	"\364\000\000\000"
 1151 00ec 5F5F7261 		.ascii	"__ram0_noinit__\000"
 1151      6D305F6E 
 1151      6F696E69 
 1151      745F5F00 
 1152 00fc 00       		.ascii	"\000"
 1153 00fd 02       		.ascii	"\002"
 1154 00fe 00       		.ascii	"\000"
 1155 00ff 00000000 		.ascii	"\000\000\000\000\000\000\000\000"
 1155      00000000 
 1156 0107 F6000000 		.ascii	"\366\000\000\000"
 1157 010b 5F5F7261 		.ascii	"__ram1_init_text__\000"
 1157      6D315F69 
 1157      6E69745F 
 1157      74657874 
 1157      5F5F00
 1158 011e 00       		.ascii	"\000"
 1159 011f 02       		.ascii	"\002"
 1160 0120 00       		.ascii	"\000"
ARM GAS  /tmp/cchVKdCz.s 			page 45


 1161 0121 00000000 		.ascii	"\000\000\000\000\000\000\000\000"
 1161      00000000 
 1162 0129 F8000000 		.ascii	"\370\000\000\000"
 1163 012d 5F5F7261 		.ascii	"__ram1_init__\000"
 1163      6D315F69 
 1163      6E69745F 
 1163      5F00
 1164 013b 00       		.ascii	"\000"
 1165 013c 02       		.ascii	"\002"
 1166 013d 00       		.ascii	"\000"
 1167 013e 00000000 		.ascii	"\000\000\000\000\000\000\000\000"
 1167      00000000 
 1168 0146 FA000000 		.ascii	"\372\000\000\000"
 1169 014a 5F5F7261 		.ascii	"__ram1_clear__\000"
 1169      6D315F63 
 1169      6C656172 
 1169      5F5F00
 1170 0159 00       		.ascii	"\000"
 1171 015a 02       		.ascii	"\002"
 1172 015b 00       		.ascii	"\000"
 1173 015c 00000000 		.ascii	"\000\000\000\000\000\000\000\000"
 1173      00000000 
 1174 0164 FC000000 		.ascii	"\374\000\000\000"
 1175 0168 5F5F7261 		.ascii	"__ram1_noinit__\000"
 1175      6D315F6E 
 1175      6F696E69 
 1175      745F5F00 
 1176 0178 00       		.ascii	"\000"
 1177 0179 02       		.ascii	"\002"
 1178 017a 00       		.ascii	"\000"
 1179 017b 00000000 		.ascii	"\000\000\000\000\000\000\000\000"
 1179      00000000 
 1180 0183 FE000000 		.ascii	"\376\000\000\000"
 1181 0187 5F5F7261 		.ascii	"__ram2_init_text__\000"
 1181      6D325F69 
 1181      6E69745F 
 1181      74657874 
 1181      5F5F00
 1182 019a 00       		.ascii	"\000"
 1183 019b 02       		.ascii	"\002"
 1184 019c 00       		.ascii	"\000"
 1185 019d 00000000 		.ascii	"\000\000\000\000\000\000\000\000"
 1185      00000000 
 1186 01a5 00010000 		.ascii	"\000\001\000\000"
 1187 01a9 5F5F7261 		.ascii	"__ram2_init__\000"
 1187      6D325F69 
 1187      6E69745F 
 1187      5F00
 1188 01b7 00       		.ascii	"\000"
 1189 01b8 02       		.ascii	"\002"
 1190 01b9 00       		.ascii	"\000"
 1191 01ba 00000000 		.ascii	"\000\000\000\000\000\000\000\000"
 1191      00000000 
 1192 01c2 02010000 		.ascii	"\002\001\000\000"
 1193 01c6 5F5F7261 		.ascii	"__ram2_clear__\000"
 1193      6D325F63 
 1193      6C656172 
ARM GAS  /tmp/cchVKdCz.s 			page 46


 1193      5F5F00
 1194 01d5 00       		.ascii	"\000"
 1195 01d6 02       		.ascii	"\002"
 1196 01d7 00       		.ascii	"\000"
 1197 01d8 00000000 		.ascii	"\000\000\000\000\000\000\000\000"
 1197      00000000 
 1198 01e0 04010000 		.ascii	"\004\001\000\000"
 1199 01e4 5F5F7261 		.ascii	"__ram2_noinit__\000"
 1199      6D325F6E 
 1199      6F696E69 
 1199      745F5F00 
 1200 01f4 00       		.ascii	"\000"
 1201 01f5 02       		.ascii	"\002"
 1202 01f6 00       		.ascii	"\000"
 1203 01f7 00000000 		.ascii	"\000\000\000\000\000\000\000\000"
 1203      00000000 
 1204 01ff 06010000 		.ascii	"\006\001\000\000"
 1205 0203 5F5F7261 		.ascii	"__ram3_init_text__\000"
 1205      6D335F69 
 1205      6E69745F 
 1205      74657874 
 1205      5F5F00
 1206 0216 00       		.ascii	"\000"
 1207 0217 02       		.ascii	"\002"
 1208 0218 00       		.ascii	"\000"
 1209 0219 00000000 		.ascii	"\000\000\000\000\000\000\000\000"
 1209      00000000 
 1210 0221 08010000 		.ascii	"\010\001\000\000"
 1211 0225 5F5F7261 		.ascii	"__ram3_init__\000"
 1211      6D335F69 
 1211      6E69745F 
 1211      5F00
 1212 0233 00       		.ascii	"\000"
 1213 0234 02       		.ascii	"\002"
 1214 0235 00       		.ascii	"\000"
 1215 0236 00000000 		.ascii	"\000\000\000\000\000\000\000\000"
 1215      00000000 
 1216 023e 0A010000 		.ascii	"\012\001\000\000"
 1217 0242 5F5F7261 		.ascii	"__ram3_clear__\000"
 1217      6D335F63 
 1217      6C656172 
 1217      5F5F00
 1218 0251 00       		.ascii	"\000"
 1219 0252 02       		.ascii	"\002"
 1220 0253 00       		.ascii	"\000"
 1221 0254 00000000 		.ascii	"\000\000\000\000\000\000\000\000"
 1221      00000000 
 1222 025c 0C010000 		.ascii	"\014\001\000\000"
 1223 0260 5F5F7261 		.ascii	"__ram3_noinit__\000"
 1223      6D335F6E 
 1223      6F696E69 
 1223      745F5F00 
 1224 0270 00       		.ascii	"\000"
 1225 0271 02       		.ascii	"\002"
 1226 0272 00       		.ascii	"\000"
 1227 0273 00000000 		.ascii	"\000\000\000\000\000\000\000\000"
 1227      00000000 
ARM GAS  /tmp/cchVKdCz.s 			page 47


 1228 027b 0E010000 		.ascii	"\016\001\000\000"
 1229 027f 5F5F7261 		.ascii	"__ram4_init_text__\000"
 1229      6D345F69 
 1229      6E69745F 
 1229      74657874 
 1229      5F5F00
 1230 0292 00       		.ascii	"\000"
 1231 0293 02       		.ascii	"\002"
 1232 0294 00       		.ascii	"\000"
 1233 0295 00000000 		.ascii	"\000\000\000\000\000\000\000\000"
 1233      00000000 
 1234 029d 10010000 		.ascii	"\020\001\000\000"
 1235 02a1 5F5F7261 		.ascii	"__ram4_init__\000"
 1235      6D345F69 
 1235      6E69745F 
 1235      5F00
 1236 02af 00       		.ascii	"\000"
 1237 02b0 02       		.ascii	"\002"
 1238 02b1 00       		.ascii	"\000"
 1239 02b2 00000000 		.ascii	"\000\000\000\000\000\000\000\000"
 1239      00000000 
 1240 02ba 12010000 		.ascii	"\022\001\000\000"
 1241 02be 5F5F7261 		.ascii	"__ram4_clear__\000"
 1241      6D345F63 
 1241      6C656172 
 1241      5F5F00
 1242 02cd 00       		.ascii	"\000"
 1243 02ce 02       		.ascii	"\002"
 1244 02cf 00       		.ascii	"\000"
 1245 02d0 00000000 		.ascii	"\000\000\000\000\000\000\000\000"
 1245      00000000 
 1246 02d8 14010000 		.ascii	"\024\001\000\000"
 1247 02dc 5F5F7261 		.ascii	"__ram4_noinit__\000"
 1247      6D345F6E 
 1247      6F696E69 
 1247      745F5F00 
 1248 02ec 00       		.ascii	"\000"
 1249 02ed 02       		.ascii	"\002"
 1250 02ee 00       		.ascii	"\000"
 1251 02ef 00000000 		.ascii	"\000\000\000\000\000\000\000\000"
 1251      00000000 
 1252 02f7 16010000 		.ascii	"\026\001\000\000"
 1253 02fb 5F5F7261 		.ascii	"__ram5_init_text__\000"
 1253      6D355F69 
 1253      6E69745F 
 1253      74657874 
 1253      5F5F00
 1254 030e 00       		.ascii	"\000"
 1255 030f 02       		.ascii	"\002"
 1256 0310 00       		.ascii	"\000"
 1257 0311 00000000 		.ascii	"\000\000\000\000\000\000\000\000"
 1257      00000000 
 1258 0319 18010000 		.ascii	"\030\001\000\000"
 1259 031d 5F5F7261 		.ascii	"__ram5_init__\000"
 1259      6D355F69 
 1259      6E69745F 
 1259      5F00
ARM GAS  /tmp/cchVKdCz.s 			page 48


 1260 032b 00       		.ascii	"\000"
 1261 032c 02       		.ascii	"\002"
 1262 032d 00       		.ascii	"\000"
 1263 032e 00000000 		.ascii	"\000\000\000\000\000\000\000\000"
 1263      00000000 
 1264 0336 1A010000 		.ascii	"\032\001\000\000"
 1265 033a 5F5F7261 		.ascii	"__ram5_clear__\000"
 1265      6D355F63 
 1265      6C656172 
 1265      5F5F00
 1266 0349 00       		.ascii	"\000"
 1267 034a 02       		.ascii	"\002"
 1268 034b 00       		.ascii	"\000"
 1269 034c 00000000 		.ascii	"\000\000\000\000\000\000\000\000"
 1269      00000000 
 1270 0354 1C010000 		.ascii	"\034\001\000\000"
 1271 0358 5F5F7261 		.ascii	"__ram5_noinit__\000"
 1271      6D355F6E 
 1271      6F696E69 
 1271      745F5F00 
 1272 0368 00       		.ascii	"\000"
 1273 0369 02       		.ascii	"\002"
 1274 036a 00       		.ascii	"\000"
 1275 036b 00000000 		.ascii	"\000\000\000\000\000\000\000\000"
 1275      00000000 
 1276 0373 1E010000 		.ascii	"\036\001\000\000"
 1277 0377 5F5F7261 		.ascii	"__ram6_init_text__\000"
 1277      6D365F69 
 1277      6E69745F 
 1277      74657874 
 1277      5F5F00
 1278 038a 00       		.ascii	"\000"
 1279 038b 02       		.ascii	"\002"
 1280 038c 00       		.ascii	"\000"
 1281 038d 00000000 		.ascii	"\000\000\000\000\000\000\000\000"
 1281      00000000 
 1282 0395 20010000 		.ascii	" \001\000\000"
 1283 0399 5F5F7261 		.ascii	"__ram6_init__\000"
 1283      6D365F69 
 1283      6E69745F 
 1283      5F00
 1284 03a7 00       		.ascii	"\000"
 1285 03a8 02       		.ascii	"\002"
 1286 03a9 00       		.ascii	"\000"
 1287 03aa 00000000 		.ascii	"\000\000\000\000\000\000\000\000"
 1287      00000000 
 1288 03b2 22010000 		.ascii	"\"\001\000\000"
 1289 03b6 5F5F7261 		.ascii	"__ram6_clear__\000"
 1289      6D365F63 
 1289      6C656172 
 1289      5F5F00
 1290 03c5 00       		.ascii	"\000"
 1291 03c6 02       		.ascii	"\002"
 1292 03c7 00       		.ascii	"\000"
 1293 03c8 00000000 		.ascii	"\000\000\000\000\000\000\000\000"
 1293      00000000 
 1294 03d0 24010000 		.ascii	"$\001\000\000"
ARM GAS  /tmp/cchVKdCz.s 			page 49


 1295 03d4 5F5F7261 		.ascii	"__ram6_noinit__\000"
 1295      6D365F6E 
 1295      6F696E69 
 1295      745F5F00 
 1296 03e4 00       		.ascii	"\000"
 1297 03e5 02       		.ascii	"\002"
 1298 03e6 00       		.ascii	"\000"
 1299 03e7 00000000 		.ascii	"\000\000\000\000\000\000\000\000"
 1299      00000000 
 1300 03ef 26010000 		.ascii	"&\001\000\000"
 1301 03f3 5F5F7261 		.ascii	"__ram7_init_text__\000"
 1301      6D375F69 
 1301      6E69745F 
 1301      74657874 
 1301      5F5F00
 1302 0406 00       		.ascii	"\000"
 1303 0407 02       		.ascii	"\002"
 1304 0408 00       		.ascii	"\000"
 1305 0409 00000000 		.ascii	"\000\000\000\000\000\000\000\000"
 1305      00000000 
 1306 0411 28010000 		.ascii	"(\001\000\000"
 1307 0415 5F5F7261 		.ascii	"__ram7_init__\000"
 1307      6D375F69 
 1307      6E69745F 
 1307      5F00
 1308 0423 00       		.ascii	"\000"
 1309 0424 02       		.ascii	"\002"
 1310 0425 00       		.ascii	"\000"
 1311 0426 00000000 		.ascii	"\000\000\000\000\000\000\000\000"
 1311      00000000 
 1312 042e 2A010000 		.ascii	"*\001\000\000"
 1313 0432 5F5F7261 		.ascii	"__ram7_clear__\000"
 1313      6D375F63 
 1313      6C656172 
 1313      5F5F00
 1314 0441 00       		.ascii	"\000"
 1315 0442 02       		.ascii	"\002"
 1316 0443 00       		.ascii	"\000"
 1317 0444 00000000 		.ascii	"\000\000\000\000\000\000\000\000"
 1317      00000000 
 1318 044c 2C010000 		.ascii	",\001\000\000"
 1319 0450 5F5F7261 		.ascii	"__ram7_noinit__\000"
 1319      6D375F6E 
 1319      6F696E69 
 1319      745F5F00 
 1320 0460 00       		.ascii	"\000"
 1321 0461 02       		.ascii	"\002"
 1322 0462 00       		.ascii	"\000"
 1323 0463 00000000 		.ascii	"\000\000\000\000\000\000\000\000"
 1323      00000000 
 1324 046b 2E010000 		.ascii	".\001\000\000"
 1325              		.text
 1326              		.section	.gnu.lto_.ext_symtab.8b6e5e7b37d3861,"e",%progbits
 1327 0000 01       		.ascii	"\001"
 1328 0001 01       		.ascii	"\001"
 1329 0002 00       		.ascii	"\000"
 1330 0003 01       		.ascii	"\001"
ARM GAS  /tmp/cchVKdCz.s 			page 50


 1331 0004 00       		.ascii	"\000"
 1332 0005 01       		.ascii	"\001"
 1333 0006 00       		.ascii	"\000"
 1334 0007 01       		.ascii	"\001"
 1335 0008 00       		.ascii	"\000"
 1336 0009 01       		.ascii	"\001"
 1337 000a 00       		.ascii	"\000"
 1338 000b 02       		.ascii	"\002"
 1339 000c 01       		.ascii	"\001"
 1340 000d 02       		.ascii	"\002"
 1341 000e 01       		.ascii	"\001"
 1342 000f 02       		.ascii	"\002"
 1343 0010 01       		.ascii	"\001"
 1344 0011 02       		.ascii	"\002"
 1345 0012 01       		.ascii	"\001"
 1346 0013 02       		.ascii	"\002"
 1347 0014 01       		.ascii	"\001"
 1348 0015 02       		.ascii	"\002"
 1349 0016 01       		.ascii	"\001"
 1350 0017 02       		.ascii	"\002"
 1351 0018 01       		.ascii	"\001"
 1352 0019 02       		.ascii	"\002"
 1353 001a 01       		.ascii	"\001"
 1354 001b 02       		.ascii	"\002"
 1355 001c 01       		.ascii	"\001"
 1356 001d 02       		.ascii	"\002"
 1357 001e 01       		.ascii	"\001"
 1358 001f 02       		.ascii	"\002"
 1359 0020 01       		.ascii	"\001"
 1360 0021 02       		.ascii	"\002"
 1361 0022 01       		.ascii	"\001"
 1362 0023 02       		.ascii	"\002"
 1363 0024 01       		.ascii	"\001"
 1364 0025 02       		.ascii	"\002"
 1365 0026 01       		.ascii	"\001"
 1366 0027 02       		.ascii	"\002"
 1367 0028 01       		.ascii	"\001"
 1368 0029 02       		.ascii	"\002"
 1369 002a 01       		.ascii	"\001"
 1370 002b 02       		.ascii	"\002"
 1371 002c 01       		.ascii	"\001"
 1372 002d 02       		.ascii	"\002"
 1373 002e 01       		.ascii	"\001"
 1374 002f 02       		.ascii	"\002"
 1375 0030 01       		.ascii	"\001"
 1376 0031 02       		.ascii	"\002"
 1377 0032 01       		.ascii	"\001"
 1378 0033 02       		.ascii	"\002"
 1379 0034 01       		.ascii	"\001"
 1380 0035 02       		.ascii	"\002"
 1381 0036 01       		.ascii	"\001"
 1382 0037 02       		.ascii	"\002"
 1383 0038 01       		.ascii	"\001"
 1384 0039 02       		.ascii	"\002"
 1385 003a 01       		.ascii	"\001"
 1386 003b 02       		.ascii	"\002"
 1387 003c 01       		.ascii	"\001"
ARM GAS  /tmp/cchVKdCz.s 			page 51


 1388 003d 02       		.ascii	"\002"
 1389 003e 01       		.ascii	"\001"
 1390 003f 02       		.ascii	"\002"
 1391 0040 01       		.ascii	"\001"
 1392 0041 02       		.ascii	"\002"
 1393 0042 01       		.ascii	"\001"
 1394 0043 02       		.ascii	"\002"
 1395 0044 01       		.ascii	"\001"
 1396 0045 02       		.ascii	"\002"
 1397 0046 01       		.ascii	"\001"
 1398 0047 02       		.ascii	"\002"
 1399 0048 01       		.ascii	"\001"
 1400 0049 02       		.ascii	"\002"
 1401 004a 01       		.ascii	"\001"
 1402              		.text
 1403              		.section	.gnu.lto_.opts,"e",%progbits
 1404 0000 272D666E 		.ascii	"'-fno-openmp' '-fno-openacc' '-fno-pie' '-fcf-prote"
 1404      6F2D6F70 
 1404      656E6D70 
 1404      2720272D 
 1404      666E6F2D 
 1405 0033 6374696F 		.ascii	"ction=none' '-g' '-mcpu=cortex-m4' '-mthumb' '-mflo"
 1405      6E3D6E6F 
 1405      6E652720 
 1405      272D6727 
 1405      20272D6D 
 1406 0066 61742D61 		.ascii	"at-abi=soft' '-mlibarch=armv7e-m' '-march=armv7e-m'"
 1406      62693D73 
 1406      6F667427 
 1406      20272D6D 
 1406      6C696261 
 1407 0099 20272D4F 		.ascii	" '-O2' '-fomit-frame-pointer' '-falign-functions=16"
 1407      32272027 
 1407      2D666F6D 
 1407      69742D66 
 1407      72616D65 
 1408 00cc 2720272D 		.ascii	"' '-ffunction-sections' '-fdata-sections' '-fno-com"
 1408      6666756E 
 1408      6374696F 
 1408      6E2D7365 
 1408      6374696F 
 1409 00ff 6D6F6E27 		.ascii	"mon' '-flto' '-Xassembler' '-alms=./build/lst/crt1."
 1409      20272D66 
 1409      6C746F27 
 1409      20272D58 
 1409      61737365 
 1410 0132 6C737427 		.ascii	"lst'\000"
 1410      00
 1411              		.text
 1412              		.comm	__gnu_lto_slim,1,1
 1413              		.ident	"GCC: (Arm GNU Toolchain 11.3.Rel1) 11.3.1 20220712"
ARM GAS  /tmp/cchVKdCz.s 			page 52


DEFINED SYMBOLS
                            *ABS*:0000000000000000 crt1.c
     /tmp/cchVKdCz.s:21     .gnu.debuglto_.debug_info:0000000000000000 crt1.c.91af81a9
                            *COM*:0000000000000001 __gnu_lto_slim

NO UNDEFINED SYMBOLS
