ARM GAS  /tmp/ccii5dtx.s 			page 1


   1              		.cpu cortex-m4
   2              		.arch armv7e-m
   3              		.fpu softvfp
   4              		.eabi_attribute 20, 1
   5              		.eabi_attribute 21, 1
   6              		.eabi_attribute 23, 3
   7              		.eabi_attribute 24, 1
   8              		.eabi_attribute 25, 1
   9              		.eabi_attribute 26, 1
  10              		.eabi_attribute 30, 2
  11              		.eabi_attribute 34, 1
  12              		.eabi_attribute 18, 4
  13              		.file	"hal.c"
  14              		.file 1 "../../chibios_trunk/os/hal/include/hal_st.h"
  15              		.file 2 "boards/BLACKPILL_F401CC/board.h"
  16              		.file 3 "../../chibios_trunk/os/hal/include/hal_serial_usb.h"
  17              		.file 4 "../../chibios_trunk/os/hal/include/hal_usb.h"
  18              		.file 5 "../../chibios_trunk/os/hal/include/hal_icu.h"
  19              		.file 6 "../../chibios_trunk/os/hal/ports/STM32/LLD/GPIOv2/hal_pal_lld.h"
  20              		.file 7 "../../chibios_trunk/os/hal/ports/STM32/STM32F4xx/hal_lld_type1.h"
  21              		.file 8 "../../chibios_trunk/os/hal/src/hal.c"
  22              		.file 9 "../../chibios_trunk/os/hal/osal/rt-nil/osal.h"
  23              		.section	.gnu.debuglto_.debug_info,"e",%progbits
  24              	.Ldebug_info0:
  25              		.hidden	hal.c.65e0c322
  26              		.weak	hal.c.65e0c322
  27              	hal.c.65e0c322:
  28 0000 BC000000 		.4byte	0xbc
  29 0004 0500     		.2byte	0x5
  30 0006 01       		.byte	0x1
  31 0007 04       		.byte	0x4
  32 0008 00000000 		.4byte	.Ldebug_abbrev0
  33 000c 04       		.uleb128 0x4
  34 000d A6000000 		.4byte	.LASF19
  35 0011 1D       		.byte	0x1d
  36 0012 6E000000 		.4byte	.LASF20
  37 0016 7C010000 		.4byte	.LASF21
  38 001a 00000000 		.4byte	.Ldebug_line0
  39 001e 05       		.uleb128 0x5
  40 001f 04       		.byte	0x4
  41 0020 05       		.byte	0x5
  42 0021 696E7400 		.ascii	"int\000"
  43 0025 01       		.uleb128 0x1
  44 0026 04       		.byte	0x4
  45 0027 07       		.byte	0x7
  46 0028 1E000000 		.4byte	.LASF0
  47 002c 01       		.uleb128 0x1
  48 002d 08       		.byte	0x8
  49 002e 05       		.byte	0x5
  50 002f 00000000 		.4byte	.LASF1
  51 0033 01       		.uleb128 0x1
  52 0034 08       		.byte	0x8
  53 0035 04       		.byte	0x4
  54 0036 FE010000 		.4byte	.LASF2
  55 003a 01       		.uleb128 0x1
  56 003b 01       		.byte	0x1
  57 003c 06       		.byte	0x6
ARM GAS  /tmp/ccii5dtx.s 			page 2


  58 003d E9010000 		.4byte	.LASF3
  59 0041 01       		.uleb128 0x1
  60 0042 01       		.byte	0x1
  61 0043 08       		.byte	0x8
  62 0044 93000000 		.4byte	.LASF4
  63 0048 01       		.uleb128 0x1
  64 0049 02       		.byte	0x2
  65 004a 05       		.byte	0x5
  66 004b 72010000 		.4byte	.LASF5
  67 004f 01       		.uleb128 0x1
  68 0050 02       		.byte	0x2
  69 0051 07       		.byte	0x7
  70 0052 5B000000 		.4byte	.LASF6
  71 0056 01       		.uleb128 0x1
  72 0057 04       		.byte	0x4
  73 0058 05       		.byte	0x5
  74 0059 61010000 		.4byte	.LASF7
  75 005d 01       		.uleb128 0x1
  76 005e 04       		.byte	0x4
  77 005f 07       		.byte	0x7
  78 0060 32000000 		.4byte	.LASF8
  79 0064 01       		.uleb128 0x1
  80 0065 08       		.byte	0x8
  81 0066 07       		.byte	0x7
  82 0067 44000000 		.4byte	.LASF9
  83 006b 01       		.uleb128 0x1
  84 006c 01       		.byte	0x1
  85 006d 08       		.byte	0x8
  86 006e A1000000 		.4byte	.LASF10
  87 0072 01       		.uleb128 0x1
  88 0073 01       		.byte	0x1
  89 0074 02       		.byte	0x2
  90 0075 CC010000 		.4byte	.LASF11
  91 0079 03       		.uleb128 0x3
  92 007a 2B000000 		.4byte	.LASF12
  93 007e 01       		.byte	0x1
  94 007f 46       		.byte	0x46
  95 0080 02       		.uleb128 0x2
  96 0081 DF010000 		.4byte	.LASF13
  97 0085 02       		.byte	0x2
  98 0086 5C05     		.2byte	0x55c
  99 0088 03       		.uleb128 0x3
 100 0089 0A020000 		.4byte	.LASF14
 101 008d 03       		.byte	0x3
 102 008e B0       		.byte	0xb0
 103 008f 02       		.uleb128 0x2
 104 0090 16000000 		.4byte	.LASF15
 105 0094 04       		.byte	0x4
 106 0095 5D02     		.2byte	0x25d
 107 0097 03       		.uleb128 0x3
 108 0098 0E000000 		.4byte	.LASF16
 109 009c 05       		.byte	0x5
 110 009d F8       		.byte	0xf8
 111 009e 02       		.uleb128 0x2
 112 009f 12020000 		.4byte	.LASF17
 113 00a3 06       		.byte	0x6
 114 00a4 F201     		.2byte	0x1f2
ARM GAS  /tmp/ccii5dtx.s 			page 3


 115 00a6 02       		.uleb128 0x2
 116 00a7 D2010000 		.4byte	.LASF18
 117 00ab 07       		.byte	0x7
 118 00ac F007     		.2byte	0x7f0
 119 00ae 06       		.uleb128 0x6
 120 00af 6A010000 		.4byte	.LASF22
 121 00b3 08       		.byte	0x8
 122 00b4 38       		.byte	0x38
 123 00b5 06       		.byte	0x6
 124 00b6 07       		.uleb128 0x7
 125 00b7 F5010000 		.4byte	.LASF23
 126 00bb 09       		.byte	0x9
 127 00bc 1302     		.2byte	0x213
 128 00be 14       		.byte	0x14
 129 00bf 00       		.byte	0
 130              		.section	.gnu.debuglto_.debug_abbrev,"e",%progbits
 131              	.Ldebug_abbrev0:
 132 0000 01       		.uleb128 0x1
 133 0001 24       		.uleb128 0x24
 134 0002 00       		.byte	0
 135 0003 0B       		.uleb128 0xb
 136 0004 0B       		.uleb128 0xb
 137 0005 3E       		.uleb128 0x3e
 138 0006 0B       		.uleb128 0xb
 139 0007 03       		.uleb128 0x3
 140 0008 0E       		.uleb128 0xe
 141 0009 00       		.byte	0
 142 000a 00       		.byte	0
 143 000b 02       		.uleb128 0x2
 144 000c 2E       		.uleb128 0x2e
 145 000d 00       		.byte	0
 146 000e 3F       		.uleb128 0x3f
 147 000f 19       		.uleb128 0x19
 148 0010 03       		.uleb128 0x3
 149 0011 0E       		.uleb128 0xe
 150 0012 3A       		.uleb128 0x3a
 151 0013 0B       		.uleb128 0xb
 152 0014 3B       		.uleb128 0x3b
 153 0015 05       		.uleb128 0x5
 154 0016 39       		.uleb128 0x39
 155 0017 21       		.uleb128 0x21
 156 0018 08       		.sleb128 8
 157 0019 27       		.uleb128 0x27
 158 001a 19       		.uleb128 0x19
 159 001b 3C       		.uleb128 0x3c
 160 001c 19       		.uleb128 0x19
 161 001d 00       		.byte	0
 162 001e 00       		.byte	0
 163 001f 03       		.uleb128 0x3
 164 0020 2E       		.uleb128 0x2e
 165 0021 00       		.byte	0
 166 0022 3F       		.uleb128 0x3f
 167 0023 19       		.uleb128 0x19
 168 0024 03       		.uleb128 0x3
 169 0025 0E       		.uleb128 0xe
 170 0026 3A       		.uleb128 0x3a
 171 0027 0B       		.uleb128 0xb
ARM GAS  /tmp/ccii5dtx.s 			page 4


 172 0028 3B       		.uleb128 0x3b
 173 0029 0B       		.uleb128 0xb
 174 002a 39       		.uleb128 0x39
 175 002b 21       		.uleb128 0x21
 176 002c 08       		.sleb128 8
 177 002d 27       		.uleb128 0x27
 178 002e 19       		.uleb128 0x19
 179 002f 3C       		.uleb128 0x3c
 180 0030 19       		.uleb128 0x19
 181 0031 00       		.byte	0
 182 0032 00       		.byte	0
 183 0033 04       		.uleb128 0x4
 184 0034 11       		.uleb128 0x11
 185 0035 01       		.byte	0x1
 186 0036 25       		.uleb128 0x25
 187 0037 0E       		.uleb128 0xe
 188 0038 13       		.uleb128 0x13
 189 0039 0B       		.uleb128 0xb
 190 003a 03       		.uleb128 0x3
 191 003b 0E       		.uleb128 0xe
 192 003c 1B       		.uleb128 0x1b
 193 003d 0E       		.uleb128 0xe
 194 003e 10       		.uleb128 0x10
 195 003f 17       		.uleb128 0x17
 196 0040 00       		.byte	0
 197 0041 00       		.byte	0
 198 0042 05       		.uleb128 0x5
 199 0043 24       		.uleb128 0x24
 200 0044 00       		.byte	0
 201 0045 0B       		.uleb128 0xb
 202 0046 0B       		.uleb128 0xb
 203 0047 3E       		.uleb128 0x3e
 204 0048 0B       		.uleb128 0xb
 205 0049 03       		.uleb128 0x3
 206 004a 08       		.uleb128 0x8
 207 004b 00       		.byte	0
 208 004c 00       		.byte	0
 209 004d 06       		.uleb128 0x6
 210 004e 2E       		.uleb128 0x2e
 211 004f 00       		.byte	0
 212 0050 3F       		.uleb128 0x3f
 213 0051 19       		.uleb128 0x19
 214 0052 03       		.uleb128 0x3
 215 0053 0E       		.uleb128 0xe
 216 0054 3A       		.uleb128 0x3a
 217 0055 0B       		.uleb128 0xb
 218 0056 3B       		.uleb128 0x3b
 219 0057 0B       		.uleb128 0xb
 220 0058 39       		.uleb128 0x39
 221 0059 0B       		.uleb128 0xb
 222 005a 27       		.uleb128 0x27
 223 005b 19       		.uleb128 0x19
 224 005c 00       		.byte	0
 225 005d 00       		.byte	0
 226 005e 07       		.uleb128 0x7
 227 005f 2E       		.uleb128 0x2e
 228 0060 00       		.byte	0
ARM GAS  /tmp/ccii5dtx.s 			page 5


 229 0061 03       		.uleb128 0x3
 230 0062 0E       		.uleb128 0xe
 231 0063 3A       		.uleb128 0x3a
 232 0064 0B       		.uleb128 0xb
 233 0065 3B       		.uleb128 0x3b
 234 0066 05       		.uleb128 0x5
 235 0067 39       		.uleb128 0x39
 236 0068 0B       		.uleb128 0xb
 237 0069 27       		.uleb128 0x27
 238 006a 19       		.uleb128 0x19
 239 006b 00       		.byte	0
 240 006c 00       		.byte	0
 241 006d 00       		.byte	0
 242              		.section	.gnu.debuglto_.debug_line,"e",%progbits
 243              	.Ldebug_line0:
 244 0000 72000000 		.4byte	.LELT0-.LSLT0
 245              	.LSLT0:
 246 0004 0500     		.2byte	0x5
 247 0006 04       		.byte	0x4
 248 0007 00       		.byte	0
 249 0008 6A000000 		.4byte	.LELTP0-.LASLTP0
 250              	.LASLTP0:
 251 000c 01       		.byte	0x1
 252 000d 01       		.byte	0x1
 253 000e 01       		.byte	0x1
 254 000f F6       		.byte	0xf6
 255 0010 F2       		.byte	0xf2
 256 0011 0D       		.byte	0xd
 257 0012 00       		.byte	0
 258 0013 01       		.byte	0x1
 259 0014 01       		.byte	0x1
 260 0015 01       		.byte	0x1
 261 0016 01       		.byte	0x1
 262 0017 00       		.byte	0
 263 0018 00       		.byte	0
 264 0019 00       		.byte	0
 265 001a 01       		.byte	0x1
 266 001b 00       		.byte	0
 267 001c 00       		.byte	0
 268 001d 01       		.byte	0x1
 269 001e 01       		.byte	0x1
 270 001f 01       		.uleb128 0x1
 271 0020 1F       		.uleb128 0x1f
 272 0021 07       		.uleb128 0x7
 273 0022 EF000000 		.4byte	.LASF24
 274 0026 00000000 		.4byte	.LASF25
 275 002a 8A010000 		.4byte	.LASF26
 276 002e A3000000 		.4byte	.LASF27
 277 0032 72000000 		.4byte	.LASF28
 278 0036 53000000 		.4byte	.LASF29
 279 003a 3B000000 		.4byte	.LASF30
 280 003e 02       		.byte	0x2
 281 003f 01       		.uleb128 0x1
 282 0040 1F       		.uleb128 0x1f
 283 0041 02       		.uleb128 0x2
 284 0042 0B       		.uleb128 0xb
 285 0043 0A       		.uleb128 0xa
ARM GAS  /tmp/ccii5dtx.s 			page 6


 286 0044 65010000 		.4byte	.LASF31
 287 0048 00       		.byte	0
 288 0049 B1010000 		.4byte	.LASF32
 289 004d 01       		.byte	0x1
 290 004e 3F010000 		.4byte	.LASF33
 291 0052 06       		.byte	0x6
 292 0053 23000000 		.4byte	.LASF34
 293 0057 01       		.byte	0x1
 294 0058 5B010000 		.4byte	.LASF35
 295 005c 01       		.byte	0x1
 296 005d E5000000 		.4byte	.LASF36
 297 0061 01       		.byte	0x1
 298 0062 47010000 		.4byte	.LASF37
 299 0066 03       		.byte	0x3
 300 0067 D5000000 		.4byte	.LASF38
 301 006b 04       		.byte	0x4
 302 006c 55010000 		.4byte	.LASF39
 303 0070 05       		.byte	0x5
 304 0071 34000000 		.4byte	.LASF40
 305 0075 02       		.byte	0x2
 306              	.LELTP0:
 307              	.LELT0:
 308              		.section	.gnu.debuglto_.debug_str,"eMS",%progbits,1
 309              	.LASF1:
 310 0000 6C6F6E67 		.ascii	"long long int\000"
 310      206C6F6E 
 310      6720696E 
 310      7400
 311              	.LASF16:
 312 000e 69637549 		.ascii	"icuInit\000"
 312      6E697400 
 313              	.LASF15:
 314 0016 75736249 		.ascii	"usbInit\000"
 314      6E697400 
 315              	.LASF0:
 316 001e 756E7369 		.ascii	"unsigned int\000"
 316      676E6564 
 316      20696E74 
 316      00
 317              	.LASF12:
 318 002b 7374496E 		.ascii	"stInit\000"
 318      697400
 319              	.LASF8:
 320 0032 6C6F6E67 		.ascii	"long unsigned int\000"
 320      20756E73 
 320      69676E65 
 320      6420696E 
 320      7400
 321              	.LASF9:
 322 0044 6C6F6E67 		.ascii	"long long unsigned int\000"
 322      206C6F6E 
 322      6720756E 
 322      7369676E 
 322      65642069 
 323              	.LASF6:
 324 005b 73686F72 		.ascii	"short unsigned int\000"
 324      7420756E 
ARM GAS  /tmp/ccii5dtx.s 			page 7


 324      7369676E 
 324      65642069 
 324      6E7400
 325              	.LASF20:
 326 006e 2E2E2F2E 		.ascii	"../../chibios_trunk/os/hal/src/hal.c\000"
 326      2E2F6368 
 326      6962696F 
 326      735F7472 
 326      756E6B2F 
 327              	.LASF4:
 328 0093 756E7369 		.ascii	"unsigned char\000"
 328      676E6564 
 328      20636861 
 328      7200
 329              	.LASF10:
 330 00a1 63686172 		.ascii	"char\000"
 330      00
 331              	.LASF19:
 332 00a6 474E5520 		.ascii	"GNU C17 11.3.1 20220712 -mcpu=cortex-m4 -mthumb -mf"
 332      43313720 
 332      31312E33 
 332      2E312032 
 332      30323230 
 333 00d9 6C6F6174 		.ascii	"loat-abi=soft -march=armv7e-m -ggdb -O2 -fomit-fram"
 333      2D616269 
 333      3D736F66 
 333      74202D6D 
 333      61726368 
 334 010c 652D706F 		.ascii	"e-pointer -falign-functions=16 -ffunction-sections "
 334      696E7465 
 334      72202D66 
 334      616C6967 
 334      6E2D6675 
 335 013f 2D666461 		.ascii	"-fdata-sections -fno-common -flto\000"
 335      74612D73 
 335      65637469 
 335      6F6E7320 
 335      2D666E6F 
 336              	.LASF7:
 337 0161 6C6F6E67 		.ascii	"long int\000"
 337      20696E74 
 337      00
 338              	.LASF22:
 339 016a 68616C49 		.ascii	"halInit\000"
 339      6E697400 
 340              	.LASF5:
 341 0172 73686F72 		.ascii	"short int\000"
 341      7420696E 
 341      7400
 342              	.LASF21:
 343 017c 2F686F6D 		.ascii	"/home/rob/Data/no_sync/ChibiOS/ChibiStudio/workspac"
 343      652F726F 
 343      622F4461 
 343      74612F6E 
 343      6F5F7379 
 344 01af 655F7472 		.ascii	"e_trunk/STM32_GPIB_firmware/\000"
 344      756E6B2F 
ARM GAS  /tmp/ccii5dtx.s 			page 8


 344      53544D33 
 344      325F4750 
 344      49425F66 
 345              	.LASF11:
 346 01cc 5F426F6F 		.ascii	"_Bool\000"
 346      6C00
 347              	.LASF18:
 348 01d2 68616C5F 		.ascii	"hal_lld_init\000"
 348      6C6C645F 
 348      696E6974 
 348      00
 349              	.LASF13:
 350 01df 626F6172 		.ascii	"boardInit\000"
 350      64496E69 
 350      7400
 351              	.LASF3:
 352 01e9 7369676E 		.ascii	"signed char\000"
 352      65642063 
 352      68617200 
 353              	.LASF23:
 354 01f5 6F73616C 		.ascii	"osalInit\000"
 354      496E6974 
 354      00
 355              	.LASF2:
 356 01fe 6C6F6E67 		.ascii	"long double\000"
 356      20646F75 
 356      626C6500 
 357              	.LASF14:
 358 020a 73647549 		.ascii	"sduInit\000"
 358      6E697400 
 359              	.LASF17:
 360 0212 5F70616C 		.ascii	"_pal_lld_init\000"
 360      5F6C6C64 
 360      5F696E69 
 360      7400
 361              		.section	.gnu.debuglto_.debug_line_str,"eMS",%progbits,1
 362              	.LASF25:
 363 0000 2E2E2F2E 		.ascii	"../../chibios_trunk/os/hal/include\000"
 363      2E2F6368 
 363      6962696F 
 363      735F7472 
 363      756E6B2F 
 364              	.LASF34:
 365 0023 68616C5F 		.ascii	"hal_serial_usb.h\000"
 365      73657269 
 365      616C5F75 
 365      73622E68 
 365      00
 366              	.LASF40:
 367 0034 6F73616C 		.ascii	"osal.h\000"
 367      2E6800
 368              	.LASF30:
 369 003b 626F6172 		.ascii	"boards/BLACKPILL_F401CC\000"
 369      64732F42 
 369      4C41434B 
 369      50494C4C 
 369      5F463430 
ARM GAS  /tmp/ccii5dtx.s 			page 9


 370              	.LASF29:
 371 0053 2E2E2F2E 		.ascii	"../../chibios_trunk/os/hal/src\000"
 371      2E2F6368 
 371      6962696F 
 371      735F7472 
 371      756E6B2F 
 372              	.LASF28:
 373 0072 2E2E2F2E 		.ascii	"../../chibios_trunk/os/hal/ports/STM32/STM32F4xx\000"
 373      2E2F6368 
 373      6962696F 
 373      735F7472 
 373      756E6B2F 
 374              	.LASF27:
 375 00a3 2E2E2F2E 		.ascii	"../../chibios_trunk/os/hal/ports/STM32/LLD/GPIOv2\000"
 375      2E2F6368 
 375      6962696F 
 375      735F7472 
 375      756E6B2F 
 376              	.LASF38:
 377 00d5 68616C5F 		.ascii	"hal_lld_type1.h\000"
 377      6C6C645F 
 377      74797065 
 377      312E6800 
 378              	.LASF36:
 379 00e5 68616C5F 		.ascii	"hal_icu.h\000"
 379      6963752E 
 379      6800
 380              	.LASF24:
 381 00ef 2F686F6D 		.ascii	"/home/rob/Data/no_sync/ChibiOS/ChibiStudio/workspac"
 381      652F726F 
 381      622F4461 
 381      74612F6E 
 381      6F5F7379 
 382 0122 655F7472 		.ascii	"e_trunk/STM32_GPIB_firmware/\000"
 382      756E6B2F 
 382      53544D33 
 382      325F4750 
 382      49425F66 
 383              	.LASF33:
 384 013f 626F6172 		.ascii	"board.h\000"
 384      642E6800 
 385              	.LASF37:
 386 0147 68616C5F 		.ascii	"hal_pal_lld.h\000"
 386      70616C5F 
 386      6C6C642E 
 386      6800
 387              	.LASF39:
 388 0155 68616C2E 		.ascii	"hal.c\000"
 388      6300
 389              	.LASF35:
 390 015b 68616C5F 		.ascii	"hal_usb.h\000"
 390      7573622E 
 390      6800
 391              	.LASF31:
 392 0165 2E2E2F2E 		.ascii	"../../chibios_trunk/os/hal/src/hal.c\000"
 392      2E2F6368 
 392      6962696F 
ARM GAS  /tmp/ccii5dtx.s 			page 10


 392      735F7472 
 392      756E6B2F 
 393              	.LASF26:
 394 018a 2E2E2F2E 		.ascii	"../../chibios_trunk/os/hal/osal/rt-nil\000"
 394      2E2F6368 
 394      6962696F 
 394      735F7472 
 394      756E6B2F 
 395              	.LASF32:
 396 01b1 68616C5F 		.ascii	"hal_st.h\000"
 396      73742E68 
 396      00
 397              		.text
 398              		.section	.gnu.lto_.profile.b8f8594fc9ef7ffe,"e",%progbits
 399 0000 789C6362 		.ascii	"x\234cb\000\001\000\000\022\000\003"
 399      00010000 
 399      120003
 400              		.text
 401              		.section	.gnu.lto_.icf.b8f8594fc9ef7ffe,"e",%progbits
 402 0000 789CE364 		.ascii	"x\234\343d@\000F\206\375\313\236\354fd`\000\000\021"
 402      40004686 
 402      FDCB9EEC 
 402      66646000 
 402      0011
 403 0012 5B0310   		.ascii	"[\003\020"
 404              		.text
 405              		.section	.gnu.lto_.ipa_sra.b8f8594fc9ef7ffe,"e",%progbits
 406 0000 789C1366 		.ascii	"x\234\023f@\000F\020B\205\000\002\307\000\035"
 406      40004610 
 406      42850002 
 406      C7001D
 407              		.text
 408              		.section	.gnu.lto_.inline.b8f8594fc9ef7ffe,"e",%progbits
 409 0000 789CF367 		.ascii	"x\234\363g@\000F\006\006\256\206\206\206\005L\231\214"
 409      40004606 
 409      06AE8686 
 409      86054C99 
 409      8C
 410 0011 0C4C0C0C 		.ascii	"\014L\014\014\215@v\035\003\003\033\220j`Ja\002\011"
 410      8D40761D 
 410      03031B90 
 410      6A604A61 
 410      0209
 411 0023 01D57011 		.ascii	"\001\325p\021K2\000\000\377J\010%"
 411      4B320000 
 411      FF4A0825 
 412              		.text
 413              		.section	.gnu.lto_.jmpfuncs.b8f8594fc9ef7ffe,"e",%progbits
 414 0000 789CE361 		.ascii	"x\234\343a@\000F$6\000\001D\000\016"
 414      40004624 
 414      36000144 
 414      000E
 415              		.text
 416              		.section	.gnu.lto_.pureconst.b8f8594fc9ef7ffe,"e",%progbits
 417 0000 789C6361 		.ascii	"x\234ca```d\230\301\002\000\001`\000\242"
 417      60606064 
 417      98C10200 
ARM GAS  /tmp/ccii5dtx.s 			page 11


 417      016000A2 
 418              		.text
 419              		.section	.gnu.lto_.ipa_modref.b8f8594fc9ef7ffe,"e",%progbits
 420 0000 789CE367 		.ascii	"x\234\343g@\000F\006\006\005\001\001(\301\300\000\000"
 420      40004606 
 420      06050101 
 420      28C1C000 
 420      00
 421 0011 061F0091 		.ascii	"\006\037\000\221"
 422              		.text
 423              		.section	.gnu.lto_.lto.b8f8594fc9ef7ffe,"e",%progbits
 424 0000 0B000300 		.ascii	"\013\000\003\000\001\000\000\000"
 424      01000000 
 425              		.text
 426              		.section	.gnu.lto_halInit.385.b8f8594fc9ef7ffe,"e",%progbits
 427 0000 789C4DCF 		.ascii	"x\234M\317MK\3030\030\007\360\347I\3241e\337A\220]\033"
 427      4D4BC330 
 427      1807F0E7 
 427      49D43165 
 427      DF41905D 
 428 0015 D02F202A 		.ascii	"\320/ *\210\2028\250\367\322\325J\313l\243}\241\212"
 428      888238A8 
 428      F7D2D54A 
 428      CB6CA37D 
 428      A18A
 429 0027 48E376DB 		.ascii	"H\343v\333E7<O\274y\363\350M\372\015\004\217\236d\260"
 429      45373C4F 
 429      BC79F3E8 
 429      4DFA0D04 
 429      8F9E64B0 
 430 003b CB3E80DB 		.ascii	"\313>\200\333ac\366e\264\015\011O\376?\222\207\244\206"
 430      6163F665 
 430      B40D094F 
 430      FE3F9287 
 430      A486
 431 004d 003700B0 		.ascii	"\0007\000\260\025/\244\200\375^\227\200\020b\267B\360"
 431      152FA480 
 431      FD5E9780 
 431      1062B742 
 431      F0
 432 005e A1D7ADE2 		.ascii	"\241\327\255\342\007\246\011!$\030\342+eq\234\216\306"
 432      07A60921 
 432      2418E22B 
 432      65719C8E 
 432      C6
 433 006f E20BC55B 		.ascii	"\342\013\305[\204c\200\020\226c#\333\307\015\341\375"
 433      84638010 
 433      966323DB 
 433      C70DE1FD 
 434 007f 7B3512B3 		.ascii	"{5\022\263\305\243\020\243!~\326\253\000\003\232t\025"
 434      C5A310A3 
 434      217ED6AB 
 434      00039A74 
 434      15
 435 0090 2B282280 		.ascii	"+(\"\200\027J\262\320\211\303\204\210\341\244\226\226"
 435      174AB2D0 
 435      89C38488 
ARM GAS  /tmp/ccii5dtx.s 			page 12


 435      E1A49696 
 436 00a0 19C29C74 		.ascii	"\031\302\234t6\241\213\344\376\016\200\320T\237\327"
 436      36A18BE4 
 436      FE0E80D0 
 436      549FD7
 437 00af 0A0D727D 		.ascii	"\012\015r}\252\024\352\347\372WR7\327\376z\241\327\271"
 437      AA14EAE7 
 437      FA575237 
 437      D7FE7AA1 
 437      D7B9
 438 00c1 FE9494E7 		.ascii	"\376\224\224\347:-\251\225\352\202\264\177\347\307\351"
 438      3A2DA995 
 438      EA82B47F 
 438      E7C7E9
 439 00d0 170714B3 		.ascii	"\027\007\024\263\207\267\243$6\230\301-\2359\274\311"
 439      87B7A324 
 439      3698C12D 
 439      9D39BCC9 
 440 00e0 0E544F65 		.ascii	"\016TOe6W\334[[c\373\206\3314O\345\254\312\236\177n"
 440      3657DC5B 
 440      5B63FB86 
 440      D9344FE5 
 440      ACCA9E7F 
 441 00f5 721670A7 		.ascii	"r\026p\247\345^\251\232\256x\216o\267\230|v\262\263"
 441      E55EA99A 
 441      AE788E6F 
 441      B7987C76 
 441      B2B3
 442 0107 AD1C368E 		.ascii	"\255\0346\216\366\224\013\323\261\002\325\321\031\324"
 442      F6940BD3 
 442      B102D5D1 
 442      19D4
 443 0115 2589C553 		.ascii	"%\211\305SK\356qwy\222\273\314P/\231\353hI\2254\370"
 443      4BEE7177 
 443      7992BBCC 
 443      502F99EB 
 443      68499534 
 444 012a 07F95285 		.ascii	"\007\371R\205="
 444      3D
 445              		.text
 446              		.section	.gnu.lto_.symbol_nodes.b8f8594fc9ef7ffe,"e",%progbits
 447 0000 789C75CF 		.ascii	"x\234u\317\313\031\2030\014\003`9\012\311\030\035\240"
 447      CB198330 
 447      0C036039 
 447      0AC9181D 
 447      A0
 448 0011 6BB187A0 		.ascii	"k\261\207\240\364u\354\020L\301\020L\321=\332@|\265"
 448      F475EC10 
 448      4CC1104C 
 448      D13DDA40 
 448      7CB5
 449 0023 4EFAF4FB 		.ascii	"N\372\364\373\342\253\001H3\205\251%\333g\007\004l\323"
 449      E2AB0148 
 449      3385A925 
 449      DB670704 
 449      6CD3
 450 0035 7C80BD29 		.ascii	"|\200\275)\373y.'\3428<\355E\245\310\236\024#{P9\262"
ARM GAS  /tmp/ccii5dtx.s 			page 13


 450      FB792E27 
 450      E2383CED 
 450      45A5C89E 
 450      14237B50 
 451 004b 3B3544B6 		.ascii	";5D\266P%\262\033U\003#j\177m$Jo\253\021C\257\337V\263"
 451      5025B21B 
 451      5503236A 
 451      7F6D244A 
 451      6FAB1143 
 452 0063 AF85A0AF 		.ascii	"\257\205\240\257\255&_+a\276V\374\0016\274nQ"
 452      AD265F2B 
 452      61BE56FC 
 452      0136BC6E 
 452      51
 453              		.text
 454              		.section	.gnu.lto_.refs.b8f8594fc9ef7ffe,"e",%progbits
 455 0000 789C6364 		.ascii	"x\234cd\000\002\000\000\012\000\002"
 455      00020000 
 455      0A0002
 456              		.text
 457              		.section	.gnu.lto_.decls.b8f8594fc9ef7ffe,"e",%progbits
 458 0000 789C9591 		.ascii	"x\234\225\221Mh\033G\030\206gV\252\274I]l\247\011\364"
 458      4D681B47 
 458      18866756 
 458      AABC495D 
 458      6CA709F4 
 459 0014 8F62680B 		.ascii	"\217bh\013>\324Z\377%\271:QH0U\033\033\267\247\026\204"
 459      3ED45AFF 
 459      25B93A51 
 459      4830551B 
 459      1BB7A716 
 460 0029 2C296889 		.ascii	",)h\211\245\025\273Rb\037\002\237\244\255\275\320\324"
 460      A515BB52 
 460      621F029F 
 460      A4ADBDD0 
 460      D4
 461 003a 919C4384 		.ascii	"\221\234C\204\352\266\213\012m\022\372cHJ\342\324\026"
 461      EAB68B0A 
 461      6D12FA63 
 461      484AE2D4 
 461      16
 462 004b 8BBCA8C2 		.ascii	"\213\274\250\302\010'\320P\032\"\250\301\027\341\246"
 462      0827D050 
 462      1A22A8C1 
 462      17E1A6
 463 005a 90941674 		.ascii	"\220\224\026tI\332oF[\350)\270\213\336\231og\236\367"
 463      49DA6F46 
 463      5BE829B8 
 463      8BDE996F 
 463      679EF7
 464 006d 9D4FB3BF 		.ascii	"\235O\263\277\013\204\234C}@\010\371\033\037,\311O("
 464      0B849C43 
 464      7D4008F9 
 464      1B1F2CC9 
 464      4F28
 465 007f 11554659 		.ascii	"\021UFY\250\012\312FUQ5\324\006\252\216:G\011\331\353"
 465      A80ACA46 
ARM GAS  /tmp/ccii5dtx.s 			page 14


 465      555135D4 
 465      06AA8E3A 
 465      4709D9EB 
 466 0093 70B79DB5 		.ascii	"p\267\235\2655g\277\346\360\266\343g9n\341\336\346W"
 466      3567BFE6 
 466      F0B6E367 
 466      396EE1DE 
 466      E657
 467 00a5 2BC2230A 		.ascii	"+\302#\012\000\006Xi[\314\225\232\260\014\220\200j\263"
 467      00065869 
 467      5BCC959A 
 467      B00C9080 
 467      6AB3
 468 00b7 509C6B1A 		.ascii	"P\234k\032=\371\014\356-\033\360R\001\227\213\305\255"
 468      3DF90CEE 
 468      2D1BF052 
 468      01978BC5 
 468      AD
 469 00c8 9C60BA40 		.ascii	"\234`\272@\3075\310v\302u\2342Q\310\316\261\367\363"
 469      C735C876 
 469      C2759C32 
 469      51C8CEB1 
 469      F7F3
 470 00da 2F9859E0 		.ascii	"/\230Y\340\317\035\012\326\034,[\236\322:\314\025\300"
 470      CF1D0AD6 
 470      1C2C5B9E 
 470      D23ACC15 
 470      C0
 471 00eb 5F2C366B 		.ascii	"_,6k\354\010X\334Z\232\3572\263\015\303\\\207\027ML"
 471      EC0858DC 
 471      5A9AEF32 
 471      B30DC35C 
 471      87174D4C 
 472 00ff 29806EE5 		.ascii	")\200n\345i\032-i\013\362\026\315\231K\037/\350v\216"
 472      691A2D69 
 472      0BF216CD 
 472      994B1F2F 
 472      E8768E
 473 0112 A6333AA4 		.ascii	"\2463:\244K\272\321\215\003\344\241a\364\3442`,\232"
 473      4BBAD18D 
 473      03E4A161 
 473      F4E43260 
 473      2C9A
 474 0124 801DDA90 		.ascii	"\200\035\332\220Gag\266\221/Y\260\017\221\034K\357\201"
 474      476167B6 
 474      912F59B0 
 474      0F911C4B 
 474      EF81
 475 0136 0C869858 		.ascii	"\014\206\230X<dM\227,1]b\010\000\315\225X\2476\026\240"
 475      3C644D97 
 475      2C315D62 
 475      0800CD95 
 475      58A73616 
 476 014b 1B69CB36 		.ascii	"\033i\3136\272\363\272\216[6\373\203\015#mZX\230\354"
 476      BAF3BA8E 
 476      5B36FB83 
 476      0D236D5A 
ARM GAS  /tmp/ccii5dtx.s 			page 15


 476      5898EC
 477 015e 0DC045D8 		.ascii	"\015\300E\330\203\274\200\303\250[\270\225\373\361\276"
 477      83BC80C3 
 477      A85BB895 
 477      FBF1BE
 478 016d E70FD67F 		.ascii	"\347\017\326\177a?=\220\033%t\240[|\231\210\257\221"
 478      613F3D90 
 478      1B2574A0 
 478      5B7C9988 
 478      AF91
 479 017f 83EDBF9B 		.ascii	"\203\355\277\2339EnQn\232\350\364<O\005\317\001\332"
 479      39456E51 
 479      6E9AE8F4 
 479      3C4F05CF 
 479      01DA
 480 0191 ED16AEB4 		.ascii	"\355\026\256\264\032\353\256Wp\373\001\300\376\035\262"
 480      1AEBAE57 
 480      70FB01C0 
 480      FE1DB2
 481 01a0 46579129 		.ascii	"FW\221)S\362\210\337\373\345t\015\204\276B\001Z\027"
 481      53F288DF 
 481      FBE5740D 
 481      84BE4201 
 481      5A17
 482 01b2 E7FFCABC 		.ascii	"\347\377\312\274Z\315\302eDG\313t\205\376\300\263V("
 482      5ACDC265 
 482      4447CB74 
 482      85FEC0B3 
 482      5628
 483 01c4 B9496FD0 		.ascii	"\271Io\320\211o\251\370\013EC\346\323R\235\366\025\000"
 483      896FA9F8 
 483      0B4543E6 
 483      D3529DF6 
 483      1500
 484 01d6 5A4F1616 		.ascii	"ZO\026\026\262\236%\250\010ej9\260\305\306\211Y\361"
 484      B29E25A8 
 484      08656A39 
 484      B0C5C689 
 484      59F1
 485 01e8 BC80E437 		.ascii	"\274\200\3447;\333\327\236e\344\315\306\342\352\373"
 485      3BDBD79E 
 485      65E4CDC6 
 485      E2EAFB
 486 01f7 6DB0E280 		.ascii	"m\260\342\200\025\016\002\025o0\362\276\276y\317\315"
 486      150E0215 
 486      6F30F2BE 
 486      BE79CFCD 
 487 0207 C927179B 		.ascii	"\311'\027\233\037v\230}ej;\240\315A\203\212\1772p\345"
 487      1F76987D 
 487      656A3BA0 
 487      CD41838A 
 487      7F3270E5 
 488 021b FBFA86C0 		.ascii	"\373\372\206\300\301\326\245\265\341vd\325!\253\234"
 488      C1D6A5B5 
 488      E17664D5 
 488      21AB9C
 489 022a BC40C5AB 		.ascii	"\274@\305\253.$\253_|\275\330\305\311\273\237\264\346"
ARM GAS  /tmp/ccii5dtx.s 			page 16


 489      2E24AB5F 
 489      7CBDD8C5 
 489      C9BB9FB4 
 489      E6
 490 023b 7964CD01 		.ascii	"yd\315\001k\034\274D\305-\006>\270\362\321U\027\007"
 490      6B1CBC44 
 490      C52D063E 
 490      B8F2D155 
 490      1707
 491 024d 573FDFB9 		.ascii	"W?\337\271\300\301\015\007\334\340\340gT\374\316\215"
 491      C0C10D07 
 491      DCE0E067 
 491      54FCCE8D 
 492 025d E0AFC5DF 		.ascii	"\340\257\305\337\036?\323>{\033\036w\265\017\257;h\235"
 492      1E3FD33E 
 492      7B1B1E77 
 492      B50FAF3B 
 492      689D
 493 026f A35F52BC 		.ascii	"\243_R\274v7^{/~\255k?ow\364X\000\017\301\254\270\313"
 493      76375E7B 
 493      2F7EAD6B 
 493      3F6F77F4 
 493      58000FC1 
 494 0286 F436DD44 		.ascii	"\3646\335D\346\016\343\\\203\207\310\236\240\032;s8"
 494      E60EE35C 
 494      8387C89E 
 494      A01A3B73 
 494      38
 495 0297 D21F237B 		.ascii	"\322\037#{C\212\232\214\314\364\307FHG48=\026\227\223"
 495      438A9A8C 
 495      CCF4C746 
 495      48473438 
 495      3D169793 
 496 02ab AF7BBD12 		.ascii	"\257{\275\022\376BQyJV\264@RM\305OK\212&\341\266\244"
 496      FE425179 
 496      4A56B440 
 496      524DC54F 
 496      4B8A26E1 
 497 02c1 A921367B 		.ascii	"\251!6{C\342\211w\336\353\365\015\036&]\374\325{\350"
 497      43E28977 
 497      DEEBF50D 
 497      1E265DFC 
 497      D57BE8
 498 02d4 60642034 		.ascii	"`d 4<4D\306\245\250\022\213H\2522%\035\013&\203R\\\011"
 498      3C3444C6 
 498      A5A8128B 
 498      48AA3225 
 498      1D0B2683 
 499 02eb 68B3F190 		.ascii	"h\263\361\220\344cq''\333\363d2\025\226\025\351\254"
 499      E4637127 
 499      27DBF364 
 499      32159615 
 499      E9AC
 500 02fd A29ED612 		.ascii	"\242\236\326\022\301P\3049d\362\335\267\207\207\002"
 500      C150C439 
 500      64F2DDB7 
 500      878702
ARM GAS  /tmp/ccii5dtx.s 			page 17


 501 030c 27C6C78E 		.ascii	"'\306\307\216\006N\311j\354lP\215H\344\215\335\264C"
 501      064EC96A 
 501      EC6C508D 
 501      48E48DDD 
 501      B443
 502 031e 3C5A92F5 		.ascii	"<Z\222\365\376\346S`9\036\232N\205#\254\016hIo\224\354"
 502      FEE65360 
 502      391E9A4E 
 502      8523AC0E 
 502      68496F94 
 503 0333 9952826A 		.ascii	"\231R\202j\230\331zy\245IG\375G|o\215\217\371\375\201"
 503      98D97A79 
 503      A54947FD 
 503      477C6F8D 
 503      8FF9FD81 
 504 0347 E3230383 		.ascii	"\343#\003\203>\237\304\327\021\355\320\302)\006\216"
 504      3E9FC4D7 
 504      11EDD0C2 
 504      29068E
 505 0356 EC363FA2 		.ascii	"\3546?\242\3128\245\264)f\306\211\231\373wiv\\r(\365"
 505      CA38A5B4 
 505      2966C689 
 505      99FB7769 
 505      765C7228 
 506 036b 7F5C88A3 		.ascii	"\177\\\210\243\353\271@\002\353\351\351p@F\357\350S"
 506      EBB94002 
 506      EBE9E970 
 506      4046EFE8 
 506      53
 507 037c BC09FCF0 		.ascii	"\274\011\374\360Z\373\312%\277\377\230\204\327~\362"
 507      5AFBCA25 
 507      BFFF9884 
 507      D77EF2
 508 038b CC108F72 		.ascii	"\314\020\217r\"0\2563\372\237\264#\273L\343\343\361"
 508      2230AE33 
 508      FA9FB423 
 508      BB4CE3E3 
 508      F1
 509 039c 919919E9 		.ascii	"\221\231\031\351_wr6\021\031\304\270\177\000p\244\027"
 509      5F777236 
 509      1119C4B8 
 509      7F0070A4 
 509      17
 510 03ad 3E       		.ascii	">"
 511              		.text
 512              		.section	.gnu.lto_.symtab.b8f8594fc9ef7ffe,"e",%progbits
 513 0000 68616C49 		.ascii	"halInit\000"
 513      6E697400 
 514 0008 00       		.ascii	"\000"
 515 0009 00       		.ascii	"\000"
 516 000a 00       		.ascii	"\000"
 517 000b 00000000 		.ascii	"\000\000\000\000\000\000\000\000"
 517      00000000 
 518 0013 BE000000 		.ascii	"\276\000\000\000"
 519 0017 7374496E 		.ascii	"stInit\000"
 519      697400
 520 001e 00       		.ascii	"\000"
ARM GAS  /tmp/ccii5dtx.s 			page 18


 521 001f 02       		.ascii	"\002"
 522 0020 00       		.ascii	"\000"
 523 0021 00000000 		.ascii	"\000\000\000\000\000\000\000\000"
 523      00000000 
 524 0029 C0000000 		.ascii	"\300\000\000\000"
 525 002d 626F6172 		.ascii	"boardInit\000"
 525      64496E69 
 525      7400
 526 0037 00       		.ascii	"\000"
 527 0038 02       		.ascii	"\002"
 528 0039 00       		.ascii	"\000"
 529 003a 00000000 		.ascii	"\000\000\000\000\000\000\000\000"
 529      00000000 
 530 0042 C2000000 		.ascii	"\302\000\000\000"
 531 0046 73647549 		.ascii	"sduInit\000"
 531      6E697400 
 532 004e 00       		.ascii	"\000"
 533 004f 02       		.ascii	"\002"
 534 0050 00       		.ascii	"\000"
 535 0051 00000000 		.ascii	"\000\000\000\000\000\000\000\000"
 535      00000000 
 536 0059 C4000000 		.ascii	"\304\000\000\000"
 537 005d 75736249 		.ascii	"usbInit\000"
 537      6E697400 
 538 0065 00       		.ascii	"\000"
 539 0066 02       		.ascii	"\002"
 540 0067 00       		.ascii	"\000"
 541 0068 00000000 		.ascii	"\000\000\000\000\000\000\000\000"
 541      00000000 
 542 0070 C6000000 		.ascii	"\306\000\000\000"
 543 0074 69637549 		.ascii	"icuInit\000"
 543      6E697400 
 544 007c 00       		.ascii	"\000"
 545 007d 02       		.ascii	"\002"
 546 007e 00       		.ascii	"\000"
 547 007f 00000000 		.ascii	"\000\000\000\000\000\000\000\000"
 547      00000000 
 548 0087 C8000000 		.ascii	"\310\000\000\000"
 549 008b 5F70616C 		.ascii	"_pal_lld_init\000"
 549      5F6C6C64 
 549      5F696E69 
 549      7400
 550 0099 00       		.ascii	"\000"
 551 009a 02       		.ascii	"\002"
 552 009b 00       		.ascii	"\000"
 553 009c 00000000 		.ascii	"\000\000\000\000\000\000\000\000"
 553      00000000 
 554 00a4 CA000000 		.ascii	"\312\000\000\000"
 555 00a8 68616C5F 		.ascii	"hal_lld_init\000"
 555      6C6C645F 
 555      696E6974 
 555      00
 556 00b5 00       		.ascii	"\000"
 557 00b6 02       		.ascii	"\002"
 558 00b7 00       		.ascii	"\000"
 559 00b8 00000000 		.ascii	"\000\000\000\000\000\000\000\000"
 559      00000000 
ARM GAS  /tmp/ccii5dtx.s 			page 19


 560 00c0 CC000000 		.ascii	"\314\000\000\000"
 561              		.text
 562              		.section	.gnu.lto_.ext_symtab.b8f8594fc9ef7ffe,"e",%progbits
 563 0000 01       		.ascii	"\001"
 564 0001 01       		.ascii	"\001"
 565 0002 00       		.ascii	"\000"
 566 0003 01       		.ascii	"\001"
 567 0004 00       		.ascii	"\000"
 568 0005 01       		.ascii	"\001"
 569 0006 00       		.ascii	"\000"
 570 0007 01       		.ascii	"\001"
 571 0008 00       		.ascii	"\000"
 572 0009 01       		.ascii	"\001"
 573 000a 00       		.ascii	"\000"
 574 000b 01       		.ascii	"\001"
 575 000c 00       		.ascii	"\000"
 576 000d 01       		.ascii	"\001"
 577 000e 00       		.ascii	"\000"
 578 000f 01       		.ascii	"\001"
 579 0010 00       		.ascii	"\000"
 580              		.text
 581              		.section	.gnu.lto_.opts,"e",%progbits
 582 0000 272D666E 		.ascii	"'-fno-openmp' '-fno-openacc' '-fno-pie' '-fcf-prote"
 582      6F2D6F70 
 582      656E6D70 
 582      2720272D 
 582      666E6F2D 
 583 0033 6374696F 		.ascii	"ction=none' '-g' '-mcpu=cortex-m4' '-mthumb' '-mflo"
 583      6E3D6E6F 
 583      6E652720 
 583      272D6727 
 583      20272D6D 
 584 0066 61742D61 		.ascii	"at-abi=soft' '-mlibarch=armv7e-m' '-march=armv7e-m'"
 584      62693D73 
 584      6F667427 
 584      20272D6D 
 584      6C696261 
 585 0099 20272D4F 		.ascii	" '-O2' '-fomit-frame-pointer' '-falign-functions=16"
 585      32272027 
 585      2D666F6D 
 585      69742D66 
 585      72616D65 
 586 00cc 2720272D 		.ascii	"' '-ffunction-sections' '-fdata-sections' '-fno-com"
 586      6666756E 
 586      6374696F 
 586      6E2D7365 
 586      6374696F 
 587 00ff 6D6F6E27 		.ascii	"mon' '-flto' '-Xassembler' '-alms=./build/lst/hal.l"
 587      20272D66 
 587      6C746F27 
 587      20272D58 
 587      61737365 
 588 0132 73742700 		.ascii	"st'\000"
 589              		.text
 590              		.comm	__gnu_lto_slim,1,1
 591              		.ident	"GCC: (Arm GNU Toolchain 11.3.Rel1) 11.3.1 20220712"
ARM GAS  /tmp/ccii5dtx.s 			page 20


DEFINED SYMBOLS
                            *ABS*:0000000000000000 hal.c
     /tmp/ccii5dtx.s:27     .gnu.debuglto_.debug_info:0000000000000000 hal.c.65e0c322
                            *COM*:0000000000000001 __gnu_lto_slim

NO UNDEFINED SYMBOLS
