ARM GAS  /tmp/ccw4HtnB.s 			page 1


   1              		.cpu cortex-m4
   2              		.eabi_attribute 20, 1
   3              		.eabi_attribute 21, 1
   4              		.eabi_attribute 23, 3
   5              		.eabi_attribute 24, 1
   6              		.eabi_attribute 25, 1
   7              		.eabi_attribute 26, 1
   8              		.eabi_attribute 30, 2
   9              		.eabi_attribute 34, 1
  10              		.eabi_attribute 18, 4
  11              		.file	"memstreams.c"
  12              		.file 1 "/usr/lib/gcc/arm-none-eabi/10.3.1/include/stddef.h"
  13              		.file 2 "/usr/lib/gcc/arm-none-eabi/10.3.1/include/stdint.h"
  14              		.file 3 "../../chibios_trunk/os/rt/include/chearly.h"
  15              		.file 4 "../../chibios_trunk/os/hal/lib/streams/memstreams.h"
  16              		.file 5 "../../chibios_trunk/os/hal/lib/streams/memstreams.c"
  17              		.section	.gnu.debuglto_.debug_info,"e",%progbits
  18              	.Ldebug_info0:
  19              		.hidden	memstreams.c.c73471e2
  20              		.weak	memstreams.c.c73471e2
  21              	memstreams.c.c73471e2:
  22 0000 3E030000 		.4byte	0x33e
  23 0004 0400     		.2byte	0x4
  24 0006 00000000 		.4byte	.Ldebug_abbrev0
  25 000a 04       		.byte	0x4
  26 000b 01       		.uleb128 0x1
  27 000c 63000000 		.4byte	.LASF28
  28 0010 0C       		.byte	0xc
  29 0011 51010000 		.4byte	.LASF29
  30 0015 B5010000 		.4byte	.LASF30
  31 0019 00000000 		.4byte	.Ldebug_line0
  32 001d 02       		.uleb128 0x2
  33 001e 04       		.byte	0x4
  34 001f 05       		.byte	0x5
  35 0020 696E7400 		.ascii	"int\000"
  36 0024 03       		.uleb128 0x3
  37 0025 00000000 		.4byte	.LASF11
  38 0029 01       		.byte	0x1
  39 002a D1       		.byte	0xd1
  40 002b 17       		.byte	0x17
  41 002c 30000000 		.4byte	0x30
  42 0030 04       		.uleb128 0x4
  43 0031 04       		.byte	0x4
  44 0032 07       		.byte	0x7
  45 0033 1C000000 		.4byte	.LASF0
  46 0037 04       		.uleb128 0x4
  47 0038 08       		.byte	0x8
  48 0039 05       		.byte	0x5
  49 003a 1E020000 		.4byte	.LASF1
  50 003e 04       		.uleb128 0x4
  51 003f 08       		.byte	0x8
  52 0040 04       		.byte	0x4
  53 0041 3B010000 		.4byte	.LASF2
  54 0045 04       		.uleb128 0x4
  55 0046 01       		.byte	0x1
  56 0047 06       		.byte	0x6
  57 0048 36000000 		.4byte	.LASF3
ARM GAS  /tmp/ccw4HtnB.s 			page 2


  58 004c 04       		.uleb128 0x4
  59 004d 01       		.byte	0x1
  60 004e 08       		.byte	0x8
  61 004f 42000000 		.4byte	.LASF4
  62 0053 04       		.uleb128 0x4
  63 0054 02       		.byte	0x2
  64 0055 05       		.byte	0x5
  65 0056 33020000 		.4byte	.LASF5
  66 005a 04       		.uleb128 0x4
  67 005b 02       		.byte	0x2
  68 005c 07       		.byte	0x7
  69 005d 50000000 		.4byte	.LASF6
  70 0061 04       		.uleb128 0x4
  71 0062 04       		.byte	0x4
  72 0063 05       		.byte	0x5
  73 0064 44020000 		.4byte	.LASF7
  74 0068 04       		.uleb128 0x4
  75 0069 04       		.byte	0x4
  76 006a 07       		.byte	0x7
  77 006b 85010000 		.4byte	.LASF8
  78 006f 04       		.uleb128 0x4
  79 0070 08       		.byte	0x8
  80 0071 07       		.byte	0x7
  81 0072 67020000 		.4byte	.LASF9
  82 0076 05       		.uleb128 0x5
  83 0077 04       		.byte	0x4
  84 0078 04       		.uleb128 0x4
  85 0079 01       		.byte	0x1
  86 007a 08       		.byte	0x8
  87 007b A2010000 		.4byte	.LASF10
  88 007f 03       		.uleb128 0x3
  89 0080 0E020000 		.4byte	.LASF12
  90 0084 02       		.byte	0x2
  91 0085 28       		.byte	0x28
  92 0086 18       		.byte	0x18
  93 0087 61000000 		.4byte	0x61
  94 008b 03       		.uleb128 0x3
  95 008c A7010000 		.4byte	.LASF13
  96 0090 02       		.byte	0x2
  97 0091 2E       		.byte	0x2e
  98 0092 18       		.byte	0x18
  99 0093 4C000000 		.4byte	0x4c
 100 0097 06       		.uleb128 0x6
 101 0098 8B000000 		.4byte	0x8b
 102 009c 03       		.uleb128 0x3
 103 009d AF010000 		.4byte	.LASF14
 104 00a1 03       		.byte	0x3
 105 00a2 58       		.byte	0x58
 106 00a3 19       		.byte	0x19
 107 00a4 7F000000 		.4byte	0x7f
 108 00a8 07       		.uleb128 0x7
 109 00a9 04       		.byte	0x4
 110 00aa 8B000000 		.4byte	0x8b
 111 00ae 04       		.uleb128 0x4
 112 00af 01       		.byte	0x1
 113 00b0 02       		.byte	0x2
 114 00b1 61020000 		.4byte	.LASF15
ARM GAS  /tmp/ccw4HtnB.s 			page 3


 115 00b5 08       		.uleb128 0x8
 116 00b6 24000000 		.4byte	0x24
 117 00ba CE000000 		.4byte	0xce
 118 00be 09       		.uleb128 0x9
 119 00bf 76000000 		.4byte	0x76
 120 00c3 09       		.uleb128 0x9
 121 00c4 CE000000 		.4byte	0xce
 122 00c8 09       		.uleb128 0x9
 123 00c9 24000000 		.4byte	0x24
 124 00cd 00       		.byte	0
 125 00ce 07       		.uleb128 0x7
 126 00cf 04       		.byte	0x4
 127 00d0 97000000 		.4byte	0x97
 128 00d4 07       		.uleb128 0x7
 129 00d5 04       		.byte	0x4
 130 00d6 B5000000 		.4byte	0xb5
 131 00da 08       		.uleb128 0x8
 132 00db 24000000 		.4byte	0x24
 133 00df F3000000 		.4byte	0xf3
 134 00e3 09       		.uleb128 0x9
 135 00e4 76000000 		.4byte	0x76
 136 00e8 09       		.uleb128 0x9
 137 00e9 A8000000 		.4byte	0xa8
 138 00ed 09       		.uleb128 0x9
 139 00ee 24000000 		.4byte	0x24
 140 00f2 00       		.byte	0
 141 00f3 07       		.uleb128 0x7
 142 00f4 04       		.byte	0x4
 143 00f5 DA000000 		.4byte	0xda
 144 00f9 08       		.uleb128 0x8
 145 00fa 9C000000 		.4byte	0x9c
 146 00fe 0D010000 		.4byte	0x10d
 147 0102 09       		.uleb128 0x9
 148 0103 76000000 		.4byte	0x76
 149 0107 09       		.uleb128 0x9
 150 0108 8B000000 		.4byte	0x8b
 151 010c 00       		.byte	0
 152 010d 07       		.uleb128 0x7
 153 010e 04       		.byte	0x4
 154 010f F9000000 		.4byte	0xf9
 155 0113 08       		.uleb128 0x8
 156 0114 9C000000 		.4byte	0x9c
 157 0118 22010000 		.4byte	0x122
 158 011c 09       		.uleb128 0x9
 159 011d 76000000 		.4byte	0x76
 160 0121 00       		.byte	0
 161 0122 07       		.uleb128 0x7
 162 0123 04       		.byte	0x4
 163 0124 13010000 		.4byte	0x113
 164 0128 0A       		.uleb128 0xa
 165 0129 29000000 		.4byte	.LASF31
 166 012d 18       		.byte	0x18
 167 012e 04       		.byte	0x4
 168 012f 3D       		.byte	0x3d
 169 0130 08       		.byte	0x8
 170 0131 84010000 		.4byte	0x184
 171 0135 0B       		.uleb128 0xb
ARM GAS  /tmp/ccw4HtnB.s 			page 4


 172 0136 0C000000 		.4byte	.LASF16
 173 013a 04       		.byte	0x4
 174 013b 3E       		.byte	0x3e
 175 013c 03       		.byte	0x3
 176 013d 24000000 		.4byte	0x24
 177 0141 00       		.byte	0
 178 0142 0B       		.uleb128 0xb
 179 0143 28010000 		.4byte	.LASF17
 180 0147 04       		.byte	0x4
 181 0148 3E       		.byte	0x3e
 182 0149 03       		.byte	0x3
 183 014a D4000000 		.4byte	0xd4
 184 014e 04       		.byte	0x4
 185 014f 0B       		.uleb128 0xb
 186 0150 47010000 		.4byte	.LASF18
 187 0154 04       		.byte	0x4
 188 0155 3E       		.byte	0x3e
 189 0156 03       		.byte	0x3
 190 0157 F3000000 		.4byte	0xf3
 191 015b 08       		.byte	0x8
 192 015c 0C       		.uleb128 0xc
 193 015d 70757400 		.ascii	"put\000"
 194 0161 04       		.byte	0x4
 195 0162 3E       		.byte	0x3e
 196 0163 03       		.byte	0x3
 197 0164 0D010000 		.4byte	0x10d
 198 0168 0C       		.byte	0xc
 199 0169 0C       		.uleb128 0xc
 200 016a 67657400 		.ascii	"get\000"
 201 016e 04       		.byte	0x4
 202 016f 3E       		.byte	0x3e
 203 0170 03       		.byte	0x3
 204 0171 22010000 		.4byte	0x122
 205 0175 10       		.byte	0x10
 206 0176 0B       		.uleb128 0xb
 207 0177 97010000 		.4byte	.LASF19
 208 017b 04       		.byte	0x4
 209 017c 3E       		.byte	0x3e
 210 017d 03       		.byte	0x3
 211 017e 0D010000 		.4byte	0x10d
 212 0182 14       		.byte	0x14
 213 0183 00       		.byte	0
 214 0184 06       		.uleb128 0x6
 215 0185 28010000 		.4byte	0x128
 216 0189 0D       		.uleb128 0xd
 217 018a 14       		.byte	0x14
 218 018b 04       		.byte	0x4
 219 018c 46       		.byte	0x46
 220 018d 09       		.byte	0x9
 221 018e D4010000 		.4byte	0x1d4
 222 0192 0C       		.uleb128 0xc
 223 0193 766D7400 		.ascii	"vmt\000"
 224 0197 04       		.byte	0x4
 225 0198 48       		.byte	0x48
 226 0199 1E       		.byte	0x1e
 227 019a D4010000 		.4byte	0x1d4
 228 019e 00       		.byte	0
ARM GAS  /tmp/ccw4HtnB.s 			page 5


 229 019f 0B       		.uleb128 0xb
 230 01a0 3D020000 		.4byte	.LASF20
 231 01a4 04       		.byte	0x4
 232 01a5 49       		.byte	0x49
 233 01a6 03       		.byte	0x3
 234 01a7 A8000000 		.4byte	0xa8
 235 01ab 04       		.byte	0x4
 236 01ac 0B       		.uleb128 0xb
 237 01ad 9D010000 		.4byte	.LASF21
 238 01b1 04       		.byte	0x4
 239 01b2 49       		.byte	0x49
 240 01b3 03       		.byte	0x3
 241 01b4 24000000 		.4byte	0x24
 242 01b8 08       		.byte	0x8
 243 01b9 0C       		.uleb128 0xc
 244 01ba 656F7300 		.ascii	"eos\000"
 245 01be 04       		.byte	0x4
 246 01bf 49       		.byte	0x49
 247 01c0 03       		.byte	0x3
 248 01c1 24000000 		.4byte	0x24
 249 01c5 0C       		.byte	0xc
 250 01c6 0B       		.uleb128 0xb
 251 01c7 2C020000 		.4byte	.LASF22
 252 01cb 04       		.byte	0x4
 253 01cc 49       		.byte	0x49
 254 01cd 03       		.byte	0x3
 255 01ce 24000000 		.4byte	0x24
 256 01d2 10       		.byte	0x10
 257 01d3 00       		.byte	0
 258 01d4 07       		.uleb128 0x7
 259 01d5 04       		.byte	0x4
 260 01d6 84010000 		.4byte	0x184
 261 01da 03       		.uleb128 0x3
 262 01db 4D020000 		.4byte	.LASF23
 263 01df 04       		.byte	0x4
 264 01e0 4A       		.byte	0x4a
 265 01e1 03       		.byte	0x3
 266 01e2 89010000 		.4byte	0x189
 267 01e6 0E       		.uleb128 0xe
 268 01e7 766D7400 		.ascii	"vmt\000"
 269 01eb 05       		.byte	0x5
 270 01ec 64       		.byte	0x64
 271 01ed 22       		.byte	0x22
 272 01ee 84010000 		.4byte	0x184
 273 01f2 0F       		.uleb128 0xf
 274 01f3 2E010000 		.4byte	.LASF32
 275 01f7 05       		.byte	0x5
 276 01f8 74       		.byte	0x74
 277 01f9 06       		.byte	0x6
 278 01fa 2F020000 		.4byte	0x22f
 279 01fe 10       		.uleb128 0x10
 280 01ff 6D737000 		.ascii	"msp\000"
 281 0203 05       		.byte	0x5
 282 0204 74       		.byte	0x74
 283 0205 21       		.byte	0x21
 284 0206 2F020000 		.4byte	0x22f
 285 020a 11       		.uleb128 0x11
ARM GAS  /tmp/ccw4HtnB.s 			page 6


 286 020b 3D020000 		.4byte	.LASF20
 287 020f 05       		.byte	0x5
 288 0210 74       		.byte	0x74
 289 0211 2F       		.byte	0x2f
 290 0212 A8000000 		.4byte	0xa8
 291 0216 11       		.uleb128 0x11
 292 0217 9D010000 		.4byte	.LASF21
 293 021b 05       		.byte	0x5
 294 021c 75       		.byte	0x75
 295 021d 1A       		.byte	0x1a
 296 021e 24000000 		.4byte	0x24
 297 0222 10       		.uleb128 0x10
 298 0223 656F7300 		.ascii	"eos\000"
 299 0227 05       		.byte	0x5
 300 0228 75       		.byte	0x75
 301 0229 27       		.byte	0x27
 302 022a 24000000 		.4byte	0x24
 303 022e 00       		.byte	0
 304 022f 07       		.uleb128 0x7
 305 0230 04       		.byte	0x4
 306 0231 DA010000 		.4byte	0x1da
 307 0235 12       		.uleb128 0x12
 308 0236 5A020000 		.4byte	.LASF24
 309 023a 05       		.byte	0x5
 310 023b 58       		.byte	0x58
 311 023c 0E       		.byte	0xe
 312 023d 9C000000 		.4byte	0x9c
 313 0241 67020000 		.4byte	0x267
 314 0245 10       		.uleb128 0x10
 315 0246 697000   		.ascii	"ip\000"
 316 0249 05       		.byte	0x5
 317 024a 58       		.byte	0x58
 318 024b 1B       		.byte	0x1b
 319 024c 76000000 		.4byte	0x76
 320 0250 10       		.uleb128 0x10
 321 0251 6200     		.ascii	"b\000"
 322 0253 05       		.byte	0x5
 323 0254 58       		.byte	0x58
 324 0255 27       		.byte	0x27
 325 0256 8B000000 		.4byte	0x8b
 326 025a 0E       		.uleb128 0xe
 327 025b 6D737000 		.ascii	"msp\000"
 328 025f 05       		.byte	0x5
 329 0260 5A       		.byte	0x5a
 330 0261 11       		.byte	0x11
 331 0262 2F020000 		.4byte	0x22f
 332 0266 00       		.byte	0
 333 0267 12       		.uleb128 0x12
 334 0268 4C010000 		.4byte	.LASF25
 335 026c 05       		.byte	0x5
 336 026d 4D       		.byte	0x4d
 337 026e 0E       		.byte	0xe
 338 026f 9C000000 		.4byte	0x9c
 339 0273 99020000 		.4byte	0x299
 340 0277 10       		.uleb128 0x10
 341 0278 697000   		.ascii	"ip\000"
 342 027b 05       		.byte	0x5
ARM GAS  /tmp/ccw4HtnB.s 			page 7


 343 027c 4D       		.byte	0x4d
 344 027d 19       		.byte	0x19
 345 027e 76000000 		.4byte	0x76
 346 0282 0E       		.uleb128 0xe
 347 0283 6200     		.ascii	"b\000"
 348 0285 05       		.byte	0x5
 349 0286 4E       		.byte	0x4e
 350 0287 0B       		.byte	0xb
 351 0288 8B000000 		.4byte	0x8b
 352 028c 0E       		.uleb128 0xe
 353 028d 6D737000 		.ascii	"msp\000"
 354 0291 05       		.byte	0x5
 355 0292 4F       		.byte	0x4f
 356 0293 11       		.byte	0x11
 357 0294 2F020000 		.4byte	0x22f
 358 0298 00       		.byte	0
 359 0299 12       		.uleb128 0x12
 360 029a 07000000 		.4byte	.LASF26
 361 029e 05       		.byte	0x5
 362 029f 43       		.byte	0x43
 363 02a0 0E       		.byte	0xe
 364 02a1 9C000000 		.4byte	0x9c
 365 02a5 CB020000 		.4byte	0x2cb
 366 02a9 10       		.uleb128 0x10
 367 02aa 697000   		.ascii	"ip\000"
 368 02ad 05       		.byte	0x5
 369 02ae 43       		.byte	0x43
 370 02af 19       		.byte	0x19
 371 02b0 76000000 		.4byte	0x76
 372 02b4 10       		.uleb128 0x10
 373 02b5 6200     		.ascii	"b\000"
 374 02b7 05       		.byte	0x5
 375 02b8 43       		.byte	0x43
 376 02b9 25       		.byte	0x25
 377 02ba 8B000000 		.4byte	0x8b
 378 02be 0E       		.uleb128 0xe
 379 02bf 6D737000 		.ascii	"msp\000"
 380 02c3 05       		.byte	0x5
 381 02c4 44       		.byte	0x44
 382 02c5 11       		.byte	0x11
 383 02c6 2F020000 		.4byte	0x22f
 384 02ca 00       		.byte	0
 385 02cb 12       		.uleb128 0x12
 386 02cc 07020000 		.4byte	.LASF27
 387 02d0 05       		.byte	0x5
 388 02d1 39       		.byte	0x39
 389 02d2 0F       		.byte	0xf
 390 02d3 24000000 		.4byte	0x24
 391 02d7 08030000 		.4byte	0x308
 392 02db 10       		.uleb128 0x10
 393 02dc 697000   		.ascii	"ip\000"
 394 02df 05       		.byte	0x5
 395 02e0 39       		.byte	0x39
 396 02e1 1C       		.byte	0x1c
 397 02e2 76000000 		.4byte	0x76
 398 02e6 10       		.uleb128 0x10
 399 02e7 627000   		.ascii	"bp\000"
ARM GAS  /tmp/ccw4HtnB.s 			page 8


 400 02ea 05       		.byte	0x5
 401 02eb 39       		.byte	0x39
 402 02ec 29       		.byte	0x29
 403 02ed A8000000 		.4byte	0xa8
 404 02f1 10       		.uleb128 0x10
 405 02f2 6E00     		.ascii	"n\000"
 406 02f4 05       		.byte	0x5
 407 02f5 39       		.byte	0x39
 408 02f6 34       		.byte	0x34
 409 02f7 24000000 		.4byte	0x24
 410 02fb 0E       		.uleb128 0xe
 411 02fc 6D737000 		.ascii	"msp\000"
 412 0300 05       		.byte	0x5
 413 0301 3A       		.byte	0x3a
 414 0302 11       		.byte	0x11
 415 0303 2F020000 		.4byte	0x22f
 416 0307 00       		.byte	0
 417 0308 13       		.uleb128 0x13
 418 0309 16020000 		.4byte	.LASF33
 419 030d 05       		.byte	0x5
 420 030e 2F       		.byte	0x2f
 421 030f 0F       		.byte	0xf
 422 0310 24000000 		.4byte	0x24
 423 0314 10       		.uleb128 0x10
 424 0315 697000   		.ascii	"ip\000"
 425 0318 05       		.byte	0x5
 426 0319 2F       		.byte	0x2f
 427 031a 1D       		.byte	0x1d
 428 031b 76000000 		.4byte	0x76
 429 031f 10       		.uleb128 0x10
 430 0320 627000   		.ascii	"bp\000"
 431 0323 05       		.byte	0x5
 432 0324 2F       		.byte	0x2f
 433 0325 30       		.byte	0x30
 434 0326 CE000000 		.4byte	0xce
 435 032a 10       		.uleb128 0x10
 436 032b 6E00     		.ascii	"n\000"
 437 032d 05       		.byte	0x5
 438 032e 2F       		.byte	0x2f
 439 032f 3B       		.byte	0x3b
 440 0330 24000000 		.4byte	0x24
 441 0334 0E       		.uleb128 0xe
 442 0335 6D737000 		.ascii	"msp\000"
 443 0339 05       		.byte	0x5
 444 033a 30       		.byte	0x30
 445 033b 11       		.byte	0x11
 446 033c 2F020000 		.4byte	0x22f
 447 0340 00       		.byte	0
 448 0341 00       		.byte	0
 449              		.section	.gnu.debuglto_.debug_abbrev,"e",%progbits
 450              	.Ldebug_abbrev0:
 451 0000 01       		.uleb128 0x1
 452 0001 11       		.uleb128 0x11
 453 0002 01       		.byte	0x1
 454 0003 25       		.uleb128 0x25
 455 0004 0E       		.uleb128 0xe
 456 0005 13       		.uleb128 0x13
ARM GAS  /tmp/ccw4HtnB.s 			page 9


 457 0006 0B       		.uleb128 0xb
 458 0007 03       		.uleb128 0x3
 459 0008 0E       		.uleb128 0xe
 460 0009 1B       		.uleb128 0x1b
 461 000a 0E       		.uleb128 0xe
 462 000b 10       		.uleb128 0x10
 463 000c 17       		.uleb128 0x17
 464 000d 00       		.byte	0
 465 000e 00       		.byte	0
 466 000f 02       		.uleb128 0x2
 467 0010 24       		.uleb128 0x24
 468 0011 00       		.byte	0
 469 0012 0B       		.uleb128 0xb
 470 0013 0B       		.uleb128 0xb
 471 0014 3E       		.uleb128 0x3e
 472 0015 0B       		.uleb128 0xb
 473 0016 03       		.uleb128 0x3
 474 0017 08       		.uleb128 0x8
 475 0018 00       		.byte	0
 476 0019 00       		.byte	0
 477 001a 03       		.uleb128 0x3
 478 001b 16       		.uleb128 0x16
 479 001c 00       		.byte	0
 480 001d 03       		.uleb128 0x3
 481 001e 0E       		.uleb128 0xe
 482 001f 3A       		.uleb128 0x3a
 483 0020 0B       		.uleb128 0xb
 484 0021 3B       		.uleb128 0x3b
 485 0022 0B       		.uleb128 0xb
 486 0023 39       		.uleb128 0x39
 487 0024 0B       		.uleb128 0xb
 488 0025 49       		.uleb128 0x49
 489 0026 13       		.uleb128 0x13
 490 0027 00       		.byte	0
 491 0028 00       		.byte	0
 492 0029 04       		.uleb128 0x4
 493 002a 24       		.uleb128 0x24
 494 002b 00       		.byte	0
 495 002c 0B       		.uleb128 0xb
 496 002d 0B       		.uleb128 0xb
 497 002e 3E       		.uleb128 0x3e
 498 002f 0B       		.uleb128 0xb
 499 0030 03       		.uleb128 0x3
 500 0031 0E       		.uleb128 0xe
 501 0032 00       		.byte	0
 502 0033 00       		.byte	0
 503 0034 05       		.uleb128 0x5
 504 0035 0F       		.uleb128 0xf
 505 0036 00       		.byte	0
 506 0037 0B       		.uleb128 0xb
 507 0038 0B       		.uleb128 0xb
 508 0039 00       		.byte	0
 509 003a 00       		.byte	0
 510 003b 06       		.uleb128 0x6
 511 003c 26       		.uleb128 0x26
 512 003d 00       		.byte	0
 513 003e 49       		.uleb128 0x49
ARM GAS  /tmp/ccw4HtnB.s 			page 10


 514 003f 13       		.uleb128 0x13
 515 0040 00       		.byte	0
 516 0041 00       		.byte	0
 517 0042 07       		.uleb128 0x7
 518 0043 0F       		.uleb128 0xf
 519 0044 00       		.byte	0
 520 0045 0B       		.uleb128 0xb
 521 0046 0B       		.uleb128 0xb
 522 0047 49       		.uleb128 0x49
 523 0048 13       		.uleb128 0x13
 524 0049 00       		.byte	0
 525 004a 00       		.byte	0
 526 004b 08       		.uleb128 0x8
 527 004c 15       		.uleb128 0x15
 528 004d 01       		.byte	0x1
 529 004e 27       		.uleb128 0x27
 530 004f 19       		.uleb128 0x19
 531 0050 49       		.uleb128 0x49
 532 0051 13       		.uleb128 0x13
 533 0052 01       		.uleb128 0x1
 534 0053 13       		.uleb128 0x13
 535 0054 00       		.byte	0
 536 0055 00       		.byte	0
 537 0056 09       		.uleb128 0x9
 538 0057 05       		.uleb128 0x5
 539 0058 00       		.byte	0
 540 0059 49       		.uleb128 0x49
 541 005a 13       		.uleb128 0x13
 542 005b 00       		.byte	0
 543 005c 00       		.byte	0
 544 005d 0A       		.uleb128 0xa
 545 005e 13       		.uleb128 0x13
 546 005f 01       		.byte	0x1
 547 0060 03       		.uleb128 0x3
 548 0061 0E       		.uleb128 0xe
 549 0062 0B       		.uleb128 0xb
 550 0063 0B       		.uleb128 0xb
 551 0064 3A       		.uleb128 0x3a
 552 0065 0B       		.uleb128 0xb
 553 0066 3B       		.uleb128 0x3b
 554 0067 0B       		.uleb128 0xb
 555 0068 39       		.uleb128 0x39
 556 0069 0B       		.uleb128 0xb
 557 006a 01       		.uleb128 0x1
 558 006b 13       		.uleb128 0x13
 559 006c 00       		.byte	0
 560 006d 00       		.byte	0
 561 006e 0B       		.uleb128 0xb
 562 006f 0D       		.uleb128 0xd
 563 0070 00       		.byte	0
 564 0071 03       		.uleb128 0x3
 565 0072 0E       		.uleb128 0xe
 566 0073 3A       		.uleb128 0x3a
 567 0074 0B       		.uleb128 0xb
 568 0075 3B       		.uleb128 0x3b
 569 0076 0B       		.uleb128 0xb
 570 0077 39       		.uleb128 0x39
ARM GAS  /tmp/ccw4HtnB.s 			page 11


 571 0078 0B       		.uleb128 0xb
 572 0079 49       		.uleb128 0x49
 573 007a 13       		.uleb128 0x13
 574 007b 38       		.uleb128 0x38
 575 007c 0B       		.uleb128 0xb
 576 007d 00       		.byte	0
 577 007e 00       		.byte	0
 578 007f 0C       		.uleb128 0xc
 579 0080 0D       		.uleb128 0xd
 580 0081 00       		.byte	0
 581 0082 03       		.uleb128 0x3
 582 0083 08       		.uleb128 0x8
 583 0084 3A       		.uleb128 0x3a
 584 0085 0B       		.uleb128 0xb
 585 0086 3B       		.uleb128 0x3b
 586 0087 0B       		.uleb128 0xb
 587 0088 39       		.uleb128 0x39
 588 0089 0B       		.uleb128 0xb
 589 008a 49       		.uleb128 0x49
 590 008b 13       		.uleb128 0x13
 591 008c 38       		.uleb128 0x38
 592 008d 0B       		.uleb128 0xb
 593 008e 00       		.byte	0
 594 008f 00       		.byte	0
 595 0090 0D       		.uleb128 0xd
 596 0091 13       		.uleb128 0x13
 597 0092 01       		.byte	0x1
 598 0093 0B       		.uleb128 0xb
 599 0094 0B       		.uleb128 0xb
 600 0095 3A       		.uleb128 0x3a
 601 0096 0B       		.uleb128 0xb
 602 0097 3B       		.uleb128 0x3b
 603 0098 0B       		.uleb128 0xb
 604 0099 39       		.uleb128 0x39
 605 009a 0B       		.uleb128 0xb
 606 009b 01       		.uleb128 0x1
 607 009c 13       		.uleb128 0x13
 608 009d 00       		.byte	0
 609 009e 00       		.byte	0
 610 009f 0E       		.uleb128 0xe
 611 00a0 34       		.uleb128 0x34
 612 00a1 00       		.byte	0
 613 00a2 03       		.uleb128 0x3
 614 00a3 08       		.uleb128 0x8
 615 00a4 3A       		.uleb128 0x3a
 616 00a5 0B       		.uleb128 0xb
 617 00a6 3B       		.uleb128 0x3b
 618 00a7 0B       		.uleb128 0xb
 619 00a8 39       		.uleb128 0x39
 620 00a9 0B       		.uleb128 0xb
 621 00aa 49       		.uleb128 0x49
 622 00ab 13       		.uleb128 0x13
 623 00ac 00       		.byte	0
 624 00ad 00       		.byte	0
 625 00ae 0F       		.uleb128 0xf
 626 00af 2E       		.uleb128 0x2e
 627 00b0 01       		.byte	0x1
ARM GAS  /tmp/ccw4HtnB.s 			page 12


 628 00b1 3F       		.uleb128 0x3f
 629 00b2 19       		.uleb128 0x19
 630 00b3 03       		.uleb128 0x3
 631 00b4 0E       		.uleb128 0xe
 632 00b5 3A       		.uleb128 0x3a
 633 00b6 0B       		.uleb128 0xb
 634 00b7 3B       		.uleb128 0x3b
 635 00b8 0B       		.uleb128 0xb
 636 00b9 39       		.uleb128 0x39
 637 00ba 0B       		.uleb128 0xb
 638 00bb 27       		.uleb128 0x27
 639 00bc 19       		.uleb128 0x19
 640 00bd 01       		.uleb128 0x1
 641 00be 13       		.uleb128 0x13
 642 00bf 00       		.byte	0
 643 00c0 00       		.byte	0
 644 00c1 10       		.uleb128 0x10
 645 00c2 05       		.uleb128 0x5
 646 00c3 00       		.byte	0
 647 00c4 03       		.uleb128 0x3
 648 00c5 08       		.uleb128 0x8
 649 00c6 3A       		.uleb128 0x3a
 650 00c7 0B       		.uleb128 0xb
 651 00c8 3B       		.uleb128 0x3b
 652 00c9 0B       		.uleb128 0xb
 653 00ca 39       		.uleb128 0x39
 654 00cb 0B       		.uleb128 0xb
 655 00cc 49       		.uleb128 0x49
 656 00cd 13       		.uleb128 0x13
 657 00ce 00       		.byte	0
 658 00cf 00       		.byte	0
 659 00d0 11       		.uleb128 0x11
 660 00d1 05       		.uleb128 0x5
 661 00d2 00       		.byte	0
 662 00d3 03       		.uleb128 0x3
 663 00d4 0E       		.uleb128 0xe
 664 00d5 3A       		.uleb128 0x3a
 665 00d6 0B       		.uleb128 0xb
 666 00d7 3B       		.uleb128 0x3b
 667 00d8 0B       		.uleb128 0xb
 668 00d9 39       		.uleb128 0x39
 669 00da 0B       		.uleb128 0xb
 670 00db 49       		.uleb128 0x49
 671 00dc 13       		.uleb128 0x13
 672 00dd 00       		.byte	0
 673 00de 00       		.byte	0
 674 00df 12       		.uleb128 0x12
 675 00e0 2E       		.uleb128 0x2e
 676 00e1 01       		.byte	0x1
 677 00e2 03       		.uleb128 0x3
 678 00e3 0E       		.uleb128 0xe
 679 00e4 3A       		.uleb128 0x3a
 680 00e5 0B       		.uleb128 0xb
 681 00e6 3B       		.uleb128 0x3b
 682 00e7 0B       		.uleb128 0xb
 683 00e8 39       		.uleb128 0x39
 684 00e9 0B       		.uleb128 0xb
ARM GAS  /tmp/ccw4HtnB.s 			page 13


 685 00ea 27       		.uleb128 0x27
 686 00eb 19       		.uleb128 0x19
 687 00ec 49       		.uleb128 0x49
 688 00ed 13       		.uleb128 0x13
 689 00ee 01       		.uleb128 0x1
 690 00ef 13       		.uleb128 0x13
 691 00f0 00       		.byte	0
 692 00f1 00       		.byte	0
 693 00f2 13       		.uleb128 0x13
 694 00f3 2E       		.uleb128 0x2e
 695 00f4 01       		.byte	0x1
 696 00f5 03       		.uleb128 0x3
 697 00f6 0E       		.uleb128 0xe
 698 00f7 3A       		.uleb128 0x3a
 699 00f8 0B       		.uleb128 0xb
 700 00f9 3B       		.uleb128 0x3b
 701 00fa 0B       		.uleb128 0xb
 702 00fb 39       		.uleb128 0x39
 703 00fc 0B       		.uleb128 0xb
 704 00fd 27       		.uleb128 0x27
 705 00fe 19       		.uleb128 0x19
 706 00ff 49       		.uleb128 0x49
 707 0100 13       		.uleb128 0x13
 708 0101 00       		.byte	0
 709 0102 00       		.byte	0
 710 0103 00       		.byte	0
 711              		.section	.gnu.debuglto_.debug_line,"e",%progbits
 712              	.Ldebug_line0:
 713 0000 D2000000 		.4byte	.LELT0-.LSLT0
 714              	.LSLT0:
 715 0004 0400     		.2byte	0x4
 716 0006 CC000000 		.4byte	.LELTP0-.LASLTP0
 717              	.LASLTP0:
 718 000a 01       		.byte	0x1
 719 000b 01       		.byte	0x1
 720 000c 01       		.byte	0x1
 721 000d F6       		.byte	0xf6
 722 000e F2       		.byte	0xf2
 723 000f 0D       		.byte	0xd
 724 0010 00       		.byte	0
 725 0011 01       		.byte	0x1
 726 0012 01       		.byte	0x1
 727 0013 01       		.byte	0x1
 728 0014 01       		.byte	0x1
 729 0015 00       		.byte	0
 730 0016 00       		.byte	0
 731 0017 00       		.byte	0
 732 0018 01       		.byte	0x1
 733 0019 00       		.byte	0
 734 001a 00       		.byte	0
 735 001b 01       		.byte	0x1
 736 001c 2E2E2F2E 		.ascii	"../../chibios_trunk/os/hal/lib/streams"
 736      2E2F6368 
 736      6962696F 
 736      735F7472 
 736      756E6B2F 
 737 0042 00       		.byte	0
ARM GAS  /tmp/ccw4HtnB.s 			page 14


 738 0043 2E2E2F2E 		.ascii	"../../chibios_trunk/os/rt/include"
 738      2E2F6368 
 738      6962696F 
 738      735F7472 
 738      756E6B2F 
 739 0064 00       		.byte	0
 740 0065 2F757372 		.ascii	"/usr/lib/gcc/arm-none-eabi/10.3.1/include"
 740      2F6C6962 
 740      2F676363 
 740      2F61726D 
 740      2D6E6F6E 
 741 008e 00       		.byte	0
 742 008f 00       		.byte	0
 743 0090 73746464 		.ascii	"stddef.h\000"
 743      65662E68 
 743      00
 744 0099 03       		.uleb128 0x3
 745 009a 00       		.uleb128 0
 746 009b 00       		.uleb128 0
 747 009c 73746469 		.ascii	"stdint.h\000"
 747      6E742E68 
 747      00
 748 00a5 03       		.uleb128 0x3
 749 00a6 00       		.uleb128 0
 750 00a7 00       		.uleb128 0
 751 00a8 63686561 		.ascii	"chearly.h\000"
 751      726C792E 
 751      6800
 752 00b2 02       		.uleb128 0x2
 753 00b3 00       		.uleb128 0
 754 00b4 00       		.uleb128 0
 755 00b5 6D656D73 		.ascii	"memstreams.h\000"
 755      74726561 
 755      6D732E68 
 755      00
 756 00c2 01       		.uleb128 0x1
 757 00c3 00       		.uleb128 0
 758 00c4 00       		.uleb128 0
 759 00c5 6D656D73 		.ascii	"memstreams.c\000"
 759      74726561 
 759      6D732E63 
 759      00
 760 00d2 01       		.uleb128 0x1
 761 00d3 00       		.uleb128 0
 762 00d4 00       		.uleb128 0
 763 00d5 00       		.byte	0
 764              	.LELTP0:
 765              	.LELT0:
 766              		.section	.gnu.debuglto_.debug_str,"eMS",%progbits,1
 767              	.LASF11:
 768 0000 73697A65 		.ascii	"size_t\000"
 768      5F7400
 769              	.LASF26:
 770 0007 5F707574 		.ascii	"_put\000"
 770      00
 771              	.LASF16:
 772 000c 696E7374 		.ascii	"instance_offset\000"
ARM GAS  /tmp/ccw4HtnB.s 			page 15


 772      616E6365 
 772      5F6F6666 
 772      73657400 
 773              	.LASF0:
 774 001c 756E7369 		.ascii	"unsigned int\000"
 774      676E6564 
 774      20696E74 
 774      00
 775              	.LASF31:
 776 0029 4D656D53 		.ascii	"MemStreamVMT\000"
 776      74726561 
 776      6D564D54 
 776      00
 777              	.LASF3:
 778 0036 7369676E 		.ascii	"signed char\000"
 778      65642063 
 778      68617200 
 779              	.LASF4:
 780 0042 756E7369 		.ascii	"unsigned char\000"
 780      676E6564 
 780      20636861 
 780      7200
 781              	.LASF6:
 782 0050 73686F72 		.ascii	"short unsigned int\000"
 782      7420756E 
 782      7369676E 
 782      65642069 
 782      6E7400
 783              	.LASF28:
 784 0063 474E5520 		.ascii	"GNU C17 10.3.1 20210621 (release) -mcpu=cortex-m4 -"
 784      43313720 
 784      31302E33 
 784      2E312032 
 784      30323130 
 785 0096 6D746875 		.ascii	"mthumb -mfloat-abi=soft -march=armv7e-m -ggdb -O2 -"
 785      6D62202D 
 785      6D666C6F 
 785      61742D61 
 785      62693D73 
 786 00c9 666F6D69 		.ascii	"fomit-frame-pointer -falign-functions=16 -ffunction"
 786      742D6672 
 786      616D652D 
 786      706F696E 
 786      74657220 
 787 00fc 2D736563 		.ascii	"-sections -fdata-sections -fno-common -flto\000"
 787      74696F6E 
 787      73202D66 
 787      64617461 
 787      2D736563 
 788              	.LASF17:
 789 0128 77726974 		.ascii	"write\000"
 789      6500
 790              	.LASF32:
 791 012e 6D734F62 		.ascii	"msObjectInit\000"
 791      6A656374 
 791      496E6974 
 791      00
ARM GAS  /tmp/ccw4HtnB.s 			page 16


 792              	.LASF2:
 793 013b 6C6F6E67 		.ascii	"long double\000"
 793      20646F75 
 793      626C6500 
 794              	.LASF18:
 795 0147 72656164 		.ascii	"read\000"
 795      00
 796              	.LASF25:
 797 014c 5F676574 		.ascii	"_get\000"
 797      00
 798              	.LASF29:
 799 0151 2E2E2F2E 		.ascii	"../../chibios_trunk/os/hal/lib/streams/memstreams.c"
 799      2E2F6368 
 799      6962696F 
 799      735F7472 
 799      756E6B2F 
 800 0184 00       		.ascii	"\000"
 801              	.LASF8:
 802 0185 6C6F6E67 		.ascii	"long unsigned int\000"
 802      20756E73 
 802      69676E65 
 802      6420696E 
 802      7400
 803              	.LASF19:
 804 0197 756E6765 		.ascii	"unget\000"
 804      7400
 805              	.LASF21:
 806 019d 73697A65 		.ascii	"size\000"
 806      00
 807              	.LASF10:
 808 01a2 63686172 		.ascii	"char\000"
 808      00
 809              	.LASF13:
 810 01a7 75696E74 		.ascii	"uint8_t\000"
 810      385F7400 
 811              	.LASF14:
 812 01af 6D73675F 		.ascii	"msg_t\000"
 812      7400
 813              	.LASF30:
 814 01b5 2F686F6D 		.ascii	"/home/rob/Projects/ChibiStudio/ChibiStudio_23/works"
 814      652F726F 
 814      622F5072 
 814      6F6A6563 
 814      74732F43 
 815 01e8 70616365 		.ascii	"pace_trunk/STM32_GPIB_firmware\000"
 815      5F747275 
 815      6E6B2F53 
 815      544D3332 
 815      5F475049 
 816              	.LASF27:
 817 0207 5F726561 		.ascii	"_reads\000"
 817      647300
 818              	.LASF12:
 819 020e 696E7433 		.ascii	"int32_t\000"
 819      325F7400 
 820              	.LASF33:
 821 0216 5F777269 		.ascii	"_writes\000"
ARM GAS  /tmp/ccw4HtnB.s 			page 17


 821      74657300 
 822              	.LASF1:
 823 021e 6C6F6E67 		.ascii	"long long int\000"
 823      206C6F6E 
 823      6720696E 
 823      7400
 824              	.LASF22:
 825 022c 6F666673 		.ascii	"offset\000"
 825      657400
 826              	.LASF5:
 827 0233 73686F72 		.ascii	"short int\000"
 827      7420696E 
 827      7400
 828              	.LASF20:
 829 023d 62756666 		.ascii	"buffer\000"
 829      657200
 830              	.LASF7:
 831 0244 6C6F6E67 		.ascii	"long int\000"
 831      20696E74 
 831      00
 832              	.LASF23:
 833 024d 4D656D6F 		.ascii	"MemoryStream\000"
 833      72795374 
 833      7265616D 
 833      00
 834              	.LASF24:
 835 025a 5F756E67 		.ascii	"_unget\000"
 835      657400
 836              	.LASF15:
 837 0261 5F426F6F 		.ascii	"_Bool\000"
 837      6C00
 838              	.LASF9:
 839 0267 6C6F6E67 		.ascii	"long long unsigned int\000"
 839      206C6F6E 
 839      6720756E 
 839      7369676E 
 839      65642069 
 840              		.text
 841              		.section	.gnu.lto_.profile.662b246c1a4fbfe2,"e",%progbits
 842 0000 789C6362 		.ascii	"x\234cb\000\001\000\000\022\000\003"
 842      00010000 
 842      120003
 843              		.text
 844              		.section	.gnu.lto_.icf.662b246c1a4fbfe2,"e",%progbits
 845 0000 789CD361 		.ascii	"x\234\323a@\000v\206\273]\375o\231\031\037/|\267\203"
 845      40007686 
 845      BB5DFD6F 
 845      99191F2F 
 845      7CB783
 846 0013 8DE9C8B4 		.ascii	"\215\351\310\264MGX\230\377>j\354\344eY\270lV3\037\353"
 846      4D475898 
 846      FF3E6AEC 
 846      E46559B8 
 846      6C56331F 
 847 0028 8BAE876D 		.ascii	"\213\256\207m,lo&<\332\305\302\000\000\330\220\024\224"
 847      2C6C6F26 
 847      3CDAC5C2 
ARM GAS  /tmp/ccw4HtnB.s 			page 18


 847      0000D890 
 847      1494
 848              		.text
 849              		.section	.gnu.lto_.ipa_sra.662b246c1a4fbfe2,"e",%progbits
 850 0000 789CCB63 		.ascii	"x\234\313c@\0006\006&\030\223\231\221\021L1!D\230\231"
 850      40003606 
 850      26189399 
 850      91114C31 
 850      21449899 
 851 0014 C1340703 		.ascii	"\3014\007\003;\204\313\330\310\003\221a\004\252adA\223"
 851      3B84CBD8 
 851      C8039161 
 851      04AA6164 
 851      4193
 852 0026 054B8054 		.ascii	"\005K\200T\200eYY\030\320\000#\003\000~\315\001\353"
 852      80655959 
 852      18D00023 
 852      03007ECD 
 852      01EB
 853              		.text
 854              		.section	.gnu.lto_.inline.662b246c1a4fbfe2,"e",%progbits
 855 0000 789CCD92 		.ascii	"x\234\315\222\257N\003A\020\207\177;\263-\033\256MN"
 855      AF4E0341 
 855      10877F3B 
 855      B32D1BAE 
 855      4D4E
 856 0012 56204EF2 		.ascii	"V N\362\030<\001\206\027h\357Z\320\274\000\271&\204"
 856      183C0186 
 856      1768EF5A 
 856      D0BC00B9 
 856      2684
 857 0024 044142F1 		.ascii	"\004AB\361\020D\011\002\203 H(\301a\020$\004G\352\260"
 857      10440902 
 857      83204828 
 857      C1611024 
 857      0447EAB0 
 858 0038 3508A085 		.ascii	"5\010\240\205\271\241w{\374\021\3241g\276\235\335\271"
 858      B9A1777B 
 858      FC11D431 
 858      67BE9DDD 
 858      B9
 859 0049 F96EF656 		.ascii	"\371n\366V\030ET\201\372\366\321\353\204V\015\303\364"
 859      18455481 
 859      FAF6D1EB 
 859      84560DC3 
 859      F4
 860 005a 65879730 		.ascii	"e\207\2270\205\246\202\001G\230\257\366n\236\307\324"
 860      85A68201 
 860      4798AFF6 
 860      6E9EC7D4 
 861 006a 06DCE9F5 		.ascii	"\006\334\351\365\361;\265\011\004\223JPL\260\005\303"
 861      F13BB509 
 861      04934A50 
 861      4CB005C3 
 862 007a FAACF359 		.ascii	"\372\254\363Y\007\253\324F\015\346j\347`\314-BH9#\004"
 862      07ABD446 
 862      0DE66AE7 
ARM GAS  /tmp/ccw4HtnB.s 			page 19


 862      60CC2D42 
 862      48392304 
 863 008e 29C56888 		.ascii	")\305h\210\223Am\377\254\367XRj\346J\251)9\261:%\300"
 863      93416DFF 
 863      ACF75852 
 863      6AE64AA9 
 863      2939B13A 
 864 00a4 DCC3F0EE 		.ascii	"\334\303\360\356\362\257N<\334\272\235H\325lN\204`\263"
 864      F2AF4E3C 
 864      DCBA9D48 
 864      D56C4E84 
 864      60B3
 865 00b6 7B72A14E 		.ascii	"{r\241N\353}\246=\026\037S\010}W\003\272\362\356\015"
 865      EB7DA63D 
 865      161F5308 
 865      7D5703BA 
 865      F2EE0D
 866 00c9 99EF678F 		.ascii	"\231\357g\217/j\"Q\021\034Hk'M\316\357_8\266p\242\251"
 866      2F6A2251 
 866      111C486B 
 866      274DCEEF 
 866      5F38B670 
 867 00df DCB26ACF 		.ascii	"\334\262j\317\243\247\364\215\022\213r>\314>k\272\222"
 867      A3A7F48D 
 867      128B723E 
 867      CC3E6BBA 
 867      92
 868 00f0 85AF6E58 		.ascii	"\205\257nX\221d\204Y\017^3\366\227\301\221\022\274e"
 868      91648459 
 868      0F5E33F6 
 868      97C19112 
 868      BC65
 869 0102 900F004E 		.ascii	"\220\017\000N\313f\276TRJd\2009-\370\223\221?\031\025"
 869      CB66BE54 
 869      524A6480 
 869      392DF893 
 869      913F1915 
 870 0116 FB8BD2DE 		.ascii	"\373\213\322\336\3263\325\335\345\354\261?\214K\177"
 870      D633D5DD 
 870      E5ECB13F 
 870      8C4B7F
 871 0125 DF7F14AE 		.ascii	"\337\177\024\256h\353\001wd\236\371%\"\0208\244Nf#\361"
 871      68EB0177 
 871      649EF925 
 871      221038A4 
 871      4E6623F1 
 872 0139 016970C1 		.ascii	"\001ip\301\337"
 872      DF
 873              		.text
 874              		.section	.gnu.lto_.jmpfuncs.662b246c1a4fbfe2,"e",%progbits
 875 0000 789C854E 		.ascii	"x\234\205NA\012\2000\014K\326n\036\367c\367\231=\304"
 875      410A8030 
 875      0C4BD66E 
 875      1EF763F7 
 875      993DC4
 876 0013 9BCF72E9 		.ascii	"\233\317r\351\020\034\010\032\0104i\033r\342AA\"\255"
 876      101C081A 
ARM GAS  /tmp/ccw4HtnB.s 			page 20


 876      0834691B 
 876      72E24141 
 876      22AD
 877 0025 750B3A85 		.ascii	"u\013:\205\230\323j\232\311\335B\261[\254Q|'\301\303"
 877      98D36A9A 
 877      C9DD42B1 
 877      5BAC517C 
 877      27C1C3
 878 0038 09F112AA 		.ascii	"\011\361\022\252\242\276\265\257)y\246\274N\376S\363"
 878      A2BEB5AF 
 878      2979A6BC 
 878      4EFE53F3 
 879 0048 AC58F55E 		.ascii	"\254X\365^\332]&\210\001\362\2104\031"
 879      DA5D2688 
 879      01F28834 
 879      19
 880              		.text
 881              		.section	.gnu.lto_.pureconst.662b246c1a4fbfe2,"e",%progbits
 882 0000 789C1366 		.ascii	"x\234\023f```c\230\305\3028\213\205i\026\013\363,\026"
 882      60606063 
 882      98C5C238 
 882      8B856916 
 882      0BF32C16 
 883 0014 96592CAC 		.ascii	"\226Y,\254\263X\000%\275\003\335"
 883      B3580025 
 883      BD03DD
 884              		.text
 885              		.section	.gnu.lto_.lto.662b246c1a4fbfe2,"e",%progbits
 886 0000 09000400 		.ascii	"\011\000\004\000\001\000\000\000"
 886      01000000 
 887              		.text
 888              		.section	.gnu.lto__writes.385.662b246c1a4fbfe2,"e",%progbits
 889 0000 789C7D92 		.ascii	"x\234}\222OH\024Q\034\307\177\337\367fgv\323\255[]\203"
 889      4F481451 
 889      1CC77FDF 
 889      F7666776 
 889      D3AD5B5D 
 890 0015 90E8B253 		.ascii	"\220\350\262Sjx\215:D\007A\262\373\262\273M\270\351"
 890      6A788D3A 
 890      440741B2 
 890      FBB2BB4D 
 890      B8E9
 891 0027 3ACBCC8A 		.ascii	":\313\314\212GG\213=,,\246u4\223e\262\214 \010#+\255"
 891      47478B3D 
 891      2C2CA675 
 891      349365B2 
 891      8C200823 
 892 003d 8D082408 		.ascii	"\215\010$\010J\350P\020A\020YBlB\024\024\330\357\275"
 892      4AE85010 
 892      41105942 
 892      6C421414 
 892      D8EFBD
 893 0050 1D502183 		.ascii	"\035P!\203y\177~\277\367\371\275\357\367\2757\337\005"
 893      797F7EBF 
 893      F7F9BDEF 
 893      F7BD37DF 
 893      05
ARM GAS  /tmp/ccw4HtnB.s 			page 21


 894 0061 D16D226A 		.ascii	"\321m\"j\343\006I\230\234\250\010\012\202\340\230%0"
 894      E3064998 
 894      9CA8080A 
 894      82E09825 
 894      30
 895 0072 3A51F939 		.ascii	":Q\3719{\000O\240c\320\210\300\010.\313)\211I\0312k"
 895      7B004FA0 
 895      63D088C0 
 895      082ECB29 
 895      89491932 
 896 0087 443360FF 		.ascii	"D3`\377\241z\020\374\272\276\326X\263\246n\326\215P"
 896      A17A10FC 
 896      BABED658 
 896      B3A66ED6 
 896      8D50
 897 0099 0A9A66E0 		.ascii	"\012\232f\340\0360\017\336\230\030\224\025\320A\246"
 897      1E300FDE 
 897      98189415 
 897      D041A6
 898 00a8 5E2D2D04 		.ascii	"^--\004A\202B)q\037[ NTq\305Td\030\221\253\021i\340"
 898      41824229 
 898      711F5B20 
 898      4E5471C5 
 898      54641891 
 899 00c0 C176D2A8 		.ascii	"\301v\322\250\342\232&oD\344\357\210\024x\264\235\024"
 899      E29A266F 
 899      44E4EF88 
 899      1478B49D 
 899      14
 900 00d1 55DC329B 		.ascii	"U\3342\233\372sPC\033\343\215\325\225\342r\300.cX\302"
 900      FA735043 
 900      1BE38DD5 
 900      95E272C0 
 900      2E6358C2 
 901 00e5 369F55CC 		.ascii	"6\237U\314\233&\3411\224}u#\334\356\254\304\352\301"
 901      9B26E131 
 901      947D7523 
 901      DCEEACC4 
 901      EAC1
 902 00f7 9F8DF120 		.ascii	"\237\215\361 \330\370\204\317\037b{\300\373\232BuRu"
 902      D8F884CF 
 902      1F627BC0 
 902      FB9A4275 
 902      5275
 903 0109 06611131 		.ascii	"\006a\0211\236Y\246\352,\225\213\253.\001,\240\005\274"
 903      9E59A6EA 
 903      2C958BAB 
 903      2E012CA0 
 903      05BC
 904 011b DA0A3CE4 		.ascii	"\332\012<\344\255\306\245\272\331\300@P'\272$E3\030"
 904      ADC6A5BA 
 904      D9C04050 
 904      27BA2445 
 904      3318
 905 012d E5E02B82 		.ascii	"\345\340+\202\217\257\223<\214\315\364\262zM&t\352M"
 905      8FAF933C 
 905      8CCDF4B2 
ARM GAS  /tmp/ccw4HtnB.s 			page 22


 905      7A4D2674 
 905      EA4D
 906 013f 92BE616C 		.ascii	"\222\276alq.Y\223\210\356:\246O1\253\236$\036\3128\223"
 906      712E5993 
 906      88EE3AA6 
 906      4F31AB9E 
 906      241ECA38 
 907 0154 A8830E37 		.ascii	"\250\203\0167C\201\247\270\252\215\353\262}5)\376\007"
 907      4381A7B8 
 907      AA8DEBB2 
 907      7D3529FE 
 907      07
 908 0165 3F63181A 		.ascii	"?c\030\032\2760]~)jR\262\016\327\250\304zYPM\032:\327"
 908      BE305D7E 
 908      296A52B2 
 908      0ED7A8C4 
 908      7A59504D 
 909 017c C266041F 		.ascii	"\302f\004\037\203cm\353m7\377\023Z\342\313\356\232\214"
 909      83636DEB 
 909      6D37FF13 
 909      5AE2CBEE 
 909      9A8C
 910 018e ED2C61E1 		.ascii	"\355,a\3419K\210\246\304\335\362\017\2260\271@I4P\236"
 910      394B88A6 
 910      C4DDF20F 
 910      9630B940 
 910      4934509E 
 911 01a2 B1E82244 		.ascii	"\261\350\"D(\023\323\312\205^je\211P\356\322*\357\232"
 911      2813D3CA 
 911      855E6A65 
 911      8950EED2 
 911      2AEF9A
 912 01b5 12732C61 		.ascii	"\022s,a\375KB?\367\362\346\021\246\312l0\256=[\252\262"
 912      FD4B423F 
 912      F7F2E611 
 912      A6CA6C30 
 912      AE3D5BAA 
 913 01ca 51C18E65 		.ascii	"Q\301\216e/\232e\314k\251\367IZ\347\253?\252\016H\352"
 913      2F9A65CC 
 913      6BA9F749 
 913      5AE7AB3F 
 913      AA0E48EA 
 914 01de 9DB0F94E 		.ascii	"\235\260\371ND\247\355>\267\340\330\236\233\265{<\367"
 914      44A7ED3E 
 914      B7E0D89E 
 914      9BB57B3C 
 914      F7
 915 01ef BC932BF9 		.ascii	"\274\223+\371\366\211\276|6\337[\032:\233w\267\316\323"
 915      F689BE7C 
 915      36DF5B1A 
 915      3A9B77B7 
 915      CED3
 916 0201 ED1DF6B0 		.ascii	"\355\035\366\260\353\365\373\305L\316I\227\274\241\301"
 916      EBF5FBC5 
 916      4CCE4997 
 916      BCA1C1
 917 0210 7EBBF74C 		.ascii	"~\273\367LwG{\372d\317\251\343\351sy\2570\234\361\034"
ARM GAS  /tmp/ccw4HtnB.s 			page 23


 917      77477BFA 
 917      64CFA9E3 
 917      E97379AF 
 917      309CF11C 
 918 0224 EA4CA56C 		.ascii	"\352L\245l\376r\252\322\365#\320\365\355\276\314\200"
 918      FE72AAD2 
 918      F523D0F5 
 918      EDBECC80 
 919 0234 3D90CFDA 		.ascii	"=\220\317\332~\311s2\005\337.8\205h\232\312\221\310"
 919      7EC97332 
 919      05DF2E38 
 919      85689ACA 
 919      91C8
 920 0246 17F76E4D 		.ascii	"\027\367nM\244r]\035\235]G\234v\022\331\"\006e\301/"
 920      A4725D1D 
 920      9D5D479C 
 920      7612D922 
 920      0665C12F 
 921 025a FE05A9D4 		.ascii	"\376\005\251\324\030\227"
 921      1897
 922              		.text
 923              		.section	.gnu.lto__reads.386.662b246c1a4fbfe2,"e",%progbits
 924 0000 789C7D92 		.ascii	"x\234}\222Kh\023Q\024\206\317\177\357L&\245-\335H\327"
 924      4B681351 
 924      1486CF7F 
 924      EF4C26A5 
 924      2DDD48D7 
 925 0014 6E54DC64 		.ascii	"nT\334d\264\255t+\012\212\213B\261\356C\022G\032\333"
 925      B4AD742B 
 925      0A8A8B42 
 925      B1EE4312 
 925      471ADB
 926 0027 74C24C4A 		.ascii	"t\302LJ\227\275\255\222E \364\265qQK\031\342\243 \010"
 926      97BDAD92 
 926      4520F4B5 
 926      71514B19 
 926      E2A32008 
 927 003b 52B16AD5 		.ascii	"R\261j\325\210T\213\033\245\340B\334\271(\370@kA|?\316"
 927      88548B1B 
 927      A5E042DC 
 927      B928F840 
 927      6B417C3F 
 928 0050 9D196803 		.ascii	"\235\031h\003V\230\271\2173\337\271\377\177\356\231"
 928      5698B98F 
 928      33DFB9FF 
 928      7FEE99
 929 005f 4D41748D 		.ascii	"MAt\215\210\366\362\013I\230\236\252\010RJ\035\266\004"
 929      88F6F20B 
 929      49989EAA 
 929      08524A1D 
 929      B604
 930 0071 C6A62A4F 		.ascii	"\306\246*O.,\032x\2000\000\032\025\030\305\214\234\225"
 930      2E2C1A78 
 930      8030001A 
 930      1518C58C 
 930      9C95
 931 0083 98963586 		.ascii	"\230\2265\206\215x\005\354\336_W\352\353\245w\223\037"
ARM GAS  /tmp/ccw4HtnB.s 			page 24


 931      8D7805EC 
 931      DE5F57EA 
 931      EBA57793 
 931      1F
 932 0094 ADD9AB75 		.ascii	"\255\331\253u\243&\005\3151p\023X\004\237L\014\312\012"
 932      A32605CD 
 932      31701358 
 932      049F4C0C 
 932      CA0A
 933 00a6 681F53CF 		.ascii	"h\037S\317\227\227\224j\242\232\224\270\205m\020\007"
 933      9797946A 
 933      A29A94B8 
 933      856D1007 
 934 00b6 AA78656A 		.ascii	"\252xej\262\026\223/c\322\300\355F\322\250b=$\257\304"
 934      B216932F 
 934      63D2C0ED 
 934      46D2A862 
 934      3D24AFC4 
 935 00ca E4FB9814 		.ascii	"\344\373\230\024\270\333H\212*>\231\221\376\002\364"
 935      B8DB488A 
 935      2A3E9991 
 935      FE02F4
 936 00d9 B487F18D 		.ascii	"\264\207\361\215\357k\305U\305.M\334C\203\317*~\230"
 936      EF6BC555 
 936      C52E4DDC 
 936      4383CF2A 
 936      7E98
 937 00eb 09C27D68 		.ascii	"\011\302}h\373\372J\370\275\276f\326\325\317?\023J="
 937      FBFA4AF8 
 937      BDBE66D6 
 937      D5CF3F13 
 937      4A3D
 938 00fd FB82F599 		.ascii	"\373\202\365\231cm\340s\023B\017R\017\006a\031\246v"
 938      636DE073 
 938      13420F52 
 938      0F066119 
 938      A676
 939 010f 95D083A5 		.ascii	"\225\320\203\245cI=4\001Kh\006\177m\001\356\360Q\023"
 939      63493D34 
 939      014B6806 
 939      7F6D01EE 
 939      F05113
 940 0122 525FAD32 		.ascii	"R_\2552\240\352D\223RD\2331\336\274\205z\375\271\225"
 940      A0EA4493 
 940      52449B31 
 940      DEBC857A 
 940      FDB995
 941 0135 A7F1F93E 		.ascii	"\247\361\371>V\017dS\030\372\326J\0370\276\274\320\032"
 941      560F6453 
 941      18FAD64A 
 941      1F30BEBC 
 941      D01A
 942 0147 48C4776D 		.ascii	"H\304wm\206U\\\326-I\326\244\305$\352\240\003\321V\340"
 942      86555CD6 
 942      2D49D6A4 
 942      C524EAA0 
 942      03D156E0 
ARM GAS  /tmp/ccw4HtnB.s 			page 25


 943 015b 212E86C6 		.ascii	"!.\206\306u\332\233\366@\212\377\301\217\030F\010\237"
 943      75DA9BF6 
 943      408AFFC1 
 943      8F184608 
 943      9F
 944 016c 9B2BAF88 		.ascii	"\233+\257\210@J\326\341\034\035\330,\013\012\244\021"
 944      404AD6E1 
 944      1C1DD82C 
 944      0B0AA411 
 945 017c C69AD98C 		.ascii	"\306\232\331\214\3402x\037\332\372\325\303\377D$\261"
 945      E032781F 
 945      DAFAD5C3 
 945      FF4424B1 
 946 018c 2B90E6CE 		.ascii	"+\220\346\316\022\006VXBD\0227\312/\370\254\004'h\211"
 946      12065658 
 946      42441237 
 946      CA2FF8AC 
 946      04276889 
 947 01a0 0D94E72D 		.ascii	"\015\224\347-:\017Q\223\3119\355\"\220-\341WnKT\374"
 947      3A0F5193 
 947      C939ED22 
 947      902DE157 
 947      6E4B54FC 
 948 01b4 EF58A22D 		.ascii	"\357X\242-\220\326\277$\302v\257n\2250[f\203\311\320"
 948      90D6BF24 
 948      C276AF6E 
 948      95305B66 
 948      83C9D0
 949 01c7 B3A53337 		.ascii	"\263\24537*\3301\355i\224\306|(5\365\030\264\311w\177"
 949      2AD831ED 
 949      6994C67C 
 949      2835F518 
 949      B4C9777F 
 950 01db 485748BA 		.ascii	"HWH\272Q\330j\024\321I\273\337-8\266\347f\355^\317="
 950      51D86A14 
 950      D149BBDF 
 950      2D38B6E7 
 950      66ED5ECF 
 951 01f0 EBE44ABE 		.ascii	"\353\344J\276}\264?\237\315\367\225\206O\347\335\355"
 951      7DB43F9F 
 951      CDF79586 
 951      4FE7DDED 
 952 0200 EB7447A7 		.ascii	"\353tG\247=\342z\003~1\223s\322%oxh\300\356;\325\323"
 952      3DE27A03 
 952      7E319373 
 952      D2256F78 
 952      68C0EE3B 
 953 0216 D9913EDE 		.ascii	"\331\221>\336{\342H\372L\336+\214d<\207\272R)\233\237"
 953      7BE248FA 
 953      4CDE2B8C 
 953      643C87BA 
 953      52299B9F 
 954 022a 9CCE74FD 		.ascii	"\234\316t\375\030t}\273?3h\017\346\263\266_\362\234"
 954      18747DBB 
 954      3F33680F 
 954      E6B3B65F 
 954      F29C
ARM GAS  /tmp/ccw4HtnB.s 			page 26


 955 023c 4CC1B70B 		.ascii	"L\301\267\013N!^\246r$\362\305\366\355\201T\256\273"
 955      4E215EA6 
 955      7224F2C5 
 955      F6ED8154 
 955      AEBB
 956 024e B3ABFBA0 		.ascii	"\263\253\373\240\323A\"[\304\220,\370\305\277\021\234"
 956      D341225B 
 956      C4902CF8 
 956      C5BF119C 
 957 025e 1AC2     		.ascii	"\032\302"
 958              		.text
 959              		.section	.gnu.lto__put.387.662b246c1a4fbfe2,"e",%progbits
 960 0000 789C7D52 		.ascii	"x\234}RMH\024Q\034\177\277\367f\366\003k\217\025\035"
 960      4D481451 
 960      1C7FBFF7 
 960      66F6036B 
 960      8F151D
 961 0013 A24B4410 		.ascii	"\242KD\020;\346\012vK\212\250\016\201d\367ew\233\330"
 961      3BE60A76 
 961      4B8AA80E 
 961      8164F765 
 961      779BD8
 962 0026 4DB79199 		.ascii	"M\267\221\231\025o\371\374\310\303\326\242k]\014\225"
 962      156FF9FC 
 962      C8C3D6A2 
 962      6B5D0C95 
 963 0036 9836C94B 		.ascii	"\2306\311K\245)i\231)\222A D\035\364\026u\010\267 \244"
 963      A5296999 
 963      29924120 
 963      441DF416 
 963      7508B720 
 964 004b 53847DFC 		.ascii	"S\204}\374\337\354\244\006\031\314{\363\376o~_\357\377"
 964      DFECA406 
 964      19CC7BF3 
 964      FE6F7E5F 
 964      EFFF
 965 005d A6CC191B 		.ascii	"\246\314\031\033e\214\235\244\001\235\241\277\230\347"
 965      658C9DA4 
 965      019DA1BF 
 965      98E7
 966 006b 4C4A591F 		.ascii	"LJY\037\344\274\273x\215\343\031\356\015\037\326\272"
 966      E4BCBB78 
 966      8DE319EE 
 966      0D1FD6BA 
 967 007b 8A9195F7 		.ascii	"\212\221\225\367o\217i\0027\213\371\345\201Z\017\241"
 967      6F8F6902 
 967      378BF9E5 
 967      815A0FA1 
 968 008b A163030D 		.ascii	"\241c\003\015\326\316\205\206v\334\020\203\002\375\242"
 968      D6CE8586 
 968      76DC1083 
 968      02FDA2
 969 009a 2418347F 		.ascii	"$\0304\177\005\354?D\240ow??\034;:\337u\365tIp6L\200"
 969      05EC3F44 
 969      A06F773F 
 969      3F1C3B3A 
 969      DF75F574 
ARM GAS  /tmp/ccw4HtnB.s 			page 27


 970 00b3 49600264 		.ascii	"I`\002d\314\010(\362`\007\347\244|==%e\230\225\204\300"
 970      CC0828F2 
 970      6007E7A4 
 970      7C3D3D25 
 970      65989584 
 971 00c8 636C01D1 		.ascii	"cl\001\321F\001\243\272B\226|\344\322\204\224\202>h"
 971      4601A3BA 
 971      42967CE4 
 971      D2849482 
 971      3E68
 972 00da 98F69031 		.ascii	"\230\366\2201T+\234V\300\204^\321\034\201z\035 \360"
 972      542B9C56 
 972      C0845ED1 
 972      1C817A1D 
 972      20F0
 973 00ec DAF53BF9 		.ascii	"\332\365;\371H_G\250$t<\305_\346\005\314\352\001\206"
 973      485F47A8 
 973      24743CC5 
 973      5FE605CC 
 973      EA0186
 974 00ff 19A84CAA 		.ascii	"\031\250L\252\0154\036\274\321\347\344\372\257^)\337"
 974      0D341EBC 
 974      D1E7E4FA 
 974      AF5E29DF 
 975 010f ED5959FF 		.ascii	"\355YY\377\030\212\200\204\003\\M\3121\250\251IWe@M"
 975      188A8084 
 975      035C4DCA 
 975      31A8A949 
 975      5765404D 
 976 0123 419A7818 		.ascii	"A\232x\030\230B\025\360\204\004z\205j\213\324 \347\030"
 976      984215F0 
 976      84047A85 
 976      6A8BD420 
 976      E718
 977 0135 EB13BC52 		.ascii	"\353\023\274RtP\361\011\362\303\300b\230\372J\313\316"
 977      7450F109 
 977      F2C3C062 
 977      98FA4ACB 
 977      CE
 978 0146 DB8DE4EB 		.ascii	"\333\215\344\353\212\260\267=\264\010\366\005\2353\243"
 978      8AB0B73D 
 978      B408F605 
 978      9D33A3
 979 0155 3B5D01BF 		.ascii	";]\001\277w\272w\202\021\020\237\262\207\010\212Y\260"
 979      77BA7782 
 979      11109FB2 
 979      87088A59 
 979      B0
 980 0166 EA4A19C6 		.ascii	"\352J\031\306s\014y\231=\332nW\360\377\201\347\011\254"
 980      730C7999 
 980      3DDA6E57 
 980      F0FF81E7 
 980      09AC
 981 0178 0E5746F7 		.ascii	"\016WF\367\352\302^\362 \274\"S@1_\030\376!6\002\216"
 981      EAC25EF2 
 981      20BC2253 
 981      40315F18 
ARM GAS  /tmp/ccw4HtnB.s 			page 28


 981      FE213602 
 982 018d FD49B2C3 		.ascii	"\375I\262\303\025b{\311 \026H\222{\376]\343=K\334\025"
 982      15627BC9 
 982      20164892 
 982      7BFE5DE3 
 982      3D4BDC15 
 983 01a1 1A11942C 		.ascii	"\032\021\224,\261o\225\367\371\207\240\277\303SXEI\001"
 983      B16F95F7 
 983      F987A0BF 
 983      C3535845 
 983      4901
 984 01b3 34BC0073 		.ascii	"4\274\000sE\225g5\036\2508E\\\241\377\313\211\251\344"
 984      45956735 
 984      1EA83845 
 984      5CA1FFCB 
 984      89A9E4
 985 01c6 2FFDE464 		.ascii	"/\375\344d3\330C\261\003\004V\302\324r\305^\313c[\352"
 985      33D843B1 
 985      030456C2 
 985      D472C55E 
 985      CB635BEA 
 986 01da AB0A9538 		.ascii	"\253\012\2258\236\335\344\"\274\003k\2337\362\025\235"
 986      9EDDE422 
 986      BC036B9B 
 986      37F2159D 
 987 01ea F5F43D48 		.ascii	"\365\364=H\373\337\021T\262\034W\370\317\261\265\020"
 987      FBDF1154 
 987      B21C57F8 
 987      CFB1B510 
 988 01fa 5D52A564 		.ascii	"]R\245d\342\376\2434]*6/\225\261sF\332\312\232\206m"
 988      E2FEA334 
 988      5D2A362F 
 988      95B17346 
 988      DACA9A86 
 989 020f 258D06DB 		.ascii	"%\215\006\333\272d\246r\216q\"\235If\032s\255\0272\326"
 989      BA64A672 
 989      8E71229D 
 989      49661A73 
 989      AD1732D6 
 990 0223 D675BC26 		.ascii	"\326u\274&f\264Yv\223\323\222H\231\361\234\335z\271"
 990      66B45976 
 990      93D39248 
 990      99F19CDD 
 990      7AB9
 991 0235 C9683C7F 		.ascii	"\311h<\1776V\023?\325p\346x\374b\306\316\266%l\223\325"
 991      3656133F 
 991      D570E678 
 991      FC62C6CE 
 991      B6256C93 
 992 024a 46A3063D 		.ascii	"F\243\006=)\305\264\034\037h9F:\321l4g\222\206\223\263"
 992      29C5B41C 
 992      1F683946 
 992      3AD16C34 
 992      67928693 
 993 025f CD44D631 		.ascii	"\315D\3261\262f\326_FS\214gZvm\335\210\246\352b\265"
 993      B266D65F 
 993      46538C67 
ARM GAS  /tmp/ccw4HtnB.s 			page 29


 993      5A766DDD 
 993      88A6EA62 
 994 0274 7547CC1A 		.ascii	"uG\314\032\206\244\310:-\277\001Ig!\303"
 994      86A4C83A 
 994      2DBF0149 
 994      6721C3
 995              		.text
 996              		.section	.gnu.lto__get.388.662b246c1a4fbfe2,"e",%progbits
 997 0000 789C7D92 		.ascii	"x\234}\222AH\024a\024\307\277\377\367\315\254\273\246"
 997      41481461 
 997      14C7BFFF 
 997      F7CDACBB 
 997      A6
 998 0011 1E853A75 		.ascii	"\036\205:u\211\010j\307\\\301nI\021\325!\220\354\276"
 998      89086AC7 
 998      5CC16E49 
 998      11D52190 
 998      ECBE
 999 0023 EC6E13BB 		.ascii	"\354n\023\273\35162\263\342-?w\315`Mt\255C\204m1m\241"
 999      E93632B3 
 999      E22D3F77 
 999      CD604D74 
 999      AD43846D 
 1000 003a 978A4AD2 		.ascii	"\227\212J\322RS$\351(ET\024AuH\223R\272\024\241\324"
 1000      525324E9 
 1000      28455414 
 1000      41754893 
 1000      52BA14A1 
 1001 004f FB663735 		.ascii	"\373f75\250`\346\233\367\036\277\367\336\377\275o>r"
 1001      A860E69B 
 1001      F71EBFF7 
 1001      DEFFBD6F 
 1001      3E72
 1002 0061 C6861963 		.ascii	"\306\206\031c\007\350\205\3160\220\313r&\245l(\343\274"
 1002      07E885CE 
 1002      3090CB72 
 1002      26A56C28 
 1002      E3BC
 1003 0073 2BD7C331 		.ascii	"+\327\3031\201\241\374N-\223\253z\371\356\331^M\340"
 1003      81A1FC4E 
 1003      2D93AB7A 
 1003      F9EED95E 
 1003      4DE0
 1004 0085 422EBB74 		.ascii	"B.\273t\251\316#4t\256\321`\035\\h\350\300y1(0 \012"
 1004      A9CE2334 
 1004      74AED160 
 1004      1D5C68E8 
 1004      C0793128 
 1005 009c 82412B59 		.ascii	"\202A+Y\300\326\035\004}\277\2768ww\317t\346\314\241"
 1005      C0D61D04 
 1005      7DBFBE38 
 1005      7777CF74 
 1005      E6CCA1
 1006 00af 82E02C4F 		.ascii	"\202\340,O\300\010p\017\324\230\021(\262`\333\247\244"
 1006      C008700F 
 1006      D4981128 
 1006      B260DBA7 
ARM GAS  /tmp/ccw4HtnB.s 			page 30


 1006      A4
 1007 00c0 9C1B1B95 		.ascii	"\234\033\033\2252\300\012B\340>6@\024\350\3057\255\310"
 1007      32C00A42 
 1007      E03E3640 
 1007      14E8C537 
 1007      ADC8
 1008 00d2 16A03EDB 		.ascii	"\026\240>\333\010_\276r-[\325\337\351/P\3631\374Q\264"
 1008      085FBE72 
 1008      2D5BD5DF 
 1008      E92F50F3 
 1008      31FC51B4 
 1009 00e6 17E77405 		.ascii	"\027\347t\005\017\255\303\371\017\335\225\267%\301:"
 1009      0FADC3F9 
 1009      0FDD95B7 
 1009      25C13A
 1010 00f5 1E7A7008 		.ascii	"\036zp\0105E4\255\373\030\306\201\007P\312\3242\350"
 1010      354534AD 
 1010      FB18C681 
 1010      0750CAD4 
 1010      32E8
 1011 0107 A1C0ADA7 		.ascii	"\241\300\255\247\372\224\\\371\331'\345\322\346\211"
 1011      FA945CF9 
 1011      D927E5D2 
 1011      E689
 1012 0115 378BFE4A 		.ascii	"7\213\376J\220\022\037W\207\240\243LS\207\256\\\037"
 1012      90121F57 
 1012      87A0A34C 
 1012      5387AE5C 
 1012      1F
 1013 0126 1DDC0F8C 		.ascii	"\035\334\017\214\242\\U\252P.c}B\355Gj\220S\214\365"
 1013      A25C55AA 
 1013      502E637D 
 1013      42ED476A 
 1013      90538CF5 
 1014 013a 0B5E743A 		.ascii	"\013^t:\311\371\004\371~b6@\013\366\314I\037}\322W\233"
 1014      C9F904F9 
 1014      7E623640 
 1014      0BF6CC49 
 1014      1F7DD257 
 1015 014f 48812BFC 		.ascii	"H\201+\374^\350\331,\330\027\244\307\207+]\201\322."
 1015      5EE8D92C 
 1015      D817A4C7 
 1015      872B5D81 
 1015      D22E
 1016 0161 356F981B 		.ascii	"5o\230\033\24024\206\237PL\202\325\024\335\000\036\341"
 1016      A0323486 
 1016      9F504C82 
 1016      D514DD00 
 1016      1EE1
 1017 0173 B2A75EA5 		.ascii	"\262\247^\245-T\273\202\377\017\236&Xmj\001]\3633[\250"
 1017      2D54BB82 
 1017      FF0F9E26 
 1017      586D6A01 
 1017      5DF3335B 
 1018 0188 87AB1433 		.ascii	"\207\253\0243\245SL\367\346W\305\232\316\027\277\225"
 1018      A5534CF7 
 1018      E657C59A 
ARM GAS  /tmp/ccw4HtnB.s 			page 31


 1018      CE17BF95 
 1019 0198 54B942FC 		.ascii	"T\271B\374\273d\031f\250$\367\372g\356t\177\346\256"
 1019      BB641966 
 1019      A824F7FA 
 1019      67EE747F 
 1019      E6AE
 1020 01aa D0284195 		.ascii	"\320(A\225\245\354\213=\273\\Q^\232\203~\030\257\310"
 1020      A5EC8B3D 
 1020      BB5C515E 
 1020      9A837E18 
 1020      AFC8
 1021 01bc 3CD93A61 		.ascii	"<\331:ax\014\346-`\023\355\2160\257\355+\257mf\260{"
 1021      780CE62D 
 1021      6013ED8E 
 1021      30AFED2B 
 1021      AF6D66B0 
 1022 01d1 95424471 		.ascii	"\225BDq\225\031\200\247e9\213\277\011a\012xR\034\214"
 1022      951980A7 
 1022      65398BBF 
 1022      09610A78 
 1022      521C8C
 1023 01e4 72BC32AF 		.ascii	"r\2742\257\213\352W\316>\2472\025\252\270\032Q[\277"
 1023      8BEA57CE 
 1023      3EA73215 
 1023      AAB81A51 
 1023      5BBF
 1024 01f6 8AAF4837 		.ascii	"\212\257H7\020\355\243\370\017\370T\023\216\323\374"
 1024      10EDA3F8 
 1024      0FF85413 
 1024      8ED3FC
 1025 0205 E6C8B29F 		.ascii	"\346\310\262\237n\207R\304\333\2218\335$\326o\222\261"
 1025      6E8752C4 
 1025      DB9138DD 
 1025      24D66F92 
 1025      B1
 1026 0216 A346DC4A 		.ascii	"\243F\334J\232\206mE\215F\333:i\306R\216\261?\236\210"
 1026      9A866D45 
 1026      8D46DB3A 
 1026      69C6528E 
 1026      B13F9E88 
 1027 022a 269A526D 		.ascii	"&\232Rm\307\023\326F;\\\0332\332-\273\331i\215\304\314"
 1027      C713D646 
 1027      3B5C1B32 
 1027      DA2DBBD9 
 1027      698DC4CC 
 1028 023e 70CA6E3B 		.ascii	"p\312n;\325l4\035;\022\252\015\037l<\274/|\"a'\333#"
 1028      D56C341D 
 1028      3B12AA0D 
 1028      1F6C3CBC 
 1028      2F7C2261 
 1029 0255 B6C9EA82 		.ascii	"\266\311\352\202A\203\236\230\312\264\234\022h9F<\322"
 1029      41839E98 
 1029      CAB49C12 
 1029      6839463C 
 1029      D2
 1030 0266 62B424A2 		.ascii	"b\264$\242\206\223\262\315H\3221\222f\262d\006c\214"
 1030      8693B2CD 
ARM GAS  /tmp/ccw4HtnB.s 			page 32


 1030      48D23192 
 1030      66B26406 
 1030      638C
 1031 0278 275AAB37 		.ascii	"'Z\2537\006\202\261\372P]\375n\263\226\211\244\323\212"
 1031      0682B1FA 
 1031      505DFD6E 
 1031      B39689A4 
 1031      D38A
 1032 028a E82F3D6E 		.ascii	"\350/=n'\012"
 1032      270A
 1033              		.text
 1034              		.section	.gnu.lto__unget.389.662b246c1a4fbfe2,"e",%progbits
 1035 0000 789C7552 		.ascii	"x\234uRMh\023A\024\236of\266\233\224Zo\036\364\342A"
 1035      4D681341 
 1035      149E6F66 
 1035      B69B945A 
 1035      6F1EF4E2 
 1036 0015 112FD99A 		.ascii	"\021/\331\232\024\352\315\242\210z\020\212\325sH\342"
 1036      14EACDA2 
 1036      887A108A 
 1036      D57348E2 
 1037 0025 4A621BB7 		.ascii	"Jb\033\267\354\246\364f\247?\366\020\011mj\017*\265"
 1037      ECA6F466 
 1037      A73FF610 
 1037      096D6A0F 
 1037      2AB5
 1038 0037 488C857A 		.ascii	"H\214\205z\021\244\332_5\245\264\236\244\305\203\007"
 1038      11A4DA5F 
 1038      35A5B49E 
 1038      A4C58307 
 1039 0047 0F821E4A 		.ascii	"\017\202\036JT\220\"\010Z,\365\315&\266\025t\331y\373"
 1039      54902208 
 1039      5A2CF5CD 
 1039      26B61574 
 1039      D979FB
 1040 005a DE9BEF7B 		.ascii	"\336\233\357{\337\2337;\304\031\233`\214\235\246\005"
 1040      DF9B373B 
 1040      C4199B60 
 1040      8C9DA605 
 1041 006a 8361389F 		.ascii	"\203a8\237\345L)\325lr\336\237\277\311\361\034\267\357"
 1041      E54C29D5 
 1041      6C72DE9F 
 1041      BFC9F11C 
 1041      B7EF
 1042 007c 5C927DF9 		.ascii	"\\\222}\371\372\362\332\243\023R`$\237]\031m\364\021"
 1042      FAF2DAA3 
 1042      13526024 
 1042      9F5D196D 
 1042      F411
 1043 008e 123DDB68 		.ascii	"\022=\333h\260n.$\272qK\214\012\014\213\242`\220U\017"
 1043      B06E2E24 
 1043      BA714B8C 
 1043      0A0C8BA2 
 1043      6090550F 
 1044 00a2 38789440 		.ascii	"8x\224@?\036~QS\307\027\372n\234-\012\316\306\010\360"
 1044      3F1E7E51 
 1044      53C717FA 
ARM GAS  /tmp/ccw4HtnB.s 			page 33


 1044      6E9C2D0A 
 1044      CEC608F0 
 1045 00b6 14980409 		.ascii	"\024\230\004\0113\002\212,\330\221\222R\253s\323J\005"
 1045      33028A2C 
 1045      D8919252 
 1045      AB73D34A 
 1045      05
 1046 00c7 5951084C 		.ascii	"YQ\010La\027\210\0229,\351\222\242XE\256L*%hCb\306G"
 1046      61178812 
 1046      392CE992 
 1046      A25845AE 
 1046      4C2A2568 
 1047 00df 46D0A071 		.ascii	"F\320\240q2\207UY\2519\016\3759L\340\365\331\007\331"
 1047      32875559 
 1047      A9390EFD 
 1047      394CE0F5 
 1047      D907D9
 1048 00f2 FAA19E40 		.ascii	"\372\241\236@Q\030\230\303_\3429\274\2235\014\363\320"
 1048      511898C3 
 1048      5FE239BC 
 1048      93350CF3 
 1048      D0
 1049 0103 3DE931D0 		.ascii	"=\3511\320z\374\306(\251_[\203J\255\034\3700b\326\201"
 1049      7AFCC628 
 1049      A95F5B83 
 1049      4AAD1CF8 
 1049      3062D681 
 1050 0117 EAD6706D 		.ascii	"\352\326pm\264\240)\2651\310p\023\230F-0K\254A\241g"
 1050      B4A029B5 
 1050      31C87013 
 1050      98462D30 
 1050      4BAC41A1 
 1051 012c A1245489 		.ascii	"\241$T\211\261!\301+A\017\005\237\241>~_\016\3220\311"
 1051      B121C12B 
 1051      410F059F 
 1051      A13E7E5F 
 1051      0ED230C9 
 1052 0140 EDBDDF4A 		.ascii	"\355\275\337Jb\005a\372\351\237\313`_\321;?\261\247"
 1052      620561FA 
 1052      E99FCB60 
 1052      5FD13B3F 
 1052      B1A7
 1053 0152 20501D98 		.ascii	" P\035\230\341\267=\016\342S\303\001\202\342\005XC%"
 1053      E1B73D0E 
 1053      E253C301 
 1053      82E20558 
 1053      4325
 1054 0164 0CE225EE 		.ascii	"\014\342%\356\371\215~B\177yq\177\241\302\011\372g\321"
 1054      F98D7E42 
 1054      7F79717F 
 1054      A1C209FA 
 1054      67D1
 1055 0176 BA62E1D9 		.ascii	"\272b\341\331\333\015\261\255\273\351\013\364\215\016"
 1055      DB0DB1AD 
 1055      BBE90BF4 
 1055      8D0E
 1056 0184 6C9226DF 		.ascii	"l\222&\337Fo\321\263W+\257g\361/1\246A\213\025%\342"
ARM GAS  /tmp/ccw4HtnB.s 			page 34


 1056      466FD1B3 
 1056      572BAF67 
 1056      F12F31A6 
 1056      418B1525 
 1057 0199 F9A5B6FE 		.ascii	"\371\245\266\376\364ZW\020\342\377\035\232X\"\236\356"
 1057      F45A5710 
 1057      E2FF1D9A 
 1057      58229EEE 
 1058 01a9 87749F0C 		.ascii	"\207t\237\014\274&QI\004]\205\330w'\016U\217I?\215_"
 1058      BC265149 
 1058      045D85D8 
 1058      77270E55 
 1058      8F493F8D 
 1059 01be A18CA206 		.ascii	"\241\214\242\006H\274\002I\325\372R\303\246\177\026"
 1059      48BC0249 
 1059      D5FA52C3 
 1059      A67F16
 1060 01cd B933C36F 		.ascii	"\2713\303o\350m\246m\203\362\03304\237\343:\177?\265"
 1060      E86DA66D 
 1060      83F21B30 
 1060      349FE33A 
 1060      7F3FB5
 1061 01e0 1EA0B156 		.ascii	"\036\240\261VB&\306f\222t\015\330\271\006\306.XI'm["
 1061      4226C666 
 1061      92740DD8 
 1061      B906C62E 
 1061      5849276D 
 1062 01f5 AE13B75A 		.ascii	"\256\023\267Z\\\347\252\235\310x\326\251d*\236j\315"
 1062      5CE7AA9D 
 1062      C878D6A9 
 1062      642A9E6A 
 1062      CD
 1063 0206 745E4E39 		.ascii	"t^N9\273\375h8bu9n\233\327\021K\330\321\214\333y\255"
 1063      BBFD6838 
 1063      6275396E 
 1063      9BD7114B 
 1063      D8D18CDB 
 1064 021c CD6ABD78 		.ascii	"\315j\275x>\022\216\236i9w2z%\345\246\273b\256\315\032"
 1064      3E128E9E 
 1064      69397732 
 1064      7A25E5A6 
 1064      BB62AECD 
 1065 0231 43218BDE 		.ascii	"C!\213\336\204f:^\025\350xV2\326n\265\247\342\226\227"
 1065      84663A5E 
 1065      15E87856 
 1065      32D66EB5 
 1065      A7E29697 
 1066 0245 71ED58DA 		.ascii	"q\355X\332\263\322v\272\352\206\022\214\247:\366\355"
 1066      B3D276BA 
 1066      EA86128C 
 1066      A73AF6ED 
 1067 0255 4E84124D 		.ascii	"N\204\022M\221\306\246cv\230!.\322^\307o\224\001\016"
 1067      91C6A663 
 1067      7698212E 
 1067      D25EC76F 
 1067      94010E
 1068 0268 A6       		.ascii	"\246"
ARM GAS  /tmp/ccw4HtnB.s 			page 35


 1069              		.text
 1070              		.section	.gnu.lto_vmt.390.662b246c1a4fbfe2,"e",%progbits
 1071 0000 789C9BC4 		.ascii	"x\234\233\304\300\300\320\311\000\001s\230\031[\030"
 1071      C0C0D0C9 
 1071      00017398 
 1071      195B18
 1072 000f 9B1A1AFE 		.ascii	"\233\032\032\376\\\332\372`\216\220\324\022f\206y\314"
 1072      5CDAFA60 
 1072      8E90D412 
 1072      668679CC 
 1073 001f 08D11767 		.ascii	"\010\321\027g\031\22703\316cfD\210\034c\004\253aB\210"
 1073      19973033 
 1073      CE636644 
 1073      881C6304 
 1073      AB614288 
 1074 0033 D82D6166 		.ascii	"\330-af\232\307\314\014\027Xa\266\204\231y\0363\013"
 1074      9AC7CC0C 
 1074      175861B6 
 1074      8499791E 
 1074      330B
 1075 0045 486012F3 		.ascii	"H`\022\363\022f\026F\006\313\246\216\006\211%\314\254"
 1075      12661646 
 1075      06CBA68E 
 1075      068925CC 
 1075      AC
 1076 0056 73991918 		.ascii	"s\231\031\030w2\316efd\334\001$\231\030\267\003If\306"
 1076      7732CE65 
 1076      6664DC01 
 1076      249918B7 
 1076      034966C6 
 1077 006a 6D409285 		.ascii	"m@\222\205q+\220de\334\302\310\020\244\237\221\237\233"
 1077      712B9064 
 1077      65DCC2C8 
 1077      10A49F91 
 1077      9F9B
 1078 007c AA5F949F 		.ascii	"\252_\224\237\244\037P\224\237\225\232\\R\254\357\234"
 1078      A41F5094 
 1078      9F959A5C 
 1078      52ACEF9C 
 1079 008c 91999419 		.ascii	"\221\231\224\031\\R\232\222\231\217\314\21672\326/\317"
 1079      5C529A92 
 1079      998FCC8E 
 1079      3732D62F 
 1079      CF
 1080 009d 2FCA2E2E 		.ascii	"/\312..HLN\215/)*\315\313\326\017\016\36156\212w\017"
 1080      484C4E8D 
 1080      2F292ACD 
 1080      CBD60F0E 
 1080      F135368A 
 1081 00b3 F0748A4F 		.ascii	"\360t\212O\313,\312-O,Je0\321\323\323\007\242d\220\316"
 1081      CB2CCA2D 
 1081      4F2C4A65 
 1081      30D1D3D3 
 1081      07A26490 
 1082 00c8 FC62A8C2 		.ascii	"\374b\250\302\374b\375\214\304\034\375\234\314$\375"
 1082      FC62FD8C 
 1082      C41CFD9C 
ARM GAS  /tmp/ccw4HtnB.s 			page 36


 1082      CC24FD
 1083 00d7 E292A2D4 		.ascii	"\342\222\242\324\304\334b\375\334\324\\(S/\231\001\000"
 1083      C4DC62FD 
 1083      DCD45C28 
 1083      532F9901 
 1083      00
 1084 00e8 24AE5BF5 		.ascii	"$\256[\365"
 1085              		.text
 1086              		.section	.gnu.lto_msObjectInit.391.662b246c1a4fbfe2,"e",%progbits
 1087 0000 789C8D92 		.ascii	"x\234\215\222\315k\324P\024\305\357\311M2S\004\335\210"
 1087      CD6BD450 
 1087      14C5EFC9 
 1087      4D325304 
 1087      DD88
 1088 0012 B814BA10 		.ascii	"\270\024\272\0207\023\235\026\272\025]\024\027B\261"
 1088      37139D16 
 1088      BA155D14 
 1088      1742B1
 1089 0021 EE879931 		.ascii	"\356\207\2311\303\3046\246$3\024\334\364\265\024\027"
 1089      C3C436A6 
 1089      243314DC 
 1089      F4B51417 
 1090 0031 B3989956 		.ascii	"\263\230\231Vq!\352b\230\312,\004\021\374\250\037\325"
 1090      7121EA62 
 1090      98CA2C04 
 1090      11FCA81F 
 1090      D5
 1091 0042 48955244 		.ascii	"H\225RD\024\377\201\212P\250\212\242\025Q\241~\274\227"
 1091      14FF818A 
 1091      50A88AA2 
 1091      1551A17E 
 1091      BC97
 1092 0054 44DA2294 		.ascii	"D\332\"\224\206\367\340\236\307\371\335\373r\222\246"
 1092      86F7E09E 
 1092      C7F9DDFB 
 1092      7292A6
 1093 0063 46748B88 		.ascii	"Ft\213\210\272\345\006\023\246\247j\032\011!\016\247"
 1093      BAE50613 
 1093      A6A76A1A 
 1093      09210EA7 
 1094 0073 348C4FD5 		.ascii	"4\214O\325\272\360\030\221\002\215i\030\303y> \345\217"
 1094      BAF01891 
 1094      028D6918 
 1094      C3793E20 
 1094      E58F
 1095 0085 990FE1DC 		.ascii	"\231\017\341\334^\321\011\321f\242\253rG\317e\3064\267"
 1095      5ED109D1 
 1095      66A2AB72 
 1095      47CF65C6 
 1095      34B7
 1096 0097 19D0934A 		.ascii	"\031\320\223J\303>Yq\015\264?\024\342\325\342\254\020"
 1096      C33E5971 
 1096      0DB43F14 
 1096      E2D5E2AC 
 1096      10
 1097 00a8 5DD466C6 		.ascii	"]\324f\306]H\010w\200\333 uP\307oV\316\231\304\271\224"
 1097      5D480877 
ARM GAS  /tmp/ccw4HtnB.s 			page 37


 1097      80DB2075 
 1097      50C76F56 
 1097      CE99C4B9 
 1098 00bd 3875DCDB 		.ascii	"8u\334\333\354\324\353\250\251\356|=v~\3768_\337\331"
 1098      ECD4EBA8 
 1098      A9EE7C3D 
 1098      767EFE38 
 1098      5FDFD9
 1099 00d0 94D730F0 		.ascii	"\224\3270\360`\263\323\250\343b\344\274\231\364|\231"
 1099      60B3D3A8 
 1099      E362E4BC 
 1099      99F47C99 
 1100 00e0 F43430F7 		.ascii	"\36440\367\237\263\245\023\231\377\336D\036\322\215"
 1100      9FB3A513 
 1100      99FFDE44 
 1100      1ED28D
 1101 00ef D74628D6 		.ascii	"\327F(\326\3764\204X^\306Z\367\016\015\230\205\016\334"
 1101      FE348458 
 1101      5EC65AF7 
 1101      0E0D9885 
 1101      0EDC
 1102 0101 87093C44 		.ascii	"\207\011<D\032x$m\015VQ\011\035\"$j\262\026\213q)\336"
 1102      1A78246D 
 1102      0D565109 
 1102      1D22246A 
 1102      B2168B71 
 1103 0117 43BC5D5A 		.ascii	"C\274]Z\000}\302\304\205\332/$y0TF\327T\242\035)\315"
 1103      007DC2C4 
 1103      85DA2F24 
 1103      79305446 
 1103      D754A21D 
 1104 012d 964C2804 		.ascii	"\226L(\004\035\224:\335\346\024\236\340\012\257\347"
 1104      1D943ADD 
 1104      E6149EE0 
 1104      0AAFE7
 1105 013c 988ADC93 		.ascii	"\230\212\334\2230e\331a\212Q\275\315i<\005\346A\223"
 1105      3065D961 
 1105      8A51BDCD 
 1105      693C05E6 
 1105      4193
 1106 014e 3827C4CA 		.ascii	"8'\304\312ne|\206x\344\227x\344\245w\273\266\230\243"
 1106      6E657C86 
 1106      78E49778 
 1106      E4A577BB 
 1106      B698A3
 1107 0161 6341CE91 		.ascii	"cA\316\221D\213\365\210\372\272\035\312\300\242\244"
 1107      448BF588 
 1107      FABA1DCA 
 1107      C0A2A4
 1108 0170 34459911 		.ascii	"4E\231\021\365m{\324sI\261\242\322\021\365=\246VW\266"
 1108      F56D7BD4 
 1108      7349B1A2 
 1108      D211F53D 
 1108      A65657B6 
 1109 0184 A65E484A 		.ascii	"\246^HJ~\023\025\203!o\272\212\2117?\373\243\237\254"
 1109      7E131583 
 1109      216FBA8A 
ARM GAS  /tmp/ccw4HtnB.s 			page 38


 1109      89373FFB 
 1109      A39FAC
 1110 0197 C158CF9C 		.ascii	"\301X\317\234\350\204U\366\\\333\362\275\2025\340{\247"
 1110      E88455F6 
 1110      5CDBF2BD 
 1110      8235E07B 
 1110      A7
 1111 01a8 ED6225B0 		.ascii	"\355b%\260\216\226\235\2023X\251\236r\274\215u.\333"
 1111      8E969D82 
 1111      3358A99E 
 1111      72BC8D75 
 1111      2EDB
 1112 01ba 638D7AFE 		.ascii	"c\215z\376P0\222/\332\271\212_=3d\015\236<\336\223\315"
 1112      5030922F 
 1112      DAB98A5F 
 1112      3D33640D 
 1112      9E3CDE93 
 1113 01cf F50F1C3B 		.ascii	"\365\017\034;\222+9\276;\232\367m\352\315d,\271\212"
 1113      922B39BE 
 1113      3B9AF76D 
 1113      EACD642C 
 1113      B98A
 1114 01e1 8AF482C4 		.ascii	"\212\364\202\304\350\005V9?l\015;\005+\250\370v\336"
 1114      E8055639 
 1114      3F6C0D3B 
 1114      052BA8F8 
 1114      76DE
 1115 01f3 0D2CD776 		.ascii	"\015,\327v\2232S$v\203\221=\033O2\305\276\236\336\276"
 1115      93325324 
 1115      7683913D 
 1115      1B4F32C5 
 1115      BE9EDEBE 
 1116 0207 437696CC 		.ascii	"Cv\226\314B\265T\262}=p\316\332l{\301_\204\301\007."
 1116      42B554B2 
 1116      7D3D70CE 
 1116      DA6C7BC1 
 1116      5F84C107 
 1117              		.text
 1118              		.section	.gnu.lto_.symbol_nodes.662b246c1a4fbfe2,"e",%progbits
 1119 0000 789C75CF 		.ascii	"x\234u\317\273\015\2000\020\003P\037\016d\014V`\006"
 1119      BB0D8030 
 1119      1003501F 
 1119      0E640C56 
 1119      6006
 1120 0012 16BB847F 		.ascii	"\026\273\204\177\311\010\214\201\030\202Y\330\000\022"
 1120      C9088C81 
 1120      188259D8 
 1120      0012
 1121 0020 40481471 		.ascii	"@H\024qu\322\263\213;\020\222\265T\270\020#\363\016"
 1121      75D2B38B 
 1121      3B1092B5 
 1121      54B81023 
 1121      F30E
 1122 0032 28B02EDE 		.ascii	"(\260.\336W\020\334\332Q%\255=5KkCeZ=\325\244u\244\346"
 1122      5710DCDA 
 1122      5125AD3D 
 1122      354B6B43 
ARM GAS  /tmp/ccw4HtnB.s 			page 39


 1122      655A3DD5 
 1123 004a 3FDD9C97 		.ascii	"?\335\234\227\027\363\201p5@\231\250\305\371\246\274"
 1123      17F38170 
 1123      354099A8 
 1123      C5F9A6BC 
 1124 005a 9B88BFC4 		.ascii	"\233\210\277\304\032i\237}gi\276\023\027\301S?\204"
 1124      1A699F7D 
 1124      6769BE13 
 1124      17C1533F 
 1124      84
 1125              		.text
 1126              		.section	.gnu.lto_.refs.662b246c1a4fbfe2,"e",%progbits
 1127 0000 789C05C1 		.ascii	"x\234\005\301\007\001\000\000\010\303\260\256\034\003"
 1127      07010000 
 1127      08C3B0AE 
 1127      1C03
 1128 000e F8F74A72 		.ascii	"\370\367Jr@\306\225Y\333\022\243<\003\360\000C"
 1128      40C69559 
 1128      DB12A33C 
 1128      03F00043 
 1129              		.text
 1130              		.section	.gnu.lto_.decls.662b246c1a4fbfe2,"e",%progbits
 1131 0000 789C9D56 		.ascii	"x\234\235VipS\327\025\276\347\336\247\305\017\005\023"
 1131      697053D7 
 1131      15BEE7DE 
 1131      A7C50F05 
 1131      13
 1132 0011 30259DB4 		.ascii	"0%\235\264\324\241$\361\037P-3\241\377\36043\311d2\244"
 1132      D4A124F1 
 1132      1F502D33 
 1132      A1FFF034 
 1132      33C96432 
 1133 0026 4C483343 		.ascii	"LH3C\247\035\215\261\236m%\226\344Jr\010\375\365\000"
 1133      A71D8DB1 
 1133      9E6D2596 
 1133      E44A7208 
 1133      FDF500
 1134 0039 B384C528 		.ascii	"\263\204\305(\354\304\016v0\004\312\036\226\006p\023"
 1134      ECC40E76 
 1134      3004CA1E 
 1134      96067013 
 1135 0049 6499260E 		.ascii	"d\231&\016K!fM\331c02v\300\030clhL\317\275\357\351="
 1135      4B21664D 
 1135      D9633032 
 1135      76C01863 
 1135      6C684CCF 
 1136 0061 C916334D 		.ascii	"\311\0263M\237}\336r\364\235\357|\367\334\365O\016B"
 1136      9F7DDE72 
 1136      F49DEF7C 
 1136      F7DCF54F 
 1136      0E42
 1137 0073 322921D7 		.ascii	"2)!\327\321\036\343e'\204|\213fC\253G\213\242MC+F;\204"
 1137      D11EE365 
 1137      27847C8B 
 1137      6643AB47 
 1137      8BA24D43 
 1138 008b 16433B4F 		.ascii	"\026C;O\264\213cn\240\265\241\265\243\335E{\200\006"
ARM GAS  /tmp/ccw4HtnB.s 			page 40


 1138      B48B636E 
 1138      A0B5A1B5 
 1138      A3DD457B 
 1138      8006
 1139 009d 40C8D368 		.ascii	"@\310\323h\370O^\000\222r\335\301\357!\370\034\216\226"
 1139      F84F5E00 
 1139      9272DDC1 
 1139      EF21F81C 
 1139      8E96
 1140 00af A5E7284E 		.ascii	"\245\347(N\342\235\246\347<\207\366\"b\307\2411|o\326"
 1140      E29DA6E7 
 1140      3C87F622 
 1140      62C7A131 
 1140      7C6FD6
 1141 00c2 759D41A3 		.ascii	"u\235A\243z\236\247\007p\363\253\005}r\032\376h\022"
 1141      7A9EA707 
 1141      70F3AB05 
 1141      7D721AFE 
 1141      6812
 1142 00d4 FF406ECE 		.ascii	"\377@n\316{*\211\373\356\023\270\217\016\340nI\252\313"
 1142      7B2A89FB 
 1142      EE13B88F 
 1142      0EE06E49 
 1142      AACB
 1143 00e6 40ED3CEF 		.ascii	"@\355<\357@\335\240\327k\340u\352\011\274\347u\356t"
 1143      40DDA0D7 
 1143      6BE075EA 
 1143      09BCE775 
 1143      EE74
 1144 00f8 BCC99A39 		.ascii	"\274\311\2329o[\032\336s?Q/\035\300\331\236\206s2\202"
 1144      6F5B1ADE 
 1144      733F512F 
 1144      1DC0D99E 
 1144      86733282 
 1145 010c ACF81C85 		.ascii	"\254\370\034\205\200\221h?G{\0264\256\347A\373\355W"
 1145      8091683F 
 1145      477B1634 
 1145      AEE741FB 
 1145      ED57
 1146 011e F81C83F6 		.ascii	"\370\034\203\366k\264\347\320F\243\215E\263\350\234"
 1146      6BB4E7D0 
 1146      46A38D45 
 1146      B3E89C
 1147 012d 6D7A1D12 		.ascii	"mz\035\022\343e\340\3050G\006>K\222\264\237\327\265"
 1147      E365E0C5 
 1147      3047063E 
 1147      4B92B49F 
 1147      D7B5
 1148 013f D6EB7AC7 		.ascii	"\326\353z\307\203\226\217s\236\3265'j}J\327\017O\030"
 1148      83968F73 
 1148      9ED63527 
 1148      6A7D4AD7 
 1148      0F4F18
 1149 0152 83CB184C 		.ascii	"\203\313\030L\003>\3303\305\033\317\347T\305\025{\226"
 1149      033ED833 
 1149      C51BCFE7 
 1149      54C5157B 
ARM GAS  /tmp/ccw4HtnB.s 			page 41


 1149      96
 1150 0163 C0DF35F4 		.ascii	"\300\3375\364\244!\354m\216\034\016\022\336\263 \273"
 1150      A421EC6D 
 1150      8E1C0E12 
 1150      DEB320BB 
 1151 0173 8AD165F7 		.ascii	"\212\321e\367\0364Y\345\250\252v\252\321\212\014\002"
 1151      1E3459E5 
 1151      A8AA76AA 
 1151      D18A0C02 
 1152 0183 07010E00 		.ascii	"\007\001\016\000\201\375\200,\237\003\354\003\330\013"
 1152      81FD802C 
 1152      9F03EC03 
 1152      D80B
 1153 0191 08FE053C 		.ascii	"\010\376\005<\326\036\204\375\231`\330\261\257\2264"
 1153      D61E84FD 
 1153      9960D8B1 
 1153      AF9634
 1154 01a0 010F8BAB 		.ascii	"\001\017\213\253\261Y\214@\036\374\206\300\227\200\000"
 1154      B1598C40 
 1154      1EFC86C0 
 1154      978000
 1155 01af 0CFA02E0 		.ascii	"\014\372\002\340\037\200\240\356\303\0336\014q\010\356"
 1155      1F80A0EE 
 1155      C31B360C 
 1155      7108EE
 1156 01be DA980487 		.ascii	"\332\230\004\207@g'\020\305\033\002Z*w\266d\012\226"
 1156      40672710 
 1156      C51B025A 
 1156      2A77B664 
 1156      0A96
 1157 01d0 E89359AE 		.ascii	"\350\223Y\256T\036\336\"\233,\015&K\014\210\326\234"
 1157      541EDE22 
 1157      9B2C0D26 
 1157      4B0C88D6 
 1157      9C
 1158 01e1 61E26E67 		.ascii	"a\342ng\012a^\302\374\204\225\0236\223'\330\263t{\267"
 1158      0A615EC2 
 1158      FC849513 
 1158      369327D8 
 1158      B3747BB7 
 1159 01f5 34422B44 		.ascii	"4B+DT\024\001\276\0018\002\310O\204\202\206\256\373"
 1159      541401BE 
 1159      013802C8 
 1159      4F848286 
 1159      AEFB
 1160 0207 0D1A209A 		.ascii	"\015\032 \232\036\260q\341\352\035O\231\331\217\232"
 1160      1EB071E1 
 1160      EA1D4F99 
 1160      D98F9A
 1161 0216 D98F25B2 		.ascii	"\331\217%\262g\211b\326\002\233\007\030\341\230\327"
 1161      678962D6 
 1161      029B0718 
 1161      E198D7
 1162 0225 3F978D18 		.ascii	"?\227\215\030\313/d\255@b\211\300\277\000\216\363\230"
 1162      CB2F64AD 
 1162      406289C0 
 1162      BF008EF3 
ARM GAS  /tmp/ccw4HtnB.s 			page 42


 1162      98
 1163 0236 939C184E 		.ascii	"\223\234\030N\003\234\001h\006\370\026\200O\024\202"
 1163      039C0168 
 1163      06F81680 
 1163      4F1482
 1164 0245 F4BDF50B 		.ascii	"\364\275\365\013\257\327\275\360\331~U\375\340\031\250"
 1164      AFD7BDF0 
 1164      D97E55FD 
 1164      E019A8
 1165 0254 07F82770 		.ascii	"\007\370'pp\"\327a~;\010\034\030\251FF+\207|5\030\222"
 1165      7022D761 
 1165      7E3B081C 
 1165      18A94646 
 1165      2B877C35 
 1166 026a 9B8A3891 		.ascii	"\233\2128\221\202h4\020\235k\032\227\016\215\314b\330"
 1166      82683410 
 1166      9D6B1A97 
 1166      0E8DCC62 
 1166      D8
 1167 027b 06684AC1 		.ascii	"\006hJ\3018\015\310\332\226\262\246(`O\301\327\203\020"
 1167      380DC8DA 
 1167      96B2A628 
 1167      604FC1D7 
 1167      8310
 1168 028d A884ADA4 		.ascii	"\250\204\255\244\274<\247\217?\332\370\324\210\201\015"
 1168      BC3CA78F 
 1168      3FDAF8D4 
 1168      88810D
 1169 029c 85B3F0A4 		.ascii	"\205\263\360\244\246b\314\331\350\312-\026\263\244\347"
 1169      A662CCD9 
 1169      E8CA2D16 
 1169      B3A4E7
 1170 02ab 4CEEF3DA 		.ascii	"L\356\363\332\260\330\332R\177\311q\003\304\344\225"
 1170      B0D8DA52 
 1170      7FC97103 
 1170      C4E495
 1171 02ba 3C0070FE 		.ascii	"<\000p\376%\274\311\344\217\214d\251T\245V\017\2432"
 1171      25BCC9E4 
 1171      8F8C64A9 
 1171      54A5560F 
 1171      A332
 1172 02cc 9399476E 		.ascii	"\223\231Gn\202\3219\335,\337Ns2e\373\346F\030&[\354"
 1172      82D139DD 
 1172      2CDF4E73 
 1172      3265FBE6 
 1172      4618265B 
 1173 02e1 94C66D1E 		.ascii	"\224\306m\0369\347!l\243\265\326\354|U\362,\036\031"
 1173      39E7216C 
 1173      A3B5D6EC 
 1173      7C55F22C 
 1173      1E19
 1174 02f3 B7A934F2 		.ascii	"\267\2514\362FV^>\336\343\266&\360`\324\024\311>\014"
 1174      46565E3E 
 1174      DEE3B626 
 1174      F060D414 
 1174      C93E0C
 1175 0306 DFE236B9 		.ascii	"\337\3426\271\233\325.\261z\216\323\005/b5d\217+\013"
ARM GAS  /tmp/ccw4HtnB.s 			page 43


 1175      9BD52EB1 
 1175      7A8ED305 
 1175      2F623564 
 1175      8F2B0B
 1176 0319 DB936FB7 		.ascii	"\333\223o\267\217\316\214\261\030{\205\020\273}\327"
 1176      8FCE8CB1 
 1176      187B8510 
 1176      BB7DD7
 1177 0328 8E9172DC 		.ascii	"\216\221r\334\226\211\0249\236\354a\236\354\314&\260"
 1177      96891439 
 1177      9EEC619E 
 1177      ECCC26B0 
 1178 0338 783C7256 		.ascii	"x<rV\016A\021\036\227+\237\312\310,\331\233\300\305"
 1178      0E41111E 
 1178      972B9FCA 
 1178      C82CD99B 
 1178      C0C5
 1179 034a C0E152AF 		.ascii	"\300\341R\257\265\217\222-r\306\350\354\034B<\344\025"
 1179      B58F922D 
 1179      72C6E8EC 
 1179      1C423CE4 
 1179      15
 1180 035b 8ABCEC71 		.ascii	"\212\274\354q\342\002\033\346\364\230\237\00092uQ\366"
 1180      E2021BE6 
 1180      F4989F00 
 1180      39327551 
 1180      F6
 1181 036c 7A1C771F 		.ascii	"z\034w\037J\263\011Q%\273\303\001*>2\334\257{\246\270"
 1181      4AB30951 
 1181      25BBC301 
 1181      2A3E32DC 
 1181      AF7BA6B8 
 1182 0380 6412B751 		.ascii	"d\022\267Q\374)K\002\225\202\031)[qA8\222\201\005\027"
 1182      FC294B02 
 1182      95821929 
 1182      5B714138 
 1182      92810517 
 1183 0394 7FFC06FA 		.ascii	"\177\374\006\372M,\024\240m\200\2114\302\317\2078\325"
 1183      4D2C14A0 
 1183      6D808934 
 1183      C2CF8738 
 1183      D5
 1184 03a5 D11CA279 		.ascii	"\321\034\242y\215\207\376\316\001T\347\241\372\032\243"
 1184      8D87FECE 
 1184      0154E7A1 
 1184      FA1AA3
 1185 03b4 AF3D7A12 		.ascii	"\257=z\022~O\"7 \240C\022<Z\214\0160b\365W\236C\200"
 1185      7E4F2237 
 1185      20A04312 
 1185      3C5A8C0E 
 1185      3062F557 
 1186 03cb 69728C88 		.ascii	"ir\214\210K\021nR\022\2036!\211h\037|2/\2770\337\322"
 1186      4B116E52 
 1186      12833621 
 1186      89681F7C 
 1186      322FBF30 
 1187 03e1 8A7553F7 		.ascii	"\212uS\367\177\032\317\200\221\221|\002\254^\214\323"
ARM GAS  /tmp/ccw4HtnB.s 			page 44


 1187      7F1ACF80 
 1187      91917C02 
 1187      AC5E8CD3 
 1188 03f1 AAAE9A5D 		.ascii	"\252\256\232]\016\211\203q\025\012\240c\351\312\017"
 1188      0E898371 
 1188      150AA063 
 1188      E9CA0F
 1189 0400 F75A84A3 		.ascii	"\367Z\204\243\030.\202\230\307T\314c\276\226XE\215m"
 1189      182E8298 
 1189      C754CC63 
 1189      BE965845 
 1189      8D6D
 1190 0412 E28DAF0D 		.ascii	"\342\215\257\015\357\263\250`\271s\366L\314*\253\003"
 1190      EFB3A860 
 1190      B973F64C 
 1190      CC2AAB03 
 1191 0422 17CBEF01 		.ascii	"\027\313\357\001q8\330\257\001\\\345+V\3237\315g`\024"
 1191      7138D8AF 
 1191      015CE52B 
 1191      56D337CD 
 1191      676014
 1192 0435 C23A5435 		.ascii	"\302:T5\013Z\000\256\000\\\346m\270\216\340K|'\211\254"
 1192      0B5A00AE 
 1192      005CE66D 
 1192      B88EE04B 
 1192      7C2789AC 
 1193 0449 517BAB57 		.ascii	"Q{\253W-j\264\341T\235\215@\011\177\202\013\372\252"
 1193      2D6AB4E1 
 1193      549D8D40 
 1193      097F820B 
 1193      FAAA
 1194 045b 43F08DC0 		.ascii	"C\360\215\300\277\001\276\203Ik-\354\221H\335\326[\321"
 1194      BF01BE83 
 1194      496B2DEC 
 1194      9148DDD6 
 1194      5BD1
 1195 046d 9EA9EBE5 		.ascii	"\236\251\353\345\372\367}w\272\217\245\313\021\307\330"
 1195      FAF77D77 
 1195      BA8FA5CB 
 1195      11C7D8
 1196 047c 9B7A8E5D 		.ascii	"\233z\216]\037\317\231\257\016\323\022\304\001Z\215"
 1196      1FCF99AF 
 1196      0ED312C4 
 1196      015A8D
 1197 048b 04AD4682 		.ascii	"\004\255F\202\233\022S\231\006\336o\202Q\315-\003|\313"
 1197      9B125399 
 1197      06DE6F82 
 1197      51CD2D03 
 1197      7CCB
 1198 049d 00EF93D8 		.ascii	"\000\357\223\330|&\312y\350\300&I\250\251\327\312y\251"
 1198      7C26CA79 
 1198      E8C02649 
 1198      A8A9D7CA 
 1198      79A9
 1199 04af A36D1515 		.ascii	"\243m\025\025\016\\0~\340E\350l\211\234\263\352\202"
 1199      0E5C307E 
 1199      E045E86C 
ARM GAS  /tmp/ccw4HtnB.s 			page 45


 1199      899CB3EA 
 1199      82
 1200 04c0 6F7347FD 		.ascii	"osG\375\231\272f\311P\\o*\356D\376;\272\342\316\276"
 1200      99BA66C9 
 1200      505C6F2A 
 1200      EE44FE3B 
 1200      BAE2CEBE 
 1201 04d4 2FCB36F3 		.ascii	"/\3136\363\351\207^\3500$t\030\022\216ZXez\011\337\257"
 1201      E9875EE8 
 1201      30247418 
 1201      128E5A58 
 1201      657A09DF 
 1202 04e9 E869B00B 		.ascii	"\350i\260\013G\014\340\036\317\2707\276h7\323%ts\307"
 1202      470CE01E 
 1202      CFB837BE 
 1202      6837D325 
 1202      7473C7
 1203 04fc F26B8D27 		.ascii	"\362k\215'\322J\350A\376\373\211\242]\301E\330\"\312"
 1203      D24AE841 
 1203      FEFB89A2 
 1203      5DC145D8 
 1203      22CA
 1204 050e D003D065 		.ascii	"\320\003\320eh\35024,\260\262U\3515\374p3\326\236\221"
 1204      68E83234 
 1204      2CB0B255 
 1204      E935FC70 
 1204      33D69E91 
 1205 0522 70F4F194 		.ascii	"p\364\361\224;?\232\035\261%\012\363\220{.\314\375\254"
 1205      3B3F9A1D 
 1205      B1250AF3 
 1205      907B2ECC 
 1205      FDAC
 1206 0534 1252F624 		.ascii	"\022R\366$\002\37717\234\205\261\255u\226\324-\013W"
 1206      02FF3137 
 1206      9C85B1AD 
 1206      7596D42D 
 1206      0B57
 1207 0546 D324C0C5 		.ascii	"\323$\300\305c\273O'\355\252?\232\313g\277\266|\356"
 1207      63BB4F27 
 1207      EDAA3F9A 
 1207      CB67BFB6 
 1207      7CEE
 1208 0558 FB70F96E 		.ascii	"\373p\371n\255/\372\001\036\361\224\375\273j\256R\243"
 1208      AD2FFA01 
 1208      1EF194FD 
 1208      BB6AAE52 
 1208      A3
 1209 0569 DD2546B3 		.ascii	"\335%F\263U\234v\217\265\240\355}}\353\254c\326`\017"
 1209      559C768F 
 1209      B5A0ED7D 
 1209      7DEBAC63 
 1209      D6600F
 1210 057c 7434FE45 		.ascii	"t4\376E\353\001\\jz\215\326\367\032\255\357b\254\216"
 1210      EB015C6A 
 1210      7A8DD6F7 
 1210      1AADEF62 
 1210      AC8E
ARM GAS  /tmp/ccw4HtnB.s 			page 46


 1211 058e 11B64554 		.ascii	"\021\266ET`WU\353\021\336<\230\203\253\004\333)|\353"
 1211      605755EB 
 1211      11DE3C98 
 1211      83AB04DB 
 1211      297CEB
 1212 05a1 37AE6BE6 		.ascii	"7\256k\346E\200\271H_A\323\325\351X\353\372\366!\302"
 1212      4580B948 
 1212      5F41D3D5 
 1212      E958EBFA 
 1212      F621C2
 1213 05b4 E185F91C 		.ascii	"\341\205\371\034\261\251\247\342b\206\336U\013\270\343"
 1213      B1A9A7E2 
 1213      6286DE55 
 1213      0BB8E3
 1214 05c3 EC9CC53D 		.ascii	"\354\234\305=C\237\373\234\211\301\377\305\332\266="
 1214      439FFB9C 
 1214      89C1FFC5 
 1214      DAB63D
 1215 05d2 5AFC424A 		.ascii	"Z\374BJ\330\001\221\345n\315\275O\371\370\202\305\024"
 1215      D80191E5 
 1215      6ECDBD4F 
 1215      F9F882C5 
 1215      14
 1216 05e3 16A1B741 		.ascii	"\026\241\267Ax\267\256\336pR\350\251\304\334K8Q\367"
 1216      78B7AEDE 
 1216      7052E8A9 
 1216      C4DC4B38 
 1216      51F7
 1217 05f5 A51F4F9A 		.ascii	"\245\037O\232\223\261Xk;,\305\237#h\037P\321\372S\373"
 1217      93B1586B 
 1217      3B2CC59F 
 1217      23681F50 
 1217      D1FA53FB 
 1218 0609 6E1F8131 		.ascii	"n\037\2011k\026\250\275\273/\037rU\253\261\331\252\343"
 1218      6B16A8BD 
 1218      BB2F1F72 
 1218      55ABB1D9 
 1218      AAE3
 1219 061b 2A4304CC 		.ascii	"*C\004\314\246\242\0020\017\301\263\251~\324\032\016"
 1219      A6A20230 
 1219      0FC1B3A9 
 1219      7ED41A0E 
 1220 062b CF88B522 		.ascii	"\317\210\265\"\012\354\246H\273\255jO35\373$n\366\311"
 1220      0AECA648 
 1220      BBAD6A4F 
 1220      3335FB24 
 1220      6EF6C9
 1221 063e 4A5E9776 		.ascii	"J^\227v\255.'\372V1\023t\335\004\255\346\240;\002\264"
 1221      AD2E27FA 
 1221      56311374 
 1221      DD04ADE6 
 1221      A03B02B4 
 1222 0652 E7C6E2BD 		.ascii	"\347\306\342\275I\275\333i\202\326rP\267\000\32545T"
 1222      49BDDB69 
 1222      82D67250 
 1222      B700D534 
 1222      3554
ARM GAS  /tmp/ccw4HtnB.s 			page 47


 1223 0664 0E35413D 		.ascii	"\0165A=&\250\212\203\036b\367,\224\0208\364\223\256"
 1223      26A88A83 
 1223      1E62F72C 
 1223      941038F4 
 1223      93AE
 1224 0676 FBB7ED63 		.ascii	"\373\267\355c\307\212\343\010?dD\226\366\317\263\251"
 1224      C78AE308 
 1224      3F644496 
 1224      F6CFB3A9 
 1225 0686 7C5F5F49 		.ascii	"|__Ia\005\205Z\232\346t`\236\037\252S\020\332\331\300"
 1225      6105855A 
 1225      9AE67460 
 1225      9E1FAA53 
 1225      10DAD9C0 
 1226 069a DCEB9753 		.ascii	"\334\353\227SXF\305y\251\226\027\011j(\254\247PG\341"
 1226      5846C579 
 1226      A9961709 
 1226      6A28ACA7 
 1226      5047E1
 1227 06ad 130AEB28 		.ascii	"\023\012\353(l\240\332\311F\247[MaU\012\335\3403M\025"
 1227      6CA0DAC9 
 1227      46A75B4D 
 1227      61550ADD 
 1227      E0334D15 
 1228 06c1 858F0665 		.ascii	"\205\217\006eLA\254\245\260f0Inj\232\217\007\267\353"
 1228      4C41ACA5 
 1228      B0663049 
 1228      6E6A9A8F 
 1228      07B7EB
 1229 06d4 203F99D1 		.ascii	" ?\231\321\350\321\373\017\304\314\253\210\376\317\015"
 1229      E8D1FB0F 
 1229      C4CCAB88 
 1229      FECF0D
 1230 06e3 787E4584 		.ascii	"x~E\204/\325\307\032\207\317\302\030\330\310\267r\216"
 1230      2FD5C71A 
 1230      87CFC218 
 1230      D8C8B772 
 1230      8E
 1231 06f4 D56209FF 		.ascii	"\325b\011\377\362Oje\310^\261\272\363h\246\331)\021"
 1231      F24F6A65 
 1231      C85EB1BA 
 1231      F368A6D9 
 1231      2911
 1232 0706 53C2266D 		.ascii	"S\302&m\220\015\232\005\367\266V\365[ED\204G\274c\004"
 1232      900D9A05 
 1232      F7B656F5 
 1232      5B454484 
 1232      47BC6304 
 1233 071a 7805FEF2 		.ascii	"x\005\376\362\341M\315\262\300\377\215\302f>\226\367"
 1233      E14DCDB2 
 1233      C0FF8DC2 
 1233      663E96F7 
 1234 072a 56575C4D 		.ascii	"VW\\M\012(1\002\212\371 E@og\335}-d+\205-b\352\335\254"
 1234      0A283102 
 1234      8AF92045 
 1234      406F67DD 
 1234      7D2D642B 
ARM GAS  /tmp/ccw4HtnB.s 			page 48


 1235 0744 3E949176 		.ascii	">\224\221v\370oG\333\246)\353\270\265\351\353\244\361"
 1235      F86F47DB 
 1235      A629EBB8 
 1235      B5E9EBA4 
 1235      F1
 1236 0755 B4D194BE 		.ascii	"\264\321\224\276\203\327 o\374x'\376\027\226x\247{\003"
 1236      83D7206F 
 1236      FC7827FE 
 1236      179678A7 
 1236      7B03
 1237 0767 21773858 		.ascii	"!w8X\356\177\327\031\0109K\012J\235\245\336\351\316"
 1237      EE7FD719 
 1237      08394B0A 
 1237      4A9DA5DE 
 1237      E9CE
 1238 0779 5038A814 		.ascii	"P8\250\024\370BN\237\342\323_\307\027\332_}\343\017"
 1238      F8424E9F 
 1238      E2D35FC7 
 1238      17DA5F7D 
 1238      E30F
 1239 078b D92FE74E 		.ascii	"\331/\347N$?K\366\216/\234\2307ab\256\342\"\326\220"
 1239      243F4BF6 
 1239      8E2F9C98 
 1239      376162AE 
 1239      E222D690 
 1240 079f F7AF8A3B 		.ascii	"\367\257\212;l+\367\372\303\277u\207\231\022\010I\334"
 1240      6C2BF7FA 
 1240      C3BF7587 
 1240      99120849 
 1240      DC
 1241 07b0 659D5E5E 		.ascii	"e\235^^T\244\004\331{\276\260c\262\342\233*\"\337\236"
 1241      54A404D9 
 1241      7BBEB063 
 1241      B2E29B2A 
 1241      22DF9E
 1242 07c3 FC963550 		.ascii	"\374\2265PT\024R\302o:K\002>"
 1242      541452C2 
 1242      6F3A4B02 
 1242      3E
 1243 07d0 C5190C4C 		.ascii	"\305\031\014LwN\011\006\336Q\012\303!\347\313\\\327"
 1243      774E0906 
 1243      DE510AC3 
 1243      21E7CB5C 
 1243      D7
 1244 07e1 D470B9C7 		.ascii	"\324p\271\307\033H~w\273\362\2343\002\301wCe\005\205"
 1244      1B487E77 
 1244      BBF29C33 
 1244      02C17743 
 1244      650585
 1245 07f4 8A2E7AEA 		.ascii	"\212.z\352[\223\363\\\356W\247\274\366;w\2217\350\233"
 1245      5B93F35C 
 1245      EE57A7BC 
 1245      F63B7791 
 1245      37E89B
 1246 0807 511054C8 		.ascii	"Q\020T\310\204\237\336\272\022\302\265\005\20235y,\367"
 1246      849FDEBA 
 1246      12C2B505 
ARM GAS  /tmp/ccw4HtnB.s 			page 49


 1246      82333579 
 1246      2CF7
 1247 0819 25925110 		.ascii	"%\222Q\020\364\2757Q\031\347#ra \030V\336\037\347\233"
 1247      F4BD3751 
 1247      19E72372 
 1247      61201856 
 1247      DE1FE79B 
 1248 082d 40247759 		.ascii	"@$wYy\330\342\013\025\273\303\377G\226B\214/V\302Vw"
 1248      79D8E20B 
 1248      15BBC3FF 
 1248      4796428C 
 1248      2F56C256 
 1249 0842 B95F3CD0 		.ascii	"\271_<\320\353\011\331\3343\202\336\260\022r\370B\277"
 1249      EB09D9DC 
 1249      3382DEB0 
 1249      1272F842 
 1249      BF
 1250 0853 9FCEDBFF 		.ascii	"\237\316\333\377\232\337\033\266bTa\331L\251T)(\262"
 1250      9ADF1BB6 
 1250      625461D9 
 1250      4CA95429 
 1250      28B2
 1251 0865 F903E192 		.ascii	"\371\003\341\222``\006\344\332\212\374\331\2412\245"
 1251      606006E4 
 1251      DA8AFCD9 
 1251      A132A5
 1252 0874 103D7E7F 		.ascii	"\020=~\177yi\351/\235\345\241\240\323\353/,-\367(N\277"
 1252      7969E92F 
 1252      9DE5A1A0 
 1252      D3EB2F2C 
 1252      2DF7284E 
 1253 0889 3243CFEB 		.ascii	"2C\317\353\365\027c\213\030\346`(W\342i,\"I\246\327"
 1253      F517638B 
 1253      18E66028 
 1253      57E2692C 
 1253      2249A6D7 
 1254 089d 1F0A17F8 		.ascii	"\037\012\027\370\261zZ\361-B\310\177\001\035\255\200"
 1254      B17A5AF1 
 1254      2D42C87F 
 1254      011DAD80 
 1255 08ad 5D       		.ascii	"]"
 1256              		.text
 1257              		.section	.gnu.lto_.symtab.662b246c1a4fbfe2,"e",%progbits
 1258 0000 6D734F62 		.ascii	"msObjectInit\000"
 1258      6A656374 
 1258      496E6974 
 1258      00
 1259 000d 00       		.ascii	"\000"
 1260 000e 00       		.ascii	"\000"
 1261 000f 00       		.ascii	"\000"
 1262 0010 00000000 		.ascii	"\000\000\000\000\000\000\000\000"
 1262      00000000 
 1263 0018 01010000 		.ascii	"\001\001\000\000"
 1264              		.text
 1265              		.section	.gnu.lto_.ext_symtab.662b246c1a4fbfe2,"e",%progbits
 1266 0000 01       		.ascii	"\001"
 1267 0001 01       		.ascii	"\001"
ARM GAS  /tmp/ccw4HtnB.s 			page 50


 1268 0002 00       		.ascii	"\000"
 1269              		.text
 1270              		.section	.gnu.lto_.opts,"e",%progbits
 1271 0000 272D666E 		.ascii	"'-fno-openmp' '-fno-openacc' '-fno-pie' '-fcf-prote"
 1271      6F2D6F70 
 1271      656E6D70 
 1271      2720272D 
 1271      666E6F2D 
 1272 0033 6374696F 		.ascii	"ction=none' '-g' '-mcpu=cortex-m4' '-mthumb' '-mflo"
 1272      6E3D6E6F 
 1272      6E652720 
 1272      272D6727 
 1272      20272D6D 
 1273 0066 61742D61 		.ascii	"at-abi=soft' '-mlibarch=armv7e-m' '-march=armv7e-m'"
 1273      62693D73 
 1273      6F667427 
 1273      20272D6D 
 1273      6C696261 
 1274 0099 20272D4F 		.ascii	" '-O2' '-fomit-frame-pointer' '-falign-functions=16"
 1274      32272027 
 1274      2D666F6D 
 1274      69742D66 
 1274      72616D65 
 1275 00cc 2720272D 		.ascii	"' '-ffunction-sections' '-fdata-sections' '-fno-com"
 1275      6666756E 
 1275      6374696F 
 1275      6E2D7365 
 1275      6374696F 
 1276 00ff 6D6F6E27 		.ascii	"mon' '-flto' '-Xassembler' '-alms=./build/lst/memst"
 1276      20272D66 
 1276      6C746F27 
 1276      20272D58 
 1276      61737365 
 1277 0132 7265616D 		.ascii	"reams.lst'\000"
 1277      732E6C73 
 1277      742700
 1278              		.text
 1279              		.comm	__gnu_lto_slim,1,1
 1280              		.ident	"GCC: (15:10.3-2021.07-4) 10.3.1 20210621 (release)"
ARM GAS  /tmp/ccw4HtnB.s 			page 51


DEFINED SYMBOLS
                            *ABS*:0000000000000000 memstreams.c
     /tmp/ccw4HtnB.s:21     .gnu.debuglto_.debug_info:0000000000000000 memstreams.c.c73471e2
                            *COM*:0000000000000001 __gnu_lto_slim

NO UNDEFINED SYMBOLS
