ARM GAS  /tmp/ccB1n4Lw.s 			page 1


   1              		.cpu cortex-m4
   2              		.eabi_attribute 20, 1
   3              		.eabi_attribute 21, 1
   4              		.eabi_attribute 23, 3
   5              		.eabi_attribute 24, 1
   6              		.eabi_attribute 25, 1
   7              		.eabi_attribute 26, 1
   8              		.eabi_attribute 30, 2
   9              		.eabi_attribute 34, 1
  10              		.eabi_attribute 18, 4
  11              		.file	"osal.c"
  12              		.section	.gnu.debuglto_.debug_info,"e",%progbits
  13              	.Ldebug_info0:
  14              		.hidden	osal.c.6789f04b
  15              		.weak	osal.c.6789f04b
  16              	osal.c.6789f04b:
  17 0000 75000000 		.4byte	0x75
  18 0004 0400     		.2byte	0x4
  19 0006 00000000 		.4byte	.Ldebug_abbrev0
  20 000a 04       		.byte	0x4
  21 000b 01       		.uleb128 0x1
  22 000c 79000000 		.4byte	.LASF12
  23 0010 0C       		.byte	0xc
  24 0011 B2010000 		.4byte	.LASF13
  25 0015 3E010000 		.4byte	.LASF14
  26 0019 00000000 		.4byte	.Ldebug_line0
  27 001d 02       		.uleb128 0x2
  28 001e 04       		.byte	0x4
  29 001f 05       		.byte	0x5
  30 0020 696E7400 		.ascii	"int\000"
  31 0024 03       		.uleb128 0x3
  32 0025 04       		.byte	0x4
  33 0026 07       		.byte	0x7
  34 0027 21000000 		.4byte	.LASF0
  35 002b 03       		.uleb128 0x3
  36 002c 08       		.byte	0x8
  37 002d 05       		.byte	0x5
  38 002e 00000000 		.4byte	.LASF1
  39 0032 03       		.uleb128 0x3
  40 0033 08       		.byte	0x8
  41 0034 04       		.byte	0x4
  42 0035 9C010000 		.4byte	.LASF2
  43 0039 03       		.uleb128 0x3
  44 003a 01       		.byte	0x1
  45 003b 06       		.byte	0x6
  46 003c 90010000 		.4byte	.LASF3
  47 0040 03       		.uleb128 0x3
  48 0041 02       		.byte	0x2
  49 0042 05       		.byte	0x5
  50 0043 A8010000 		.4byte	.LASF4
  51 0047 03       		.uleb128 0x3
  52 0048 04       		.byte	0x4
  53 0049 05       		.byte	0x5
  54 004a 6A000000 		.4byte	.LASF5
  55 004e 03       		.uleb128 0x3
  56 004f 01       		.byte	0x1
  57 0050 08       		.byte	0x8
ARM GAS  /tmp/ccB1n4Lw.s 			page 2


  58 0051 57000000 		.4byte	.LASF6
  59 0055 03       		.uleb128 0x3
  60 0056 02       		.byte	0x2
  61 0057 07       		.byte	0x7
  62 0058 0E000000 		.4byte	.LASF7
  63 005c 03       		.uleb128 0x3
  64 005d 04       		.byte	0x4
  65 005e 07       		.byte	0x7
  66 005f 2E000000 		.4byte	.LASF8
  67 0063 03       		.uleb128 0x3
  68 0064 08       		.byte	0x8
  69 0065 07       		.byte	0x7
  70 0066 40000000 		.4byte	.LASF9
  71 006a 03       		.uleb128 0x3
  72 006b 01       		.byte	0x1
  73 006c 08       		.byte	0x8
  74 006d 65000000 		.4byte	.LASF10
  75 0071 03       		.uleb128 0x3
  76 0072 01       		.byte	0x1
  77 0073 02       		.byte	0x2
  78 0074 73000000 		.4byte	.LASF11
  79 0078 00       		.byte	0
  80              		.section	.gnu.debuglto_.debug_abbrev,"e",%progbits
  81              	.Ldebug_abbrev0:
  82 0000 01       		.uleb128 0x1
  83 0001 11       		.uleb128 0x11
  84 0002 01       		.byte	0x1
  85 0003 25       		.uleb128 0x25
  86 0004 0E       		.uleb128 0xe
  87 0005 13       		.uleb128 0x13
  88 0006 0B       		.uleb128 0xb
  89 0007 03       		.uleb128 0x3
  90 0008 0E       		.uleb128 0xe
  91 0009 1B       		.uleb128 0x1b
  92 000a 0E       		.uleb128 0xe
  93 000b 10       		.uleb128 0x10
  94 000c 17       		.uleb128 0x17
  95 000d 00       		.byte	0
  96 000e 00       		.byte	0
  97 000f 02       		.uleb128 0x2
  98 0010 24       		.uleb128 0x24
  99 0011 00       		.byte	0
 100 0012 0B       		.uleb128 0xb
 101 0013 0B       		.uleb128 0xb
 102 0014 3E       		.uleb128 0x3e
 103 0015 0B       		.uleb128 0xb
 104 0016 03       		.uleb128 0x3
 105 0017 08       		.uleb128 0x8
 106 0018 00       		.byte	0
 107 0019 00       		.byte	0
 108 001a 03       		.uleb128 0x3
 109 001b 24       		.uleb128 0x24
 110 001c 00       		.byte	0
 111 001d 0B       		.uleb128 0xb
 112 001e 0B       		.uleb128 0xb
 113 001f 3E       		.uleb128 0x3e
 114 0020 0B       		.uleb128 0xb
ARM GAS  /tmp/ccB1n4Lw.s 			page 3


 115 0021 03       		.uleb128 0x3
 116 0022 0E       		.uleb128 0xe
 117 0023 00       		.byte	0
 118 0024 00       		.byte	0
 119 0025 00       		.byte	0
 120              		.section	.gnu.debuglto_.debug_line,"e",%progbits
 121              	.Ldebug_line0:
 122 0000 1A000000 		.4byte	.LELT0-.LSLT0
 123              	.LSLT0:
 124 0004 0400     		.2byte	0x4
 125 0006 14000000 		.4byte	.LELTP0-.LASLTP0
 126              	.LASLTP0:
 127 000a 01       		.byte	0x1
 128 000b 01       		.byte	0x1
 129 000c 01       		.byte	0x1
 130 000d F6       		.byte	0xf6
 131 000e F2       		.byte	0xf2
 132 000f 0D       		.byte	0xd
 133 0010 00       		.byte	0
 134 0011 01       		.byte	0x1
 135 0012 01       		.byte	0x1
 136 0013 01       		.byte	0x1
 137 0014 01       		.byte	0x1
 138 0015 00       		.byte	0
 139 0016 00       		.byte	0
 140 0017 00       		.byte	0
 141 0018 01       		.byte	0x1
 142 0019 00       		.byte	0
 143 001a 00       		.byte	0
 144 001b 01       		.byte	0x1
 145 001c 00       		.byte	0
 146 001d 00       		.byte	0
 147              	.LELTP0:
 148              	.LELT0:
 149              		.section	.gnu.debuglto_.debug_str,"eMS",%progbits,1
 150              	.LASF1:
 151 0000 6C6F6E67 		.ascii	"long long int\000"
 151      206C6F6E 
 151      6720696E 
 151      7400
 152              	.LASF7:
 153 000e 73686F72 		.ascii	"short unsigned int\000"
 153      7420756E 
 153      7369676E 
 153      65642069 
 153      6E7400
 154              	.LASF0:
 155 0021 756E7369 		.ascii	"unsigned int\000"
 155      676E6564 
 155      20696E74 
 155      00
 156              	.LASF8:
 157 002e 6C6F6E67 		.ascii	"long unsigned int\000"
 157      20756E73 
 157      69676E65 
 157      6420696E 
 157      7400
ARM GAS  /tmp/ccB1n4Lw.s 			page 4


 158              	.LASF9:
 159 0040 6C6F6E67 		.ascii	"long long unsigned int\000"
 159      206C6F6E 
 159      6720756E 
 159      7369676E 
 159      65642069 
 160              	.LASF6:
 161 0057 756E7369 		.ascii	"unsigned char\000"
 161      676E6564 
 161      20636861 
 161      7200
 162              	.LASF10:
 163 0065 63686172 		.ascii	"char\000"
 163      00
 164              	.LASF5:
 165 006a 6C6F6E67 		.ascii	"long int\000"
 165      20696E74 
 165      00
 166              	.LASF11:
 167 0073 5F426F6F 		.ascii	"_Bool\000"
 167      6C00
 168              	.LASF12:
 169 0079 474E5520 		.ascii	"GNU C17 10.3.1 20210621 (release) -mcpu=cortex-m4 -"
 169      43313720 
 169      31302E33 
 169      2E312032 
 169      30323130 
 170 00ac 6D746875 		.ascii	"mthumb -mfloat-abi=soft -march=armv7e-m -ggdb -O2 -"
 170      6D62202D 
 170      6D666C6F 
 170      61742D61 
 170      62693D73 
 171 00df 666F6D69 		.ascii	"fomit-frame-pointer -falign-functions=16 -ffunction"
 171      742D6672 
 171      616D652D 
 171      706F696E 
 171      74657220 
 172 0112 2D736563 		.ascii	"-sections -fdata-sections -fno-common -flto\000"
 172      74696F6E 
 172      73202D66 
 172      64617461 
 172      2D736563 
 173              	.LASF14:
 174 013e 2F686F6D 		.ascii	"/home/rob/Projects/ChibiStudio/ChibiStudio_23/works"
 174      652F726F 
 174      622F5072 
 174      6F6A6563 
 174      74732F43 
 175 0171 70616365 		.ascii	"pace_trunk/STM32_GPIB_firmware\000"
 175      5F747275 
 175      6E6B2F53 
 175      544D3332 
 175      5F475049 
 176              	.LASF3:
 177 0190 7369676E 		.ascii	"signed char\000"
 177      65642063 
 177      68617200 
ARM GAS  /tmp/ccB1n4Lw.s 			page 5


 178              	.LASF2:
 179 019c 6C6F6E67 		.ascii	"long double\000"
 179      20646F75 
 179      626C6500 
 180              	.LASF4:
 181 01a8 73686F72 		.ascii	"short int\000"
 181      7420696E 
 181      7400
 182              	.LASF13:
 183 01b2 2E2E2F2E 		.ascii	"../../chibios_trunk/os/hal/osal/rt-nil/osal.c\000"
 183      2E2F6368 
 183      6962696F 
 183      735F7472 
 183      756E6B2F 
 184              		.text
 185              		.section	.gnu.lto_.profile.9458747f724aafb5,"e",%progbits
 186 0000 789C6362 		.ascii	"x\234cb\000\001\000\000\022\000\003"
 186      00010000 
 186      120003
 187              		.text
 188              		.section	.gnu.lto_.icf.9458747f724aafb5,"e",%progbits
 189 0000 789C6362 		.ascii	"x\234cb@\006\000\000*\000\003"
 189      40060000 
 189      2A0003
 190              		.text
 191              		.section	.gnu.lto_.ipa_sra.9458747f724aafb5,"e",%progbits
 192 0000 789C6362 		.ascii	"x\234cb@\006\000\000*\000\003"
 192      40060000 
 192      2A0003
 193              		.text
 194              		.section	.gnu.lto_.inline.9458747f724aafb5,"e",%progbits
 195 0000 789C6362 		.ascii	"x\234cb@\006\000\000*\000\003"
 195      40060000 
 195      2A0003
 196              		.text
 197              		.section	.gnu.lto_.jmpfuncs.9458747f724aafb5,"e",%progbits
 198 0000 789C6362 		.ascii	"x\234cb@\006\000\000*\000\003"
 198      40060000 
 198      2A0003
 199              		.text
 200              		.section	.gnu.lto_.pureconst.9458747f724aafb5,"e",%progbits
 201 0000 789C6364 		.ascii	"x\234cd\000\002\000\000\012\000\002"
 201      00020000 
 201      0A0002
 202              		.text
 203              		.section	.gnu.lto_.lto.9458747f724aafb5,"e",%progbits
 204 0000 09000400 		.ascii	"\011\000\004\000\001\000\000\000"
 204      01000000 
 205              		.text
 206              		.section	.gnu.lto_.symbol_nodes.9458747f724aafb5,"e",%progbits
 207 0000 789C6362 		.ascii	"x\234cb\000\001\000\000\022\000\003"
 207      00010000 
 207      120003
 208              		.text
 209              		.section	.gnu.lto_.refs.9458747f724aafb5,"e",%progbits
 210 0000 789C6364 		.ascii	"x\234cd\000\002\000\000\012\000\002"
 210      00020000 
ARM GAS  /tmp/ccB1n4Lw.s 			page 6


 210      0A0002
 211              		.text
 212              		.section	.gnu.lto_.decls.9458747f724aafb5,"e",%progbits
 213 0000 789C6360 		.ascii	"x\234c````\004b\025 \376\017\004 \366E\006\002\000\000"
 213      60606004 
 213      621520FE 
 213      0F0420F6 
 213      45060200 
 214 0015 BF3204F4 		.ascii	"\2772\004\364"
 215              		.text
 216              		.section	.gnu.lto_.symtab.9458747f724aafb5,"e",%progbits
 217              		.text
 218              		.section	.gnu.lto_.ext_symtab.9458747f724aafb5,"e",%progbits
 219 0000 01       		.ascii	"\001"
 220              		.text
 221              		.section	.gnu.lto_.opts,"e",%progbits
 222 0000 272D666E 		.ascii	"'-fno-openmp' '-fno-openacc' '-fno-pie' '-fcf-prote"
 222      6F2D6F70 
 222      656E6D70 
 222      2720272D 
 222      666E6F2D 
 223 0033 6374696F 		.ascii	"ction=none' '-g' '-mcpu=cortex-m4' '-mthumb' '-mflo"
 223      6E3D6E6F 
 223      6E652720 
 223      272D6727 
 223      20272D6D 
 224 0066 61742D61 		.ascii	"at-abi=soft' '-mlibarch=armv7e-m' '-march=armv7e-m'"
 224      62693D73 
 224      6F667427 
 224      20272D6D 
 224      6C696261 
 225 0099 20272D4F 		.ascii	" '-O2' '-fomit-frame-pointer' '-falign-functions=16"
 225      32272027 
 225      2D666F6D 
 225      69742D66 
 225      72616D65 
 226 00cc 2720272D 		.ascii	"' '-ffunction-sections' '-fdata-sections' '-fno-com"
 226      6666756E 
 226      6374696F 
 226      6E2D7365 
 226      6374696F 
 227 00ff 6D6F6E27 		.ascii	"mon' '-flto' '-Xassembler' '-alms=./build/lst/osal."
 227      20272D66 
 227      6C746F27 
 227      20272D58 
 227      61737365 
 228 0132 6C737427 		.ascii	"lst'\000"
 228      00
 229              		.text
 230              		.comm	__gnu_lto_slim,1,1
 231              		.ident	"GCC: (15:10.3-2021.07-4) 10.3.1 20210621 (release)"
ARM GAS  /tmp/ccB1n4Lw.s 			page 7


DEFINED SYMBOLS
                            *ABS*:0000000000000000 osal.c
     /tmp/ccB1n4Lw.s:16     .gnu.debuglto_.debug_info:0000000000000000 osal.c.6789f04b
                            *COM*:0000000000000001 __gnu_lto_slim

NO UNDEFINED SYMBOLS
