ARM GAS  /tmp/ccbYE7tB.s 			page 1


   1              		.cpu cortex-m4
   2              		.arch armv7e-m
   3              		.fpu softvfp
   4              		.eabi_attribute 20, 1
   5              		.eabi_attribute 21, 1
   6              		.eabi_attribute 23, 3
   7              		.eabi_attribute 24, 1
   8              		.eabi_attribute 25, 1
   9              		.eabi_attribute 26, 1
  10              		.eabi_attribute 30, 2
  11              		.eabi_attribute 34, 1
  12              		.eabi_attribute 18, 4
  13              		.file	"shell_cmd.c"
  14              		.file 1 "/home/rob/Data/no_sync/ChibiOS/ChibiStudio/tools/GNU Tools ARM Embedded/11.3.1 2022q3/lib
  15              		.file 2 "/home/rob/Data/no_sync/ChibiOS/ChibiStudio/tools/GNU Tools ARM Embedded/11.3.1 2022q3/arm
  16              		.file 3 "/home/rob/Data/no_sync/ChibiOS/ChibiStudio/tools/GNU Tools ARM Embedded/11.3.1 2022q3/arm
  17              		.file 4 "../../chibios_trunk/os/rt/include/chearly.h"
  18              		.file 5 "../../chibios_trunk/os/hal/include/hal_streams.h"
  19              		.file 6 "../../chibios_trunk/os/various/shell/shell.h"
  20              		.file 7 "../../chibios_trunk/os/various/shell/shell_cmd.h"
  21              		.file 8 "../../chibios_trunk/os/various/shell/shell_cmd.c"
  22              		.section	.gnu.debuglto_.debug_info,"e",%progbits
  23              	.Ldebug_info0:
  24              		.hidden	shell_cmd.c.030f26c8
  25              		.weak	shell_cmd.c.030f26c8
  26              	shell_cmd.c.030f26c8:
  27 0000 61020000 		.4byte	0x261
  28 0004 0500     		.2byte	0x5
  29 0006 01       		.byte	0x1
  30 0007 04       		.byte	0x4
  31 0008 00000000 		.4byte	.Ldebug_abbrev0
  32 000c 0B       		.uleb128 0xb
  33 000d A0010000 		.4byte	.LASF26
  34 0011 1D       		.byte	0x1d
  35 0012 23000000 		.4byte	.LASF27
  36 0016 3D010000 		.4byte	.LASF28
  37 001a 00000000 		.4byte	.Ldebug_line0
  38 001e 0C       		.uleb128 0xc
  39 001f 04       		.byte	0x4
  40 0020 05       		.byte	0x5
  41 0021 696E7400 		.ascii	"int\000"
  42 0025 04       		.uleb128 0x4
  43 0026 0A000000 		.4byte	.LASF4
  44 002a 01       		.byte	0x1
  45 002b D1       		.byte	0xd1
  46 002c 17       		.byte	0x17
  47 002d 31000000 		.4byte	0x31
  48 0031 01       		.uleb128 0x1
  49 0032 04       		.byte	0x4
  50 0033 07       		.byte	0x7
  51 0034 07010000 		.4byte	.LASF0
  52 0038 01       		.uleb128 0x1
  53 0039 08       		.byte	0x8
  54 003a 05       		.byte	0x5
  55 003b 2F010000 		.4byte	.LASF1
  56 003f 01       		.uleb128 0x1
  57 0040 08       		.byte	0x8
ARM GAS  /tmp/ccbYE7tB.s 			page 2


  58 0041 04       		.byte	0x4
  59 0042 5B020000 		.4byte	.LASF2
  60 0046 01       		.uleb128 0x1
  61 0047 01       		.byte	0x1
  62 0048 06       		.byte	0x6
  63 0049 67020000 		.4byte	.LASF3
  64 004d 04       		.uleb128 0x4
  65 004e 00000000 		.4byte	.LASF5
  66 0052 02       		.byte	0x2
  67 0053 2B       		.byte	0x2b
  68 0054 18       		.byte	0x18
  69 0055 59000000 		.4byte	0x59
  70 0059 01       		.uleb128 0x1
  71 005a 01       		.byte	0x1
  72 005b 08       		.byte	0x8
  73 005c 80000000 		.4byte	.LASF6
  74 0060 01       		.uleb128 0x1
  75 0061 02       		.byte	0x2
  76 0062 05       		.byte	0x5
  77 0063 8D010000 		.4byte	.LASF7
  78 0067 01       		.uleb128 0x1
  79 0068 02       		.byte	0x2
  80 0069 07       		.byte	0x7
  81 006a B2000000 		.4byte	.LASF8
  82 006e 04       		.uleb128 0x4
  83 006f 19000000 		.4byte	.LASF9
  84 0073 02       		.byte	0x2
  85 0074 4D       		.byte	0x4d
  86 0075 18       		.byte	0x18
  87 0076 7A000000 		.4byte	0x7a
  88 007a 01       		.uleb128 0x1
  89 007b 04       		.byte	0x4
  90 007c 05       		.byte	0x5
  91 007d 97010000 		.4byte	.LASF10
  92 0081 01       		.uleb128 0x1
  93 0082 04       		.byte	0x4
  94 0083 07       		.byte	0x7
  95 0084 CB000000 		.4byte	.LASF11
  96 0088 01       		.uleb128 0x1
  97 0089 08       		.byte	0x8
  98 008a 07       		.byte	0x7
  99 008b 54000000 		.4byte	.LASF12
 100 008f 0D       		.uleb128 0xd
 101 0090 04       		.byte	0x4
 102 0091 02       		.uleb128 0x2
 103 0092 96000000 		.4byte	0x96
 104 0096 01       		.uleb128 0x1
 105 0097 01       		.byte	0x1
 106 0098 08       		.byte	0x8
 107 0099 14010000 		.4byte	.LASF13
 108 009d 05       		.uleb128 0x5
 109 009e 96000000 		.4byte	0x96
 110 00a2 02       		.uleb128 0x2
 111 00a3 9D000000 		.4byte	0x9d
 112 00a7 04       		.uleb128 0x4
 113 00a8 19010000 		.4byte	.LASF14
 114 00ac 03       		.byte	0x3
ARM GAS  /tmp/ccbYE7tB.s 			page 3


 115 00ad 18       		.byte	0x18
 116 00ae 13       		.byte	0x13
 117 00af 4D000000 		.4byte	0x4d
 118 00b3 05       		.uleb128 0x5
 119 00b4 A7000000 		.4byte	0xa7
 120 00b8 04       		.uleb128 0x4
 121 00b9 27010000 		.4byte	.LASF15
 122 00bd 03       		.byte	0x3
 123 00be 2C       		.byte	0x2c
 124 00bf 13       		.byte	0x13
 125 00c0 6E000000 		.4byte	0x6e
 126 00c4 04       		.uleb128 0x4
 127 00c5 21010000 		.4byte	.LASF16
 128 00c9 04       		.byte	0x4
 129 00ca 58       		.byte	0x58
 130 00cb 19       		.byte	0x19
 131 00cc B8000000 		.4byte	0xb8
 132 00d0 02       		.uleb128 0x2
 133 00d1 A7000000 		.4byte	0xa7
 134 00d5 01       		.uleb128 0x1
 135 00d6 01       		.byte	0x1
 136 00d7 02       		.byte	0x2
 137 00d8 73020000 		.4byte	.LASF17
 138 00dc 0E       		.uleb128 0xe
 139 00dd 79020000 		.4byte	.LASF29
 140 00e1 14       		.byte	0x14
 141 00e2 05       		.byte	0x5
 142 00e3 48       		.byte	0x48
 143 00e4 08       		.byte	0x8
 144 00e5 29010000 		.4byte	0x129
 145 00e9 06       		.uleb128 0x6
 146 00ea DD000000 		.4byte	.LASF18
 147 00ee 05       		.byte	0x5
 148 00ef 49       		.byte	0x49
 149 00f0 03       		.byte	0x3
 150 00f1 25000000 		.4byte	0x25
 151 00f5 00       		.byte	0
 152 00f6 06       		.uleb128 0x6
 153 00f7 C5000000 		.4byte	.LASF19
 154 00fb 05       		.byte	0x5
 155 00fc 49       		.byte	0x49
 156 00fd 03       		.byte	0x3
 157 00fe 4C010000 		.4byte	0x14c
 158 0102 04       		.byte	0x4
 159 0103 06       		.uleb128 0x6
 160 0104 ED000000 		.4byte	.LASF20
 161 0108 05       		.byte	0x5
 162 0109 49       		.byte	0x49
 163 010a 03       		.byte	0x3
 164 010b 6A010000 		.4byte	0x16a
 165 010f 08       		.byte	0x8
 166 0110 08       		.uleb128 0x8
 167 0111 70757400 		.ascii	"put\000"
 168 0115 49       		.byte	0x49
 169 0116 03       		.byte	0x3
 170 0117 83010000 		.4byte	0x183
 171 011b 0C       		.byte	0xc
ARM GAS  /tmp/ccbYE7tB.s 			page 4


 172 011c 08       		.uleb128 0x8
 173 011d 67657400 		.ascii	"get\000"
 174 0121 49       		.byte	0x49
 175 0122 03       		.byte	0x3
 176 0123 97010000 		.4byte	0x197
 177 0127 10       		.byte	0x10
 178 0128 00       		.byte	0
 179 0129 05       		.uleb128 0x5
 180 012a DC000000 		.4byte	0xdc
 181 012e 07       		.uleb128 0x7
 182 012f 25000000 		.4byte	0x25
 183 0133 47010000 		.4byte	0x147
 184 0137 03       		.uleb128 0x3
 185 0138 8F000000 		.4byte	0x8f
 186 013c 03       		.uleb128 0x3
 187 013d 47010000 		.4byte	0x147
 188 0141 03       		.uleb128 0x3
 189 0142 25000000 		.4byte	0x25
 190 0146 00       		.byte	0
 191 0147 02       		.uleb128 0x2
 192 0148 B3000000 		.4byte	0xb3
 193 014c 02       		.uleb128 0x2
 194 014d 2E010000 		.4byte	0x12e
 195 0151 07       		.uleb128 0x7
 196 0152 25000000 		.4byte	0x25
 197 0156 6A010000 		.4byte	0x16a
 198 015a 03       		.uleb128 0x3
 199 015b 8F000000 		.4byte	0x8f
 200 015f 03       		.uleb128 0x3
 201 0160 D0000000 		.4byte	0xd0
 202 0164 03       		.uleb128 0x3
 203 0165 25000000 		.4byte	0x25
 204 0169 00       		.byte	0
 205 016a 02       		.uleb128 0x2
 206 016b 51010000 		.4byte	0x151
 207 016f 07       		.uleb128 0x7
 208 0170 C4000000 		.4byte	0xc4
 209 0174 83010000 		.4byte	0x183
 210 0178 03       		.uleb128 0x3
 211 0179 8F000000 		.4byte	0x8f
 212 017d 03       		.uleb128 0x3
 213 017e A7000000 		.4byte	0xa7
 214 0182 00       		.byte	0
 215 0183 02       		.uleb128 0x2
 216 0184 6F010000 		.4byte	0x16f
 217 0188 07       		.uleb128 0x7
 218 0189 C4000000 		.4byte	0xc4
 219 018d 97010000 		.4byte	0x197
 220 0191 03       		.uleb128 0x3
 221 0192 8F000000 		.4byte	0x8f
 222 0196 00       		.byte	0
 223 0197 02       		.uleb128 0x2
 224 0198 88010000 		.4byte	0x188
 225 019c 09       		.uleb128 0x9
 226 019d 04       		.byte	0x4
 227 019e 05       		.byte	0x5
 228 019f 53       		.byte	0x53
ARM GAS  /tmp/ccbYE7tB.s 			page 5


 229 01a0 B1010000 		.4byte	0x1b1
 230 01a4 08       		.uleb128 0x8
 231 01a5 766D7400 		.ascii	"vmt\000"
 232 01a9 55       		.byte	0x55
 233 01aa 29       		.byte	0x29
 234 01ab B1010000 		.4byte	0x1b1
 235 01af 00       		.byte	0
 236 01b0 00       		.byte	0
 237 01b1 02       		.uleb128 0x2
 238 01b2 29010000 		.4byte	0x129
 239 01b6 04       		.uleb128 0x4
 240 01b7 6B000000 		.4byte	.LASF21
 241 01bb 05       		.byte	0x5
 242 01bc 57       		.byte	0x57
 243 01bd 03       		.byte	0x3
 244 01be 9C010000 		.4byte	0x19c
 245 01c2 04       		.uleb128 0x4
 246 01c3 9B000000 		.4byte	.LASF22
 247 01c7 06       		.byte	0x6
 248 01c8 7F       		.byte	0x7f
 249 01c9 10       		.byte	0x10
 250 01ca CE010000 		.4byte	0x1ce
 251 01ce 02       		.uleb128 0x2
 252 01cf D3010000 		.4byte	0x1d3
 253 01d3 0F       		.uleb128 0xf
 254 01d4 E8010000 		.4byte	0x1e8
 255 01d8 03       		.uleb128 0x3
 256 01d9 E8010000 		.4byte	0x1e8
 257 01dd 03       		.uleb128 0x3
 258 01de 1E000000 		.4byte	0x1e
 259 01e2 03       		.uleb128 0x3
 260 01e3 ED010000 		.4byte	0x1ed
 261 01e7 00       		.byte	0
 262 01e8 02       		.uleb128 0x2
 263 01e9 B6010000 		.4byte	0x1b6
 264 01ed 02       		.uleb128 0x2
 265 01ee 91000000 		.4byte	0x91
 266 01f2 09       		.uleb128 0x9
 267 01f3 08       		.byte	0x8
 268 01f4 06       		.byte	0x6
 269 01f5 84       		.byte	0x84
 270 01f6 15020000 		.4byte	0x215
 271 01fa 06       		.uleb128 0x6
 272 01fb 11000000 		.4byte	.LASF23
 273 01ff 06       		.byte	0x6
 274 0200 85       		.byte	0x85
 275 0201 1A       		.byte	0x1a
 276 0202 A2000000 		.4byte	0xa2
 277 0206 00       		.byte	0
 278 0207 06       		.uleb128 0x6
 279 0208 A6000000 		.4byte	.LASF24
 280 020c 06       		.byte	0x6
 281 020d 86       		.byte	0x86
 282 020e 19       		.byte	0x19
 283 020f C2010000 		.4byte	0x1c2
 284 0213 04       		.byte	0x4
 285 0214 00       		.byte	0
ARM GAS  /tmp/ccbYE7tB.s 			page 6


 286 0215 04       		.uleb128 0x4
 287 0216 8E000000 		.4byte	.LASF25
 288 021a 06       		.byte	0x6
 289 021b 87       		.byte	0x87
 290 021c 03       		.byte	0x3
 291 021d F2010000 		.4byte	0x1f2
 292 0221 05       		.uleb128 0x5
 293 0222 15020000 		.4byte	0x215
 294 0226 0A       		.uleb128 0xa
 295 0227 21020000 		.4byte	0x221
 296 022b 31020000 		.4byte	0x231
 297 022f 10       		.uleb128 0x10
 298 0230 00       		.byte	0
 299 0231 05       		.uleb128 0x5
 300 0232 26020000 		.4byte	0x226
 301 0236 11       		.uleb128 0x11
 302 0237 F2000000 		.4byte	.LASF30
 303 023b 07       		.byte	0x7
 304 023c 69       		.byte	0x69
 305 023d 1B       		.byte	0x1b
 306 023e 31020000 		.4byte	0x231
 307 0242 0A       		.uleb128 0xa
 308 0243 21020000 		.4byte	0x221
 309 0247 52020000 		.4byte	0x252
 310 024b 12       		.uleb128 0x12
 311 024c 31000000 		.4byte	0x31
 312 0250 00       		.byte	0
 313 0251 00       		.byte	0
 314 0252 05       		.uleb128 0x5
 315 0253 42020000 		.4byte	0x242
 316 0257 13       		.uleb128 0x13
 317 0258 36020000 		.4byte	0x236
 318 025c 08       		.byte	0x8
 319 025d 0002     		.2byte	0x200
 320 025f 14       		.byte	0x14
 321 0260 52020000 		.4byte	0x252
 322 0264 00       		.byte	0
 323              		.section	.gnu.debuglto_.debug_abbrev,"e",%progbits
 324              	.Ldebug_abbrev0:
 325 0000 01       		.uleb128 0x1
 326 0001 24       		.uleb128 0x24
 327 0002 00       		.byte	0
 328 0003 0B       		.uleb128 0xb
 329 0004 0B       		.uleb128 0xb
 330 0005 3E       		.uleb128 0x3e
 331 0006 0B       		.uleb128 0xb
 332 0007 03       		.uleb128 0x3
 333 0008 0E       		.uleb128 0xe
 334 0009 00       		.byte	0
 335 000a 00       		.byte	0
 336 000b 02       		.uleb128 0x2
 337 000c 0F       		.uleb128 0xf
 338 000d 00       		.byte	0
 339 000e 0B       		.uleb128 0xb
 340 000f 21       		.uleb128 0x21
 341 0010 04       		.sleb128 4
 342 0011 49       		.uleb128 0x49
ARM GAS  /tmp/ccbYE7tB.s 			page 7


 343 0012 13       		.uleb128 0x13
 344 0013 00       		.byte	0
 345 0014 00       		.byte	0
 346 0015 03       		.uleb128 0x3
 347 0016 05       		.uleb128 0x5
 348 0017 00       		.byte	0
 349 0018 49       		.uleb128 0x49
 350 0019 13       		.uleb128 0x13
 351 001a 00       		.byte	0
 352 001b 00       		.byte	0
 353 001c 04       		.uleb128 0x4
 354 001d 16       		.uleb128 0x16
 355 001e 00       		.byte	0
 356 001f 03       		.uleb128 0x3
 357 0020 0E       		.uleb128 0xe
 358 0021 3A       		.uleb128 0x3a
 359 0022 0B       		.uleb128 0xb
 360 0023 3B       		.uleb128 0x3b
 361 0024 0B       		.uleb128 0xb
 362 0025 39       		.uleb128 0x39
 363 0026 0B       		.uleb128 0xb
 364 0027 49       		.uleb128 0x49
 365 0028 13       		.uleb128 0x13
 366 0029 00       		.byte	0
 367 002a 00       		.byte	0
 368 002b 05       		.uleb128 0x5
 369 002c 26       		.uleb128 0x26
 370 002d 00       		.byte	0
 371 002e 49       		.uleb128 0x49
 372 002f 13       		.uleb128 0x13
 373 0030 00       		.byte	0
 374 0031 00       		.byte	0
 375 0032 06       		.uleb128 0x6
 376 0033 0D       		.uleb128 0xd
 377 0034 00       		.byte	0
 378 0035 03       		.uleb128 0x3
 379 0036 0E       		.uleb128 0xe
 380 0037 3A       		.uleb128 0x3a
 381 0038 0B       		.uleb128 0xb
 382 0039 3B       		.uleb128 0x3b
 383 003a 0B       		.uleb128 0xb
 384 003b 39       		.uleb128 0x39
 385 003c 0B       		.uleb128 0xb
 386 003d 49       		.uleb128 0x49
 387 003e 13       		.uleb128 0x13
 388 003f 38       		.uleb128 0x38
 389 0040 0B       		.uleb128 0xb
 390 0041 00       		.byte	0
 391 0042 00       		.byte	0
 392 0043 07       		.uleb128 0x7
 393 0044 15       		.uleb128 0x15
 394 0045 01       		.byte	0x1
 395 0046 27       		.uleb128 0x27
 396 0047 19       		.uleb128 0x19
 397 0048 49       		.uleb128 0x49
 398 0049 13       		.uleb128 0x13
 399 004a 01       		.uleb128 0x1
ARM GAS  /tmp/ccbYE7tB.s 			page 8


 400 004b 13       		.uleb128 0x13
 401 004c 00       		.byte	0
 402 004d 00       		.byte	0
 403 004e 08       		.uleb128 0x8
 404 004f 0D       		.uleb128 0xd
 405 0050 00       		.byte	0
 406 0051 03       		.uleb128 0x3
 407 0052 08       		.uleb128 0x8
 408 0053 3A       		.uleb128 0x3a
 409 0054 21       		.uleb128 0x21
 410 0055 05       		.sleb128 5
 411 0056 3B       		.uleb128 0x3b
 412 0057 0B       		.uleb128 0xb
 413 0058 39       		.uleb128 0x39
 414 0059 0B       		.uleb128 0xb
 415 005a 49       		.uleb128 0x49
 416 005b 13       		.uleb128 0x13
 417 005c 38       		.uleb128 0x38
 418 005d 0B       		.uleb128 0xb
 419 005e 00       		.byte	0
 420 005f 00       		.byte	0
 421 0060 09       		.uleb128 0x9
 422 0061 13       		.uleb128 0x13
 423 0062 01       		.byte	0x1
 424 0063 0B       		.uleb128 0xb
 425 0064 0B       		.uleb128 0xb
 426 0065 3A       		.uleb128 0x3a
 427 0066 0B       		.uleb128 0xb
 428 0067 3B       		.uleb128 0x3b
 429 0068 0B       		.uleb128 0xb
 430 0069 39       		.uleb128 0x39
 431 006a 21       		.uleb128 0x21
 432 006b 09       		.sleb128 9
 433 006c 01       		.uleb128 0x1
 434 006d 13       		.uleb128 0x13
 435 006e 00       		.byte	0
 436 006f 00       		.byte	0
 437 0070 0A       		.uleb128 0xa
 438 0071 01       		.uleb128 0x1
 439 0072 01       		.byte	0x1
 440 0073 49       		.uleb128 0x49
 441 0074 13       		.uleb128 0x13
 442 0075 01       		.uleb128 0x1
 443 0076 13       		.uleb128 0x13
 444 0077 00       		.byte	0
 445 0078 00       		.byte	0
 446 0079 0B       		.uleb128 0xb
 447 007a 11       		.uleb128 0x11
 448 007b 01       		.byte	0x1
 449 007c 25       		.uleb128 0x25
 450 007d 0E       		.uleb128 0xe
 451 007e 13       		.uleb128 0x13
 452 007f 0B       		.uleb128 0xb
 453 0080 03       		.uleb128 0x3
 454 0081 0E       		.uleb128 0xe
 455 0082 1B       		.uleb128 0x1b
 456 0083 0E       		.uleb128 0xe
ARM GAS  /tmp/ccbYE7tB.s 			page 9


 457 0084 10       		.uleb128 0x10
 458 0085 17       		.uleb128 0x17
 459 0086 00       		.byte	0
 460 0087 00       		.byte	0
 461 0088 0C       		.uleb128 0xc
 462 0089 24       		.uleb128 0x24
 463 008a 00       		.byte	0
 464 008b 0B       		.uleb128 0xb
 465 008c 0B       		.uleb128 0xb
 466 008d 3E       		.uleb128 0x3e
 467 008e 0B       		.uleb128 0xb
 468 008f 03       		.uleb128 0x3
 469 0090 08       		.uleb128 0x8
 470 0091 00       		.byte	0
 471 0092 00       		.byte	0
 472 0093 0D       		.uleb128 0xd
 473 0094 0F       		.uleb128 0xf
 474 0095 00       		.byte	0
 475 0096 0B       		.uleb128 0xb
 476 0097 0B       		.uleb128 0xb
 477 0098 00       		.byte	0
 478 0099 00       		.byte	0
 479 009a 0E       		.uleb128 0xe
 480 009b 13       		.uleb128 0x13
 481 009c 01       		.byte	0x1
 482 009d 03       		.uleb128 0x3
 483 009e 0E       		.uleb128 0xe
 484 009f 0B       		.uleb128 0xb
 485 00a0 0B       		.uleb128 0xb
 486 00a1 3A       		.uleb128 0x3a
 487 00a2 0B       		.uleb128 0xb
 488 00a3 3B       		.uleb128 0x3b
 489 00a4 0B       		.uleb128 0xb
 490 00a5 39       		.uleb128 0x39
 491 00a6 0B       		.uleb128 0xb
 492 00a7 01       		.uleb128 0x1
 493 00a8 13       		.uleb128 0x13
 494 00a9 00       		.byte	0
 495 00aa 00       		.byte	0
 496 00ab 0F       		.uleb128 0xf
 497 00ac 15       		.uleb128 0x15
 498 00ad 01       		.byte	0x1
 499 00ae 27       		.uleb128 0x27
 500 00af 19       		.uleb128 0x19
 501 00b0 01       		.uleb128 0x1
 502 00b1 13       		.uleb128 0x13
 503 00b2 00       		.byte	0
 504 00b3 00       		.byte	0
 505 00b4 10       		.uleb128 0x10
 506 00b5 21       		.uleb128 0x21
 507 00b6 00       		.byte	0
 508 00b7 00       		.byte	0
 509 00b8 00       		.byte	0
 510 00b9 11       		.uleb128 0x11
 511 00ba 34       		.uleb128 0x34
 512 00bb 00       		.byte	0
 513 00bc 03       		.uleb128 0x3
ARM GAS  /tmp/ccbYE7tB.s 			page 10


 514 00bd 0E       		.uleb128 0xe
 515 00be 3A       		.uleb128 0x3a
 516 00bf 0B       		.uleb128 0xb
 517 00c0 3B       		.uleb128 0x3b
 518 00c1 0B       		.uleb128 0xb
 519 00c2 39       		.uleb128 0x39
 520 00c3 0B       		.uleb128 0xb
 521 00c4 49       		.uleb128 0x49
 522 00c5 13       		.uleb128 0x13
 523 00c6 3F       		.uleb128 0x3f
 524 00c7 19       		.uleb128 0x19
 525 00c8 3C       		.uleb128 0x3c
 526 00c9 19       		.uleb128 0x19
 527 00ca 00       		.byte	0
 528 00cb 00       		.byte	0
 529 00cc 12       		.uleb128 0x12
 530 00cd 21       		.uleb128 0x21
 531 00ce 00       		.byte	0
 532 00cf 49       		.uleb128 0x49
 533 00d0 13       		.uleb128 0x13
 534 00d1 2F       		.uleb128 0x2f
 535 00d2 0B       		.uleb128 0xb
 536 00d3 00       		.byte	0
 537 00d4 00       		.byte	0
 538 00d5 13       		.uleb128 0x13
 539 00d6 34       		.uleb128 0x34
 540 00d7 00       		.byte	0
 541 00d8 47       		.uleb128 0x47
 542 00d9 13       		.uleb128 0x13
 543 00da 3A       		.uleb128 0x3a
 544 00db 0B       		.uleb128 0xb
 545 00dc 3B       		.uleb128 0x3b
 546 00dd 05       		.uleb128 0x5
 547 00de 39       		.uleb128 0x39
 548 00df 0B       		.uleb128 0xb
 549 00e0 49       		.uleb128 0x49
 550 00e1 13       		.uleb128 0x13
 551 00e2 00       		.byte	0
 552 00e3 00       		.byte	0
 553 00e4 00       		.byte	0
 554              		.section	.gnu.debuglto_.debug_line,"e",%progbits
 555              	.Ldebug_line0:
 556 0000 6D000000 		.4byte	.LELT0-.LSLT0
 557              	.LSLT0:
 558 0004 0500     		.2byte	0x5
 559 0006 04       		.byte	0x4
 560 0007 00       		.byte	0
 561 0008 65000000 		.4byte	.LELTP0-.LASLTP0
 562              	.LASLTP0:
 563 000c 01       		.byte	0x1
 564 000d 01       		.byte	0x1
 565 000e 01       		.byte	0x1
 566 000f F6       		.byte	0xf6
 567 0010 F2       		.byte	0xf2
 568 0011 0D       		.byte	0xd
 569 0012 00       		.byte	0
 570 0013 01       		.byte	0x1
ARM GAS  /tmp/ccbYE7tB.s 			page 11


 571 0014 01       		.byte	0x1
 572 0015 01       		.byte	0x1
 573 0016 01       		.byte	0x1
 574 0017 00       		.byte	0
 575 0018 00       		.byte	0
 576 0019 00       		.byte	0
 577 001a 01       		.byte	0x1
 578 001b 00       		.byte	0
 579 001c 00       		.byte	0
 580 001d 01       		.byte	0x1
 581 001e 01       		.byte	0x1
 582 001f 01       		.uleb128 0x1
 583 0020 1F       		.uleb128 0x1f
 584 0021 07       		.uleb128 0x7
 585 0022 76010000 		.4byte	.LASF31
 586 0026 C6010000 		.4byte	.LASF32
 587 002a 0A000000 		.4byte	.LASF33
 588 002e A6000000 		.4byte	.LASF34
 589 0032 D7000000 		.4byte	.LASF35
 590 0036 2C000000 		.4byte	.LASF36
 591 003a E9010000 		.4byte	.LASF37
 592 003e 02       		.byte	0x2
 593 003f 01       		.uleb128 0x1
 594 0040 1F       		.uleb128 0x1f
 595 0041 02       		.uleb128 0x2
 596 0042 0B       		.uleb128 0xb
 597 0043 09       		.uleb128 0x9
 598 0044 75020000 		.4byte	.LASF38
 599 0048 00       		.byte	0
 600 0049 64020000 		.4byte	.LASF39
 601 004d 06       		.byte	0x6
 602 004e 4B010000 		.4byte	.LASF40
 603 0052 04       		.byte	0x4
 604 0053 00000000 		.4byte	.LASF41
 605 0057 05       		.byte	0x5
 606 0058 9C000000 		.4byte	.LASF42
 607 005c 02       		.byte	0x2
 608 005d 5C010000 		.4byte	.LASF43
 609 0061 01       		.byte	0x1
 610 0062 6D020000 		.4byte	.LASF44
 611 0066 03       		.byte	0x3
 612 0067 6A010000 		.4byte	.LASF45
 613 006b 03       		.byte	0x3
 614 006c CB000000 		.4byte	.LASF46
 615 0070 03       		.byte	0x3
 616              	.LELTP0:
 617              	.LELT0:
 618              		.section	.gnu.debuglto_.debug_str,"eMS",%progbits,1
 619              	.LASF5:
 620 0000 5F5F7569 		.ascii	"__uint8_t\000"
 620      6E74385F 
 620      7400
 621              	.LASF4:
 622 000a 73697A65 		.ascii	"size_t\000"
 622      5F7400
 623              	.LASF23:
 624 0011 73635F6E 		.ascii	"sc_name\000"
ARM GAS  /tmp/ccbYE7tB.s 			page 12


 624      616D6500 
 625              	.LASF9:
 626 0019 5F5F696E 		.ascii	"__int32_t\000"
 626      7433325F 
 626      7400
 627              	.LASF27:
 628 0023 2E2E2F2E 		.ascii	"../../chibios_trunk/os/various/shell/shell_cmd.c\000"
 628      2E2F6368 
 628      6962696F 
 628      735F7472 
 628      756E6B2F 
 629              	.LASF12:
 630 0054 6C6F6E67 		.ascii	"long long unsigned int\000"
 630      206C6F6E 
 630      6720756E 
 630      7369676E 
 630      65642069 
 631              	.LASF21:
 632 006b 42617365 		.ascii	"BaseSequentialStream\000"
 632      53657175 
 632      656E7469 
 632      616C5374 
 632      7265616D 
 633              	.LASF6:
 634 0080 756E7369 		.ascii	"unsigned char\000"
 634      676E6564 
 634      20636861 
 634      7200
 635              	.LASF25:
 636 008e 5368656C 		.ascii	"ShellCommand\000"
 636      6C436F6D 
 636      6D616E64 
 636      00
 637              	.LASF22:
 638 009b 7368656C 		.ascii	"shellcmd_t\000"
 638      6C636D64 
 638      5F7400
 639              	.LASF24:
 640 00a6 73635F66 		.ascii	"sc_function\000"
 640      756E6374 
 640      696F6E00 
 641              	.LASF8:
 642 00b2 73686F72 		.ascii	"short unsigned int\000"
 642      7420756E 
 642      7369676E 
 642      65642069 
 642      6E7400
 643              	.LASF19:
 644 00c5 77726974 		.ascii	"write\000"
 644      6500
 645              	.LASF11:
 646 00cb 6C6F6E67 		.ascii	"long unsigned int\000"
 646      20756E73 
 646      69676E65 
 646      6420696E 
 646      7400
 647              	.LASF18:
ARM GAS  /tmp/ccbYE7tB.s 			page 13


 648 00dd 696E7374 		.ascii	"instance_offset\000"
 648      616E6365 
 648      5F6F6666 
 648      73657400 
 649              	.LASF20:
 650 00ed 72656164 		.ascii	"read\000"
 650      00
 651              	.LASF30:
 652 00f2 7368656C 		.ascii	"shell_local_commands\000"
 652      6C5F6C6F 
 652      63616C5F 
 652      636F6D6D 
 652      616E6473 
 653              	.LASF0:
 654 0107 756E7369 		.ascii	"unsigned int\000"
 654      676E6564 
 654      20696E74 
 654      00
 655              	.LASF13:
 656 0114 63686172 		.ascii	"char\000"
 656      00
 657              	.LASF14:
 658 0119 75696E74 		.ascii	"uint8_t\000"
 658      385F7400 
 659              	.LASF16:
 660 0121 6D73675F 		.ascii	"msg_t\000"
 660      7400
 661              	.LASF15:
 662 0127 696E7433 		.ascii	"int32_t\000"
 662      325F7400 
 663              	.LASF1:
 664 012f 6C6F6E67 		.ascii	"long long int\000"
 664      206C6F6E 
 664      6720696E 
 664      7400
 665              	.LASF28:
 666 013d 2F686F6D 		.ascii	"/home/rob/Data/no_sync/ChibiOS/ChibiStudio/workspac"
 666      652F726F 
 666      622F4461 
 666      74612F6E 
 666      6F5F7379 
 667 0170 655F7472 		.ascii	"e_trunk/STM32_GPIB_firmware/\000"
 667      756E6B2F 
 667      53544D33 
 667      325F4750 
 667      49425F66 
 668              	.LASF7:
 669 018d 73686F72 		.ascii	"short int\000"
 669      7420696E 
 669      7400
 670              	.LASF10:
 671 0197 6C6F6E67 		.ascii	"long int\000"
 671      20696E74 
 671      00
 672              	.LASF26:
 673 01a0 474E5520 		.ascii	"GNU C17 11.3.1 20220712 -mcpu=cortex-m4 -mthumb -mf"
 673      43313720 
ARM GAS  /tmp/ccbYE7tB.s 			page 14


 673      31312E33 
 673      2E312032 
 673      30323230 
 674 01d3 6C6F6174 		.ascii	"loat-abi=soft -march=armv7e-m -ggdb -O2 -fomit-fram"
 674      2D616269 
 674      3D736F66 
 674      74202D6D 
 674      61726368 
 675 0206 652D706F 		.ascii	"e-pointer -falign-functions=16 -ffunction-sections "
 675      696E7465 
 675      72202D66 
 675      616C6967 
 675      6E2D6675 
 676 0239 2D666461 		.ascii	"-fdata-sections -fno-common -flto\000"
 676      74612D73 
 676      65637469 
 676      6F6E7320 
 676      2D666E6F 
 677              	.LASF2:
 678 025b 6C6F6E67 		.ascii	"long double\000"
 678      20646F75 
 678      626C6500 
 679              	.LASF3:
 680 0267 7369676E 		.ascii	"signed char\000"
 680      65642063 
 680      68617200 
 681              	.LASF17:
 682 0273 5F426F6F 		.ascii	"_Bool\000"
 682      6C00
 683              	.LASF29:
 684 0279 42617365 		.ascii	"BaseSequentialStreamVMT\000"
 684      53657175 
 684      656E7469 
 684      616C5374 
 684      7265616D 
 685              		.section	.gnu.debuglto_.debug_line_str,"eMS",%progbits,1
 686              	.LASF41:
 687 0000 5F737464 		.ascii	"_stdint.h\000"
 687      696E742E 
 687      6800
 688              	.LASF33:
 689 000a 2E2E2F2E 		.ascii	"../../chibios_trunk/os/rt/include\000"
 689      2E2F6368 
 689      6962696F 
 689      735F7472 
 689      756E6B2F 
 690              	.LASF36:
 691 002c 2F686F6D 		.ascii	"/home/rob/Data/no_sync/ChibiOS/ChibiStudio/tools/GN"
 691      652F726F 
 691      622F4461 
 691      74612F6E 
 691      6F5F7379 
 692 005f 5520546F 		.ascii	"U Tools ARM Embedded/11.3.1 2022q3/arm-none-eabi/in"
 692      6F6C7320 
 692      41524D20 
 692      456D6265 
 692      64646564 
ARM GAS  /tmp/ccbYE7tB.s 			page 15


 693 0092 636C7564 		.ascii	"clude/sys\000"
 693      652F7379 
 693      7300
 694              	.LASF42:
 695 009c 63686561 		.ascii	"chearly.h\000"
 695      726C792E 
 695      6800
 696              	.LASF34:
 697 00a6 2E2E2F2E 		.ascii	"../../chibios_trunk/os/various/shell\000"
 697      2E2F6368 
 697      6962696F 
 697      735F7472 
 697      756E6B2F 
 698              	.LASF46:
 699 00cb 7368656C 		.ascii	"shell_cmd.c\000"
 699      6C5F636D 
 699      642E6300 
 700              	.LASF35:
 701 00d7 2F686F6D 		.ascii	"/home/rob/Data/no_sync/ChibiOS/ChibiStudio/tools/GN"
 701      652F726F 
 701      622F4461 
 701      74612F6E 
 701      6F5F7379 
 702 010a 5520546F 		.ascii	"U Tools ARM Embedded/11.3.1 2022q3/arm-none-eabi/in"
 702      6F6C7320 
 702      41524D20 
 702      456D6265 
 702      64646564 
 703 013d 636C7564 		.ascii	"clude/machine\000"
 703      652F6D61 
 703      6368696E 
 703      6500
 704              	.LASF40:
 705 014b 5F646566 		.ascii	"_default_types.h\000"
 705      61756C74 
 705      5F747970 
 705      65732E68 
 705      00
 706              	.LASF43:
 707 015c 68616C5F 		.ascii	"hal_streams.h\000"
 707      73747265 
 707      616D732E 
 707      6800
 708              	.LASF45:
 709 016a 7368656C 		.ascii	"shell_cmd.h\000"
 709      6C5F636D 
 709      642E6800 
 710              	.LASF31:
 711 0176 2F686F6D 		.ascii	"/home/rob/Data/no_sync/ChibiOS/ChibiStudio/workspac"
 711      652F726F 
 711      622F4461 
 711      74612F6E 
 711      6F5F7379 
 712 01a9 655F7472 		.ascii	"e_trunk/STM32_GPIB_firmware/\000"
 712      756E6B2F 
 712      53544D33 
 712      325F4750 
ARM GAS  /tmp/ccbYE7tB.s 			page 16


 712      49425F66 
 713              	.LASF32:
 714 01c6 2E2E2F2E 		.ascii	"../../chibios_trunk/os/hal/include\000"
 714      2E2F6368 
 714      6962696F 
 714      735F7472 
 714      756E6B2F 
 715              	.LASF37:
 716 01e9 2F686F6D 		.ascii	"/home/rob/Data/no_sync/ChibiOS/ChibiStudio/tools/GN"
 716      652F726F 
 716      622F4461 
 716      74612F6E 
 716      6F5F7379 
 717 021c 5520546F 		.ascii	"U Tools ARM Embedded/11.3.1 2022q3/lib/gcc/arm-none"
 717      6F6C7320 
 717      41524D20 
 717      456D6265 
 717      64646564 
 718 024f 2D656162 		.ascii	"-eabi/11.3.1/include\000"
 718      692F3131 
 718      2E332E31 
 718      2F696E63 
 718      6C756465 
 719              	.LASF39:
 720 0264 73746464 		.ascii	"stddef.h\000"
 720      65662E68 
 720      00
 721              	.LASF44:
 722 026d 7368656C 		.ascii	"shell.h\000"
 722      6C2E6800 
 723              	.LASF38:
 724 0275 2E2E2F2E 		.ascii	"../../chibios_trunk/os/various/shell/shell_cmd.c\000"
 724      2E2F6368 
 724      6962696F 
 724      735F7472 
 724      756E6B2F 
 725              		.text
 726              		.section	.gnu.lto_.profile.d2e1c522a1988ea5,"e",%progbits
 727 0000 789C6362 		.ascii	"x\234cb\000\001\000\000\022\000\003"
 727      00010000 
 727      120003
 728              		.text
 729              		.section	.gnu.lto_.icf.d2e1c522a1988ea5,"e",%progbits
 730 0000 789CE360 		.ascii	"x\234\343`@\000F\206\326i\035oX\031\000\013\266\002"
 730      40004686 
 730      D6691D6F 
 730      5819000B 
 730      B602
 731 0012 9E       		.ascii	"\236"
 732              		.text
 733              		.section	.gnu.lto_.ipa_sra.d2e1c522a1988ea5,"e",%progbits
 734 0000 789C6362 		.ascii	"x\234cb@\006\000\000*\000\003"
 734      40060000 
 734      2A0003
 735              		.text
 736              		.section	.gnu.lto_.inline.d2e1c522a1988ea5,"e",%progbits
 737 0000 789C6362 		.ascii	"x\234cb@\006\000\000*\000\003"
ARM GAS  /tmp/ccbYE7tB.s 			page 17


 737      40060000 
 737      2A0003
 738              		.text
 739              		.section	.gnu.lto_.jmpfuncs.d2e1c522a1988ea5,"e",%progbits
 740 0000 789C6362 		.ascii	"x\234cb@\006\000\000*\000\003"
 740      40060000 
 740      2A0003
 741              		.text
 742              		.section	.gnu.lto_.pureconst.d2e1c522a1988ea5,"e",%progbits
 743 0000 789C6364 		.ascii	"x\234cd\000\002\000\000\012\000\002"
 743      00020000 
 743      0A0002
 744              		.text
 745              		.section	.gnu.lto_.ipa_modref.d2e1c522a1988ea5,"e",%progbits
 746 0000 789C6362 		.ascii	"x\234cb@\006\000\000*\000\003"
 746      40060000 
 746      2A0003
 747              		.text
 748              		.section	.gnu.lto_.lto.d2e1c522a1988ea5,"e",%progbits
 749 0000 0B000300 		.ascii	"\013\000\003\000\001\000\000\000"
 749      01000000 
 750              		.text
 751              		.section	.gnu.lto_shell_local_commands.385.d2e1c522a1988ea5,"e",%progbits
 752 0000 789C5366 		.ascii	"x\234Sf```d\200\000VF\266zF\020Y\013\"\355\233:\032"
 752      60606064 
 752      80005646 
 752      B67A4610 
 752      590B22ED 
 753 0017 38AA2B77 		.ascii	"8\252+w0\226o\007\263YJ\215w22\000\000\212b\011\035"
 753      30966F07 
 753      B3594A8D 
 753      77323200 
 753      008A6209 
 754              		.text
 755              		.section	.gnu.lto_.symbol_nodes.d2e1c522a1988ea5,"e",%progbits
 756 0000 789CE366 		.ascii	"x\234\343f\000\002\326Ff\206F'\020\013\000\011\327\001"
 756      0002D646 
 756      66864627 
 756      100B0009 
 756      D701
 757 0012 58       		.ascii	"X"
 758              		.text
 759              		.section	.gnu.lto_.refs.d2e1c522a1988ea5,"e",%progbits
 760 0000 789C6364 		.ascii	"x\234cd\000\002\000\000\012\000\002"
 760      00020000 
 760      0A0002
 761              		.text
 762              		.section	.gnu.lto_.decls.d2e1c522a1988ea5,"e",%progbits
 763 0000 789C9552 		.ascii	"x\234\225R]H\024Q\024>g\274\255\243\205\026\032\372"
 763      5D481451 
 763      143E67BC 
 763      ADA38516 
 763      1AFA
 764 0012 1064F466 		.ascii	"\020d\364f\264\263\253X=g`=T\306\326c\014\3438\266K"
 764      B4B3AB58 
 764      3D67603D 
 764      54C6D663 
ARM GAS  /tmp/ccbYE7tB.s 			page 18


 764      0CE338B6 
 765 0027 BB3BB6B3 		.ascii	"\273;\266\263\233\3646\205\245AI\031R\017BB\005=\324"
 765      9BF43685 
 765      A5414919 
 765      520F4242 
 765      053DD4
 766 003a 4345A9A5 		.ascii	"CE\251\2455m\376fY\255\271\376\367\003V&>\024\375\031"
 766      356DFE66 
 766      59ADB9FE 
 766      F7035626 
 766      3E14FD19 
 767 004e 86766666 		.ascii	"\206vff1\025\202\272\3147\367\236\373}\367;\347\036"
 767      311582BA 
 767      CC37F79E 
 767      FB7DF73B 
 767      E71E
 768 0060 EE2407B0 		.ascii	"\356$\007\260\037\001\\\0000G\203B\350#\320\026\214"
 768      1F015C00 
 768      30478342 
 768      E823D016 
 768      8C
 769 0071 11EED1C2 		.ascii	"\021\356\321\302As\214\320F\030!\304\011\375\204Q\002"
 769      41738CD0 
 769      461821C4 
 769      09FD8451 
 769      02
 770 0082 CF812303 		.ascii	"\317\201#\003y\307j4\200\317\202\002\335\032\307\312"
 770      79C76A34 
 770      80CF8202 
 770      DD1AC7CA 
 771 0092 E0AEE900 		.ascii	"\340\256\351\000\260g\005\321\214\350\034\306\235\216"
 771      B06705D1 
 771      8CE81CC6 
 771      9D8E
 772 00a0 8F5F484E 		.ascii	"\217_HN'\372\223nT\246d\264b\013i\356#\270\335\374\001"
 772      27FA936E 
 772      54A664B4 
 772      620B69EE 
 772      23B8DDFC 
 773 00b5 E055608E 		.ascii	"\340U`\216\253\023\227\337\261u\210\351\204c\272\376"
 773      AB1397DF 
 773      B17588E9 
 773      8463BAFE 
 774 00c5 6B6D140D 		.ascii	"km\024\015]\237\320\243G\223\240 \017\014\214\"<\302"
 774      5D9FD0A3 
 774      4793A020 
 774      0F0C8C22 
 774      3CC2
 775 00d7 87C84591 		.ascii	"\207\310E\221qm\307\207o\245\244\233\274\261\224g\\"
 775      716DC787 
 775      6FA5A49B 
 775      BCB19467 
 775      5C
 776 00e8 F395FACA 		.ascii	"\363\225\372\312\324U\206\231\253!\312\332\320N\326"
 776      D4558699 
 776      AB21CADA 
 776      D04ED6
ARM GAS  /tmp/ccbYE7tB.s 			page 19


 777 00f7 4EE0C3C0 		.ascii	"N\340\303\300\270\251\351\221\307\313\346\351h\202\356"
 777      B8A9E991 
 777      C7CBE6E9 
 777      6882EE
 778 0106 2430EE54 		.ascii	"$0\356TO\307\027n\236\353Lp]\026w\262?\336\235\226\002"
 778      4FC7176E 
 778      9EEB4C70 
 778      5D1677B2 
 778      3FDE9D96 
 779 011b 66F899C2 		.ascii	"f\370\231\302Xo\347\270\025\216B7%\0359~\243\006\263"
 779      586FE7B8 
 779      158E4237 
 779      251D397E 
 779      A306B3
 780 012e ED1618F6 		.ascii	"\355\026\030\366\375{\320\354 \360:\222\374c\374\372"
 780      FD7BD0EC 
 780      20F03A92 
 780      FC63FCFA 
 781 013e 105BC43F 		.ascii	"\020[\304?\301\204\200q?\276_\373\372\247\342\247\211"
 781      C1848071 
 781      3FBE5FFB 
 781      FAA7E2A7 
 781      89
 782 014f B4BD56DA 		.ascii	"\264\275V\332\306\276\231\026+O/>Fj(G\015]\311\270\241"
 782      C6BE9916 
 782      2B4F2F3E 
 782      466A2847 
 782      0D5DC9B8 
 783 0164 BAFEB749 		.ascii	"\272\376\267Ik\310lJ\3273'\341\005>'u\014\341\231u\350"
 783      6BC86C4A 
 783      D73327E1 
 783      053E2775 
 783      0CE19975 
 784 0179 FAACDE95 		.ascii	"\372\254\336\225<o\030K\030\366\231\371\370:\263\234"
 784      3C6F184B 
 784      18F699F9 
 784      F83AB39C 
 785 0189 CB9F3E9C 		.ascii	"\313\237>\234\300\245\202\227h)\230\343|s\367lJnn6\361"
 785      C0A58297 
 785      682998E3 
 785      7C73F76C 
 785      4A6E6E36 
 786 019e D3677BBE 		.ascii	"\323g{\276>Z_[U\245\2379\232\324\217\0358\2300s\003"
 786      3E5A5F5B 
 786      55A59F39 
 786      9AD48F1D 
 786      38983073 
 787 01b3 B422980E 		.ascii	"\264\"\230\016\247\333k\322\210l\307\007\013\311|\240"
 787      A7DB6BD2 
 787      886CC707 
 787      0BC97CA0 
 788 01c3 E22AE9B2 		.ascii	"\342*\351\262\014\232\261\211\366\006\311{\000\343V"
 788      0C9AB189 
 788      F606C97B 
 788      00E356
 789 01d2 4B2E7254 		.ascii	"K.rT\303\314\317/\345\331\213EC\270@\305\270\233\303"
 789      C3CCCF2F 
ARM GAS  /tmp/ccbYE7tB.s 			page 20


 789      E5D98B45 
 789      43B840C5 
 789      B89BC3
 790 01e5 93979667 		.ascii	"\223\227\226g\331\222\006n\030m\243\0214_\016\321\323"
 790      D992066E 
 790      186DA311 
 790      345F0ED1 
 790      D3
 791 01f6 97E6DEF0 		.ascii	"\227\346\336\360\226\203\3617\207o\357O\275v\314;\214"
 791      9683F137 
 791      876FEF4F 
 791      BD76CC3B 
 791      8C
 792 0207 2E75305E 		.ascii	".u0^U\337ql\250?\243O7\235\253\276\341\252\325\365\355"
 792      55DF716C 
 792      A83FA34F 
 792      379DABBE 
 792      E1AAD5F5 
 793 021c 63D84806 		.ascii	"c\330H\006\266\256\021\3616\356\031`\220\251y\025\277"
 793      B6AE11F1 
 793      36EE1960 
 793      90A97915 
 793      BF
 794 022d 5FF4ABB2 		.ascii	"_\364\253\262\344\027e5\020\220\202\245\232\313\351"
 794      E4176535 
 794      109082A5 
 794      9ACBE9
 795 023c 14E893BD 		.ascii	"\024\350\223\275\276\022\237\252\211\341P$xPP5\341\260"
 795      BE129FAA 
 795      89E15024 
 795      78505035 
 795      E1B0
 796 024e 14F2A911 		.ascii	"\024\362\251\021M\260\316\330\177Q\016\224:e\276h\327"
 796      4DB0CED8 
 796      7F510E94 
 796      3A65BE68 
 796      D7
 797 025f BE9C42F7 		.ascii	"\276\234B\367fX\275`\323\351\312w\225\345m\222\267@"
 797      6658BD60 
 797      D3E9CA77 
 797      95E56D92 
 797      B740
 798 0271 B2268B41 		.ascii	"\262&\213A)\2400\331+\205\226SP\026\011\312a\237\032"
 798      29A030D9 
 798      2B859653 
 798      501609CA 
 798      619F1A
 799 0284 CCDC2A69 		.ascii	"\314\334*i\212G9\024Q\202a\237\344\367\204C\212\024"
 799      8A473914 
 799      5182619F 
 799      E4F78443 
 799      8A14
 800 0296 48B53CC8 		.ascii	"H\265<\310B\014\027\013^5\240\010!\265D\330&\205%!\250"
 800      420C170B 
 800      5E35A008 
 800      21B544D8 
 800      26852521 
ARM GAS  /tmp/ccbYE7tB.s 			page 21


 801 02ab 8ADA91A0 		.ascii	"\212\332\221\240,\024\232\225\355\366\330\263'\034)"
 801      2C149A95 
 801      EDF6D8B3 
 801      271C29
 802 02ba F5A94285 		.ascii	"\365\251B\205\032:\250\225K\262\222\250\327\263wg~\236"
 802      1A3AA895 
 802      4BB292A8 
 802      D7B37767 
 802      7E9E
 803 02cc 5854BC63 		.ascii	"XT\274c\253X\346\013\005*\244\220\"\300\306\177\277"
 803      AB58E60B 
 803      052AA490 
 803      22C0C67F 
 803      BF
 804 02dd 99D30B2B 		.ascii	"\231\323\013+<\346\242\320\356\212\373\177\233\002\277"
 804      3CE6A2D0 
 804      EE8AFB7F 
 804      9B02BF
 805 02ec 01F5AD8A 		.ascii	"\001\365\255\212V"
 805      56
 806              		.text
 807              		.section	.gnu.lto_.symtab.d2e1c522a1988ea5,"e",%progbits
 808 0000 7368656C 		.ascii	"shell_local_commands\000"
 808      6C5F6C6F 
 808      63616C5F 
 808      636F6D6D 
 808      616E6473 
 809 0015 00       		.ascii	"\000"
 810 0016 00       		.ascii	"\000"
 811 0017 00       		.ascii	"\000"
 812 0018 00000000 		.ascii	"\000\000\000\000\000\000\000\000"
 812      00000000 
 813 0020 DD000000 		.ascii	"\335\000\000\000"
 814              		.text
 815              		.section	.gnu.lto_.ext_symtab.d2e1c522a1988ea5,"e",%progbits
 816 0000 01       		.ascii	"\001"
 817 0001 02       		.ascii	"\002"
 818 0002 00       		.ascii	"\000"
 819              		.text
 820              		.section	.gnu.lto_.opts,"e",%progbits
 821 0000 272D666E 		.ascii	"'-fno-openmp' '-fno-openacc' '-fno-pie' '-fcf-prote"
 821      6F2D6F70 
 821      656E6D70 
 821      2720272D 
 821      666E6F2D 
 822 0033 6374696F 		.ascii	"ction=none' '-g' '-mcpu=cortex-m4' '-mthumb' '-mflo"
 822      6E3D6E6F 
 822      6E652720 
 822      272D6727 
 822      20272D6D 
 823 0066 61742D61 		.ascii	"at-abi=soft' '-mlibarch=armv7e-m' '-march=armv7e-m'"
 823      62693D73 
 823      6F667427 
 823      20272D6D 
 823      6C696261 
 824 0099 20272D4F 		.ascii	" '-O2' '-fomit-frame-pointer' '-falign-functions=16"
 824      32272027 
ARM GAS  /tmp/ccbYE7tB.s 			page 22


 824      2D666F6D 
 824      69742D66 
 824      72616D65 
 825 00cc 2720272D 		.ascii	"' '-ffunction-sections' '-fdata-sections' '-fno-com"
 825      6666756E 
 825      6374696F 
 825      6E2D7365 
 825      6374696F 
 826 00ff 6D6F6E27 		.ascii	"mon' '-flto' '-Xassembler' '-alms=./build/lst/shell"
 826      20272D66 
 826      6C746F27 
 826      20272D58 
 826      61737365 
 827 0132 5F636D64 		.ascii	"_cmd.lst'\000"
 827      2E6C7374 
 827      2700
 828              		.text
 829              		.comm	__gnu_lto_slim,1,1
 830              		.ident	"GCC: (Arm GNU Toolchain 11.3.Rel1) 11.3.1 20220712"
ARM GAS  /tmp/ccbYE7tB.s 			page 23


DEFINED SYMBOLS
                            *ABS*:0000000000000000 shell_cmd.c
     /tmp/ccbYE7tB.s:26     .gnu.debuglto_.debug_info:0000000000000000 shell_cmd.c.030f26c8
                            *COM*:0000000000000001 __gnu_lto_slim

NO UNDEFINED SYMBOLS
